[2026-04-18T00:41:22Z] session=audit-air-mentor-ui-overnight-overnight-watchdog
[2026-04-18T00:41:22Z] command_file=/home/raed/projects/air-mentor-ui/audit-map/31-queues/audit-air-mentor-ui-overnight-overnight-watchdog.command.sh
[2026-04-18T00:41:22Z] watchdog-start duration_seconds=0 interval_seconds=600 shutdown_on_complete=1 log=/home/raed/projects/air-mentor-ui/audit-map/22-logs/audit-air-mentor-ui-overnight-night-run-orchestrator.watchdog.20260418T004122Z.log
[2026-04-18T00:41:23Z] iteration=1 orchestrator_state=running queue_pass=truth-drift-reconciliation-pass queue_session=audit-air-mentor-ui-bootstrap-truth-drift-reconciliation-pass pass_state=running
[2026-04-18T00:51:24Z] iteration=2 orchestrator_state=running queue_pass=truth-drift-reconciliation-pass queue_session=audit-air-mentor-ui-bootstrap-truth-drift-reconciliation-pass pass_state=running
[2026-04-18T01:01:24Z] iteration=3 orchestrator_state=running queue_pass=feature-intent-integrity-pass queue_session=audit-air-mentor-ui-bootstrap-feature-intent-integrity-pass pass_state=running
[2026-04-18T01:11:25Z] iteration=4 orchestrator_state=running queue_pass=feature-intent-integrity-pass queue_session=audit-air-mentor-ui-bootstrap-feature-intent-integrity-pass pass_state=running
[2026-04-18T01:21:25Z] iteration=5 orchestrator_state=running queue_pass=cross-flow-recovery-pass queue_session=audit-air-mentor-ui-bootstrap-cross-flow-recovery-pass pass_state=running
[2026-04-18T01:31:26Z] iteration=6 orchestrator_state=running queue_pass=cross-flow-recovery-pass queue_session=audit-air-mentor-ui-bootstrap-cross-flow-recovery-pass pass_state=running
[2026-04-18T01:41:26Z] iteration=7 orchestrator_state=running queue_pass=fault-tolerance-degradation-pass queue_session=audit-air-mentor-ui-bootstrap-fault-tolerance-degradation-pass pass_state=running
[2026-04-18T01:51:27Z] iteration=8 orchestrator_state=running queue_pass=fault-tolerance-degradation-pass queue_session=audit-air-mentor-ui-bootstrap-fault-tolerance-degradation-pass pass_state=running
[2026-04-18T02:01:28Z] iteration=9 orchestrator_state=running queue_pass=fault-tolerance-degradation-pass queue_session=audit-air-mentor-ui-bootstrap-fault-tolerance-degradation-pass pass_state=running
[2026-04-18T02:11:28Z] iteration=10 orchestrator_state=running queue_pass=memory-lifecycle-cleanup-pass queue_session=audit-air-mentor-ui-bootstrap-memory-lifecycle-cleanup-pass pass_state=running
[2026-04-18T02:21:29Z] iteration=11 orchestrator_state=running queue_pass=memory-lifecycle-cleanup-pass queue_session=audit-air-mentor-ui-bootstrap-memory-lifecycle-cleanup-pass pass_state=running
[2026-04-18T02:31:29Z] iteration=12 orchestrator_state=running queue_pass=ux-consistency-cohesion-pass queue_session=audit-air-mentor-ui-bootstrap-ux-consistency-cohesion-pass pass_state=running
[2026-04-18T02:41:30Z] iteration=13 orchestrator_state=running queue_pass=ux-consistency-cohesion-pass queue_session=audit-air-mentor-ui-bootstrap-ux-consistency-cohesion-pass pass_state=running
[2026-04-18T02:51:31Z] iteration=14 orchestrator_state=running queue_pass=ux-consistency-cohesion-pass queue_session=audit-air-mentor-ui-bootstrap-ux-consistency-cohesion-pass pass_state=running
[2026-04-18T03:01:31Z] iteration=15 orchestrator_state=running queue_pass=cost-optimization-pass queue_session=audit-air-mentor-ui-bootstrap-cost-optimization-pass pass_state=running
[2026-04-18T03:11:32Z] iteration=16 orchestrator_state=running queue_pass=cost-optimization-pass queue_session=audit-air-mentor-ui-bootstrap-cost-optimization-pass pass_state=running
[2026-04-18T03:21:32Z] iteration=17 orchestrator_state=running queue_pass=cost-optimization-pass queue_session=audit-air-mentor-ui-bootstrap-cost-optimization-pass pass_state=completed
