[2026-03-29T22:49:46Z] cwd=/home/raed/projects/air-mentor-ui
[2026-03-29T22:49:46Z] command=bash -lc while\ tmux\ has-session\ -t\ airmentor-predeploy-build-20260329T224931Z\ 2\>/dev/null\;\ do\ sleep\ 5\;\ done\;\ tail\ -n\ 80\ /home/raed/projects/air-mentor-ui/output/detached/airmentor-predeploy-build-20260329T224931Z.log 
[2026-03-29T22:49:32Z] cwd=/home/raed/projects/air-mentor-ui
[2026-03-29T22:49:32Z] command=bash -lc npm\ run\ build\ \&\&\ npm\ --workspace\ air-mentor-api\ run\ build 

> air-mentor-ui@0.0.0 build
> tsc -b && vite build

vite v7.3.1 building client environment for production...
transforming...
✓ 2181 modules transformed.
rendering chunks...
computing gzip size...
dist/index.html                           0.79 kB │ gzip:  0.38 kB
dist/assets/index-BFfuiCzL.css           10.12 kB │ gzip:  2.50 kB
dist/assets/icons-vendor-CepHMY_q.js      8.25 kB │ gzip:  3.20 kB
dist/assets/risk-explorer-D9gcIzot.js    23.11 kB │ gzip:  5.69 kB
dist/assets/student-shell-1N8_tmHt.js    26.68 kB │ gzip:  6.07 kB
dist/assets/hod-pages-DL1kji4H.js        32.27 kB │ gzip:  7.09 kB
dist/assets/course-pages-BGht37CS.js     34.76 kB │ gzip:  7.97 kB
dist/assets/workflow-pages-7fEZbAQw.js   35.30 kB │ gzip:  8.30 kB
dist/assets/calendar-pages-9kGNQ96k.js   59.61 kB │ gzip: 13.94 kB
dist/assets/app-shared-CEn326ZF.js      107.33 kB │ gzip: 30.01 kB
dist/assets/motion-vendor-CvHdYO5Q.js   123.99 kB │ gzip: 40.77 kB
dist/assets/react-vendor-Ah1pgjPn.js    192.35 kB │ gzip: 60.21 kB
dist/assets/index-DizoFCss.js           193.96 kB │ gzip: 49.17 kB
✓ built in 2.05s

> air-mentor-api@0.1.0 build
> tsc -p tsconfig.build.json

[2026-03-29T22:49:49Z] exit=0
[2026-03-29T22:49:51Z] exit=0
