[2026-04-01T18:30:11Z] cwd=/home/raed/projects/air-mentor-ui
[2026-04-01T18:30:11Z] command=env AIRMENTOR_LIVE_SYSTEM_ADMIN_IDENTIFIER=sysadmin AIRMENTOR_LIVE_SYSTEM_ADMIN_PASSWORD=admin1234 PLAYWRIGHT_APP_URL=https://raed2180416.github.io/AirMentor/ PLAYWRIGHT_API_URL=https://api-production-ab72.up.railway.app/ AIRMENTOR_LIVE_STACK=1 AIRMENTOR_TEACHING_PARITY_ARTIFACT_PREFIX=08a-live-teaching npm run playwright:admin-live:teaching-parity 

> air-mentor-ui@0.0.0 playwright:admin-live:teaching-parity
> bash scripts/playwright-admin-live-teaching-parity.sh

warning: Git tree '/home/raed/projects/air-mentor-ui' is dirty
AirMentor dev shell ready.
Playwright is available through the wrapped Nix runtime.
Python is available for the curriculum linkage helper.
Try: playwright --version
Smoke: bash scripts/playwright-smoke.sh http://127.0.0.1:5173
Running sysadmin -> teaching parity smoke...
Frontend URL: https://raed2180416.github.io/AirMentor/
Backend URL: https://api-production-ab72.up.railway.app/
System admin -> teaching parity smoke failed. Screenshot: /home/raed/projects/air-mentor-ui/output/playwright/system-admin-teaching-parity-smoke-failure.png
Prefixed teaching-parity failure artifacts:
- report: /home/raed/projects/air-mentor-ui/output/playwright/08a-live-teaching-system-admin-teaching-parity-smoke-failure.json
- screenshot: /home/raed/projects/air-mentor-ui/output/playwright/08a-live-teaching-system-admin-teaching-parity-smoke-failure.png
node:internal/modules/run_main:107
    triggerUncaughtException(
    ^

page.waitForFunction: Timeout 30000ms exceeded.
    at waitForFacultyCanonicalState (/home/raed/projects/air-mentor-ui/scripts/system-admin-teaching-parity-smoke.mjs:80:14)
    at /home/raed/projects/air-mentor-ui/scripts/system-admin-teaching-parity-smoke.mjs:266:9 {
  name: 'TimeoutError'
}

Node.js v24.13.0
