[2026-04-01T21:57:35Z] cwd=/home/raed/projects/air-mentor-ui
[2026-04-01T21:57:35Z] command=npm run verify:final-closeout:live 

> air-mentor-ui@0.0.0 verify:final-closeout:live
> bash scripts/verify-final-closeout-live.sh


> air-mentor-ui@0.0.0 inventory:compat-routes
> node scripts/report-compat-route-callers.mjs --assert-runtime-clean

# Academic Compatibility Route Inventory

Generated: 2026-04-01T21:57:35.824Z

## /api/academic/runtime/:stateKey

- first-party runtime callers: none
- route-definition:
  - air-mentor-api/src/modules/academic-runtime-routes.ts:544
  - air-mentor-api/src/modules/academic-runtime-routes.ts:555
- tests:
  - air-mentor-api/tests/__snapshots__/openapi.test.ts.snap:30
  - air-mentor-api/tests/academic-runtime-narrow-routes.test.ts:376
  - air-mentor-api/tests/academic-runtime-narrow-routes.test.ts:423
  - air-mentor-api/tests/academic-runtime-narrow-routes.test.ts:433
  - air-mentor-api/tests/academic-runtime-narrow-routes.test.ts:448
  - air-mentor-api/tests/academic-runtime-narrow-routes.test.ts:547
  - air-mentor-api/tests/academic-runtime-narrow-routes.test.ts:553
  - air-mentor-api/tests/academic-runtime-narrow-routes.test.ts:561
- audit-docs:
  - audit/06-api-and-integration-audit.md:71
  - audit/08-state-management-and-client-logic-audit.md:22
  - audit/15-issue-catalog-prioritized.md:169
  - audit/22-evidence-appendix-by-issue.md:47
  - audit/22-evidence-appendix-by-issue.md:56
  - audit/25-implementation-spec-AM-003.md:18
  - audit/41-current-state-reconciliation-and-gap-analysis.md:165
  - audit/42-audit-navigation-and-document-status.md:55
  - audit/43-manual-closeout-checklist.md:62
  - audit/44-final-closeout-evidence-2026-03-28.md:87

## /api/academic/tasks/sync

- first-party runtime callers: none
- route-definition:
  - air-mentor-api/src/modules/academic-runtime-routes.ts:104
  - air-mentor-api/src/modules/academic-runtime-routes.ts:633
  - air-mentor-api/src/modules/academic-runtime-routes.ts:643
- tests:
  - air-mentor-api/tests/__snapshots__/openapi.test.ts.snap:40
  - air-mentor-api/tests/academic-parity.test.ts:544
  - air-mentor-api/tests/academic-runtime-narrow-routes.test.ts:253
  - air-mentor-api/tests/academic-runtime-narrow-routes.test.ts:264
  - air-mentor-api/tests/academic-runtime-narrow-routes.test.ts:400
  - air-mentor-api/tests/academic-runtime-narrow-routes.test.ts:408
- audit-docs:
  - audit/06-api-and-integration-audit.md:72
  - audit/15-issue-catalog-prioritized.md:170
  - audit/21-feature-inventory-and-traceability-matrix.md:32
  - audit/22-evidence-appendix-by-issue.md:47
  - audit/22-evidence-appendix-by-issue.md:56
  - audit/41-current-state-reconciliation-and-gap-analysis.md:166
  - audit/43-manual-closeout-checklist.md:63
  - audit/44-final-closeout-evidence-2026-03-28.md:88

## /api/academic/task-placements/sync

- first-party runtime callers: none
- route-definition:
  - air-mentor-api/src/modules/academic-runtime-routes.ts:105
  - air-mentor-api/src/modules/academic-runtime-routes.ts:691
  - air-mentor-api/src/modules/academic-runtime-routes.ts:701
- tests:
  - air-mentor-api/tests/__snapshots__/openapi.test.ts.snap:37
  - air-mentor-api/tests/academic-parity.test.ts:552
  - air-mentor-api/tests/academic-runtime-narrow-routes.test.ts:277
- audit-docs:
  - audit/06-api-and-integration-audit.md:73
  - audit/15-issue-catalog-prioritized.md:171
  - audit/21-feature-inventory-and-traceability-matrix.md:33
  - audit/22-evidence-appendix-by-issue.md:56
  - audit/41-current-state-reconciliation-and-gap-analysis.md:167
  - audit/43-manual-closeout-checklist.md:64
  - audit/44-final-closeout-evidence-2026-03-28.md:89

## /api/academic/calendar-audit/sync

- first-party runtime callers: none
- route-definition:
  - air-mentor-api/src/modules/academic-runtime-routes.ts:106
  - air-mentor-api/src/modules/academic-runtime-routes.ts:771
  - air-mentor-api/src/modules/academic-runtime-routes.ts:780
- tests:
  - air-mentor-api/tests/__snapshots__/openapi.test.ts.snap:8
  - air-mentor-api/tests/academic-parity.test.ts:573
  - air-mentor-api/tests/academic-runtime-narrow-routes.test.ts:292
- audit-docs:
  - audit/06-api-and-integration-audit.md:74
  - audit/15-issue-catalog-prioritized.md:172
  - audit/21-feature-inventory-and-traceability-matrix.md:33
  - audit/22-evidence-appendix-by-issue.md:56
  - audit/41-current-state-reconciliation-and-gap-analysis.md:168
  - audit/43-manual-closeout-checklist.md:65
  - audit/44-final-closeout-evidence-2026-03-28.md:90

Skipping Railway deploy preflight because Railway auth/context is not configured.

> air-mentor-api@0.1.0 verify:live-session-contract
> node ../scripts/check-railway-deploy-readiness.mjs session-contract

Railway live session-contract verification passed after 1 attempt(s). Report: output/railway-live-session-contract.json

> air-mentor-ui@0.0.0 verify:proof-closure:live
> AIRMENTOR_LIVE_STACK=1 bash scripts/playwright-admin-live-proof-risk-smoke.sh

warning: Git tree '/home/raed/projects/air-mentor-ui' is dirty
AirMentor dev shell ready.
Playwright is available through the wrapped Nix runtime.
Python is available for the curriculum linkage helper.
Try: playwright --version
Smoke: bash scripts/playwright-smoke.sh http://127.0.0.1:5173
Running system admin proof-risk smoke...
Frontend URL: https://raed2180416.github.io/AirMentor/
Backend URL: https://api-production-ab72.up.railway.app/
[smoke] step: login-system-admin
[browser:info] {"type":"airmentor-client-event","name":"startup.diagnostic","level":"info","timestamp":"2026-04-01T21:57:39.127Z","details":{"workspace":"system-admin","level":"info","code":"FRONTEND_STARTUP_MODE","message":"Running with production-like frontend origin expectations."}}
[smoke:session-request] GET https://api-production-ab72.up.railway.app/api/session cookie=missing
[browser:info] {"type":"airmentor-client-event","name":"startup.ready","level":"info","timestamp":"2026-04-01T21:57:39.127Z","details":{"workspace":"system-admin","apiBaseUrl":"https://api-production-ab72.up.railway.app","telemetrySinkConfigured":false,"diagnosticCount":1,"errorCount":0}}
[smoke:session-response] 401 https://api-production-ab72.up.railway.app/api/session set-cookie=missing body={"error":"UNAUTHORIZED","message":"Authentication required"}
[smoke:session-request] POST https://api-production-ab72.up.railway.app/api/session/login cookie=missing
[smoke:session-response] 200 https://api-production-ab72.up.railway.app/api/session/login set-cookie=present
[smoke:session-request] GET https://api-production-ab72.up.railway.app/api/session cookie=present
[smoke:session-response] 200 https://api-production-ab72.up.railway.app/api/session set-cookie=present
[smoke] cookies after login: [{"name":"airmentor_session","value":"session_17180738-7f37-4426-b221-a9c6be683bff","domain":"api-production-ab72.up.railway.app","path":"/","expires":1775685464.868,"httpOnly":true,"secure":true,"sameSite":"None"},{"name":"airmentor_csrf","value":"bxTIeEa1b9if-xKi8Z3rT_3zB0nHllJNoyAPXmgCpmo","domain":"api-production-ab72.up.railway.app","path":"/","expires":1775685464.868,"httpOnly":false,"secure":true,"sameSite":"None"}]
[smoke] live proof route pinned to seeded batch: batch=batch_branch_mnc_btech_2023 checkpoints=30 proofRuns=1 imports=2
[smoke] step: activate-proof-semester
[smoke] proof dashboard before prewarm: imports=2 activeRun=sim_mnc_2023_first6_v1 checkpoints=30
[smoke] activated proof operational semester 1 for run sim_mnc_2023_first6_v1 (previous=4)
[smoke] activation request artifact: /home/raed/projects/air-mentor-ui/output/playwright/system-admin-proof-semester-activation-live-request.json
[smoke] activation response artifact: /home/raed/projects/air-mentor-ui/output/playwright/system-admin-proof-semester-activation-live-response.json
[smoke] step: open-seeded-proof-route
[smoke] opening seeded proof route: https://raed2180416.github.io/AirMentor/#/admin/faculties/academic_faculty_engineering_and_technology/departments/dept_cse/branches/branch_mnc_btech/batches/batch_branch_mnc_btech_2023
[smoke] checkpoint playback missing, verifying proof controls and prewarming through admin endpoints
[browser:info] {"type":"airmentor-client-event","name":"proof.checkpoint.readiness","level":"info","timestamp":"2026-04-01T21:58:03.452Z","details":{"workspace":"system-admin","simulationRunId":"sim_mnc_2023_first6_v1","simulationStageCheckpointId":"stage_checkpoint_e22816d896f73351902c3e1e","stageLabel":"Pre TT1","playbackAccessible":true,"stageAdvanceBlocked":false,"blockingQueueItemCount":0,"canStepForward":true,"canPlayToEnd":false}}
[smoke] proof dashboard before prewarm: imports=2 activeRun=sim_mnc_2023_first6_v1 checkpoints=30
[smoke] reopening seeded proof route after server-side prewarm: https://raed2180416.github.io/AirMentor/?proof-reload=1775080685499#/admin/faculties/academic_faculty_engineering_and_technology/departments/dept_cse/branches/branch_mnc_btech/batches/batch_branch_mnc_btech_2023
[browser:info] {"type":"airmentor-client-event","name":"startup.diagnostic","level":"info","timestamp":"2026-04-01T21:58:05.596Z","details":{"workspace":"system-admin","level":"info","code":"FRONTEND_STARTUP_MODE","message":"Running with production-like frontend origin expectations."}}
[browser:info] {"type":"airmentor-client-event","name":"startup.ready","level":"info","timestamp":"2026-04-01T21:58:05.596Z","details":{"workspace":"system-admin","apiBaseUrl":"https://api-production-ab72.up.railway.app","telemetrySinkConfigured":false,"diagnosticCount":1,"errorCount":0}}
[smoke:session-request] GET https://api-production-ab72.up.railway.app/api/session cookie=present
[smoke:session-response] 200 https://api-production-ab72.up.railway.app/api/session set-cookie=present
[browser:info] {"type":"airmentor-client-event","name":"auth.session.restored","level":"info","timestamp":"2026-04-01T21:58:05.701Z","details":{"workspace":"system-admin","sessionId":"session_17180738-7f37-4426-b221-a9c6be683bff","facultyId":"fac_sysadmin","activeRole":"SYSTEM_ADMIN"}}
[browser:info] {"type":"airmentor-client-event","name":"proof.checkpoint.readiness","level":"info","timestamp":"2026-04-01T21:58:12.791Z","details":{"workspace":"system-admin","simulationRunId":"sim_mnc_2023_first6_v1","simulationStageCheckpointId":"stage_checkpoint_e22816d896f73351902c3e1e","stageLabel":"Pre TT1","playbackAccessible":true,"stageAdvanceBlocked":false,"blockingQueueItemCount":0,"canStepForward":true,"canPlayToEnd":false}}
[smoke] step: select-target-checkpoint
[browser:warning] {"type":"airmentor-client-event","name":"proof.checkpoint.readiness","level":"warn","timestamp":"2026-04-01T21:58:16.624Z","details":{"workspace":"system-admin","simulationRunId":"sim_mnc_2023_first6_v1","simulationStageCheckpointId":"stage_checkpoint_654335929a345857eab259b0","stageLabel":"Post SEE","playbackAccessible":false,"stageAdvanceBlocked":true,"blockingQueueItemCount":10,"canStepForward":false,"canPlayToEnd":false}}
[smoke] stored playback selection: {"simulationRunId":"sim_mnc_2023_first6_v1","simulationStageCheckpointId":"stage_checkpoint_654335929a345857eab259b0","updatedAt":"2026-04-01T21:58:16.625Z"}
[smoke] selected checkpoint banner: Selected checkpoint: semester 6 · Post SEE · Checkpoint after SEE evidence is present and locked. This is the end-of-semester progression gate.. Playback progression is blocked until all queue items at this checkpoint are resolved.
[smoke] step: reload-system-admin-proof-route
[smoke] refreshing seeded proof route: https://raed2180416.github.io/AirMentor/?proof-reload=1775080696775#/admin/faculties/academic_faculty_engineering_and_technology/departments/dept_cse/branches/branch_mnc_btech/batches/batch_branch_mnc_btech_2023
[browser:info] {"type":"airmentor-client-event","name":"startup.diagnostic","level":"info","timestamp":"2026-04-01T21:58:16.874Z","details":{"workspace":"system-admin","level":"info","code":"FRONTEND_STARTUP_MODE","message":"Running with production-like frontend origin expectations."}}
[browser:info] {"type":"airmentor-client-event","name":"startup.ready","level":"info","timestamp":"2026-04-01T21:58:16.876Z","details":{"workspace":"system-admin","apiBaseUrl":"https://api-production-ab72.up.railway.app","telemetrySinkConfigured":false,"diagnosticCount":1,"errorCount":0}}
[smoke:session-request] GET https://api-production-ab72.up.railway.app/api/session cookie=present
[smoke:session-response] 200 https://api-production-ab72.up.railway.app/api/session set-cookie=present
[browser:info] {"type":"airmentor-client-event","name":"auth.session.restored","level":"info","timestamp":"2026-04-01T21:58:16.965Z","details":{"workspace":"system-admin","sessionId":"session_17180738-7f37-4426-b221-a9c6be683bff","facultyId":"fac_sysadmin","activeRole":"SYSTEM_ADMIN"}}
[smoke] step: reopen-seeded-proof-route-after-reload
[smoke] opening seeded proof route: https://raed2180416.github.io/AirMentor/#/admin/faculties/academic_faculty_engineering_and_technology/departments/dept_cse/branches/branch_mnc_btech/batches/batch_branch_mnc_btech_2023
[browser:info] {"type":"airmentor-client-event","name":"startup.diagnostic","level":"info","timestamp":"2026-04-01T21:58:18.350Z","details":{"workspace":"system-admin","level":"info","code":"FRONTEND_STARTUP_MODE","message":"Running with production-like frontend origin expectations."}}
[browser:info] {"type":"airmentor-client-event","name":"startup.ready","level":"info","timestamp":"2026-04-01T21:58:18.350Z","details":{"workspace":"system-admin","apiBaseUrl":"https://api-production-ab72.up.railway.app","telemetrySinkConfigured":false,"diagnosticCount":1,"errorCount":0}}
[smoke:session-request] GET https://api-production-ab72.up.railway.app/api/session cookie=present
[smoke:session-response] 200 https://api-production-ab72.up.railway.app/api/session set-cookie=present
[browser:info] {"type":"airmentor-client-event","name":"auth.session.restored","level":"info","timestamp":"2026-04-01T21:58:19.363Z","details":{"workspace":"system-admin","sessionId":"session_17180738-7f37-4426-b221-a9c6be683bff","facultyId":"fac_sysadmin","activeRole":"SYSTEM_ADMIN"}}
[smoke] opening seeded proof batch overview tab
[smoke] checkpoint playback missing, verifying proof controls and prewarming through admin endpoints
[browser:warning] {"type":"airmentor-client-event","name":"proof.checkpoint.readiness","level":"warn","timestamp":"2026-04-01T21:58:29.275Z","details":{"workspace":"system-admin","simulationRunId":"sim_mnc_2023_first6_v1","simulationStageCheckpointId":"stage_checkpoint_654335929a345857eab259b0","stageLabel":"Post SEE","playbackAccessible":false,"stageAdvanceBlocked":true,"blockingQueueItemCount":10,"canStepForward":false,"canPlayToEnd":false}}
[smoke] proof dashboard before prewarm: imports=2 activeRun=sim_mnc_2023_first6_v1 checkpoints=30
[smoke] reopening seeded proof route after server-side prewarm: https://raed2180416.github.io/AirMentor/?proof-reload=1775080712160#/admin/faculties/academic_faculty_engineering_and_technology/departments/dept_cse/branches/branch_mnc_btech/batches/batch_branch_mnc_btech_2023
[browser:info] {"type":"airmentor-client-event","name":"startup.diagnostic","level":"info","timestamp":"2026-04-01T21:58:32.238Z","details":{"workspace":"system-admin","level":"info","code":"FRONTEND_STARTUP_MODE","message":"Running with production-like frontend origin expectations."}}
[browser:info] {"type":"airmentor-client-event","name":"startup.ready","level":"info","timestamp":"2026-04-01T21:58:32.238Z","details":{"workspace":"system-admin","apiBaseUrl":"https://api-production-ab72.up.railway.app","telemetrySinkConfigured":false,"diagnosticCount":1,"errorCount":0}}
[smoke:session-request] GET https://api-production-ab72.up.railway.app/api/session cookie=present
[smoke:session-response] 200 https://api-production-ab72.up.railway.app/api/session set-cookie=present
[browser:info] {"type":"airmentor-client-event","name":"auth.session.restored","level":"info","timestamp":"2026-04-01T21:58:32.314Z","details":{"workspace":"system-admin","sessionId":"session_17180738-7f37-4426-b221-a9c6be683bff","facultyId":"fac_sysadmin","activeRole":"SYSTEM_ADMIN"}}
[browser:warning] {"type":"airmentor-client-event","name":"proof.checkpoint.readiness","level":"warn","timestamp":"2026-04-01T21:58:38.720Z","details":{"workspace":"system-admin","simulationRunId":"sim_mnc_2023_first6_v1","simulationStageCheckpointId":"stage_checkpoint_654335929a345857eab259b0","stageLabel":"Post SEE","playbackAccessible":false,"stageAdvanceBlocked":true,"blockingQueueItemCount":10,"canStepForward":false,"canPlayToEnd":false}}
[smoke] stored playback selection: {"simulationRunId":"sim_mnc_2023_first6_v1","simulationStageCheckpointId":"stage_checkpoint_654335929a345857eab259b0","updatedAt":"2026-04-01T21:58:16.625Z"}
[smoke] selected checkpoint banner: Selected checkpoint: semester 6 · Post SEE · Checkpoint after SEE evidence is present and locked. This is the end-of-semester progression gate.. Playback progression is blocked until all queue items at this checkpoint are resolved.
[smoke] step: restore-proof-semester
[smoke] restored proof operational semester 4 for run sim_mnc_2023_first6_v1
[smoke] step: logout-system-admin
[smoke:session-request] DELETE https://api-production-ab72.up.railway.app/api/session cookie=present
[smoke:session-response] 200 https://api-production-ab72.up.railway.app/api/session set-cookie=present
[smoke] step: login-academic-portal
[browser:info] {"type":"airmentor-client-event","name":"startup.diagnostic","level":"info","timestamp":"2026-04-01T21:58:47.371Z","details":{"workspace":"academic","level":"info","code":"FRONTEND_STARTUP_MODE","message":"Running with production-like frontend origin expectations."}}
[browser:info] {"type":"airmentor-client-event","name":"startup.ready","level":"info","timestamp":"2026-04-01T21:58:47.372Z","details":{"workspace":"academic","apiBaseUrl":"https://api-production-ab72.up.railway.app","telemetrySinkConfigured":false,"diagnosticCount":1,"errorCount":0}}
[smoke:session-request] GET https://api-production-ab72.up.railway.app/api/session cookie=missing
[smoke:session-response] 401 https://api-production-ab72.up.railway.app/api/session set-cookie=missing body={"error":"UNAUTHORIZED","message":"Authentication required"}
[smoke:session-request] POST https://api-production-ab72.up.railway.app/api/session/login cookie=missing
[smoke] step: switch-to-course-leader
[smoke:session-response] 200 https://api-production-ab72.up.railway.app/api/session/login set-cookie=present
[smoke:session-request] GET https://api-production-ab72.up.railway.app/api/session cookie=present
[smoke:session-response] 200 https://api-production-ab72.up.railway.app/api/session set-cookie=present
[smoke:academic-request] GET https://api-production-ab72.up.railway.app/api/academic/bootstrap?simulationStageCheckpointId=stage_checkpoint_654335929a345857eab259b0
[smoke:academic-response] 200 https://api-production-ab72.up.railway.app/api/academic/bootstrap?simulationStageCheckpointId=stage_checkpoint_654335929a345857eab259b0
[browser:info] {"type":"airmentor-client-event","name":"proof.playback.restored","level":"info","timestamp":"2026-04-01T21:58:49.554Z","details":{"workspace":"academic","simulationStageCheckpointId":"stage_checkpoint_654335929a345857eab259b0","semesterLabel":"Semester 6","stageLabel":"Post SEE"}}
[smoke] step: open-faculty-proof-panel
[smoke] step: open-teacher-risk-explorer
[smoke] Teacher proof panel has no row-backed monitoring or elective-fit entries at this checkpoint; skipping teacher-specific risk-explorer and student-shell subflow.
[smoke] step: switch-to-hod
[smoke:session-request] POST https://api-production-ab72.up.railway.app/api/session/role-context cookie=present
[smoke:session-response] 200 https://api-production-ab72.up.railway.app/api/session/role-context set-cookie=present
[smoke:session-request] GET https://api-production-ab72.up.railway.app/api/session cookie=present
[smoke:session-response] 200 https://api-production-ab72.up.railway.app/api/session set-cookie=present
[smoke:academic-request] GET https://api-production-ab72.up.railway.app/api/academic/bootstrap?simulationStageCheckpointId=stage_checkpoint_654335929a345857eab259b0
[smoke:academic-request] GET https://api-production-ab72.up.railway.app/api/academic/hod/proof-bundle?simulationStageCheckpointId=stage_checkpoint_654335929a345857eab259b0
[smoke:academic-response] 200 https://api-production-ab72.up.railway.app/api/academic/bootstrap?simulationStageCheckpointId=stage_checkpoint_654335929a345857eab259b0
[browser:info] {"type":"airmentor-client-event","name":"proof.playback.restored","level":"info","timestamp":"2026-04-01T21:58:52.206Z","details":{"workspace":"academic","simulationStageCheckpointId":"stage_checkpoint_654335929a345857eab259b0","semesterLabel":"Semester 6","stageLabel":"Post SEE"}}
[browser] page closed unexpectedly
[browser] browser disconnected unexpectedly
[smoke] current step: switch-to-hod
[smoke] failure url: https://raed2180416.github.io/AirMentor/?proof-reload=1775080712160#/app
node:internal/modules/run_main:107
    triggerUncaughtException(
    ^

page.waitForTimeout: Target page, context or browser has been closed
    at waitForSurfaceAfterOptionalLoading (/home/raed/projects/air-mentor-ui/scripts/system-admin-proof-risk-smoke.mjs:271:16)
    at async file:///home/raed/projects/air-mentor-ui/scripts/system-admin-proof-risk-smoke.mjs:1123:31

Node.js v24.13.0
