[2026-03-30T09:10:57Z] cwd=/home/raed/projects/air-mentor-ui
[2026-03-30T09:10:57Z] command=gh run watch 23736976783 --exit-status 
Refreshing run status every 3 seconds. Press Ctrl+C to quit.

* main Deploy API to Railway · 23736976783
Triggered via push less than a minute ago

JOBS
* deploy (ID 69144083638)
Refreshing run status every 3 seconds. Press Ctrl+C to quit.

* main Deploy API to Railway · 23736976783
Triggered via push less than a minute ago

JOBS
* deploy (ID 69144083638)
  ✓ Set up job
  ✓ Checkout
  * Setup Node
  * Check Railway configuration
  * Install dependencies
  * Build API
  * Install Railway CLI
  * Railway deploy preflight
  * Deploy to Railway
  * Verify Railway health
  * Railway health verification not configured
  * Verify Railway live session contract
  * Railway live session contract verification not configured
  * Capture Railway failure diagnostics
  * Upload Railway diagnostics
  * Railway deployment not configured
  * Post Setup Node
  * Post Checkout
Refreshing run status every 3 seconds. Press Ctrl+C to quit.

* main Deploy API to Railway · 23736976783
Triggered via push less than a minute ago

JOBS
* deploy (ID 69144083638)
  ✓ Set up job
  ✓ Checkout
  ✓ Setup Node
  ✓ Check Railway configuration
  * Install dependencies
  * Build API
  * Install Railway CLI
  * Railway deploy preflight
  * Deploy to Railway
  * Verify Railway health
  * Railway health verification not configured
  * Verify Railway live session contract
  * Railway live session contract verification not configured
  * Capture Railway failure diagnostics
  * Upload Railway diagnostics
  * Railway deployment not configured
  * Post Setup Node
  * Post Checkout
Refreshing run status every 3 seconds. Press Ctrl+C to quit.

* main Deploy API to Railway · 23736976783
Triggered via push less than a minute ago

JOBS
* deploy (ID 69144083638)
  ✓ Set up job
  ✓ Checkout
  ✓ Setup Node
  ✓ Check Railway configuration
  ✓ Install dependencies
  * Build API
  * Install Railway CLI
  * Railway deploy preflight
  * Deploy to Railway
  * Verify Railway health
  * Railway health verification not configured
  * Verify Railway live session contract
  * Railway live session contract verification not configured
  * Capture Railway failure diagnostics
  * Upload Railway diagnostics
  * Railway deployment not configured
  * Post Setup Node
  * Post Checkout
Refreshing run status every 3 seconds. Press Ctrl+C to quit.

* main Deploy API to Railway · 23736976783
Triggered via push less than a minute ago

JOBS
* deploy (ID 69144083638)
  ✓ Set up job
  ✓ Checkout
  ✓ Setup Node
  ✓ Check Railway configuration
  ✓ Install dependencies
  * Build API
  * Install Railway CLI
  * Railway deploy preflight
  * Deploy to Railway
  * Verify Railway health
  * Railway health verification not configured
  * Verify Railway live session contract
  * Railway live session contract verification not configured
  * Capture Railway failure diagnostics
  * Upload Railway diagnostics
  * Railway deployment not configured
  * Post Setup Node
  * Post Checkout
Refreshing run status every 3 seconds. Press Ctrl+C to quit.

* main Deploy API to Railway · 23736976783
Triggered via push less than a minute ago

JOBS
* deploy (ID 69144083638)
  ✓ Set up job
  ✓ Checkout
  ✓ Setup Node
  ✓ Check Railway configuration
  ✓ Install dependencies
  * Build API
  * Install Railway CLI
  * Railway deploy preflight
  * Deploy to Railway
  * Verify Railway health
  * Railway health verification not configured
  * Verify Railway live session contract
  * Railway live session contract verification not configured
  * Capture Railway failure diagnostics
  * Upload Railway diagnostics
  * Railway deployment not configured
  * Post Setup Node
  * Post Checkout
Refreshing run status every 3 seconds. Press Ctrl+C to quit.

* main Deploy API to Railway · 23736976783
Triggered via push less than a minute ago

JOBS
* deploy (ID 69144083638)
  ✓ Set up job
  ✓ Checkout
  ✓ Setup Node
  ✓ Check Railway configuration
  ✓ Install dependencies
  * Build API
  * Install Railway CLI
  * Railway deploy preflight
  * Deploy to Railway
  * Verify Railway health
  * Railway health verification not configured
  * Verify Railway live session contract
  * Railway live session contract verification not configured
  * Capture Railway failure diagnostics
  * Upload Railway diagnostics
  * Railway deployment not configured
  * Post Setup Node
  * Post Checkout
Refreshing run status every 3 seconds. Press Ctrl+C to quit.

* main Deploy API to Railway · 23736976783
Triggered via push less than a minute ago

JOBS
* deploy (ID 69144083638)
  ✓ Set up job
  ✓ Checkout
  ✓ Setup Node
  ✓ Check Railway configuration
  ✓ Install dependencies
  ✓ Build API
  * Install Railway CLI
  * Railway deploy preflight
  * Deploy to Railway
  * Verify Railway health
  * Railway health verification not configured
  * Verify Railway live session contract
  * Railway live session contract verification not configured
  * Capture Railway failure diagnostics
  * Upload Railway diagnostics
  * Railway deployment not configured
  * Post Setup Node
  * Post Checkout
Refreshing run status every 3 seconds. Press Ctrl+C to quit.

* main Deploy API to Railway · 23736976783
Triggered via push less than a minute ago

JOBS
* deploy (ID 69144083638)
  ✓ Set up job
  ✓ Checkout
  ✓ Setup Node
  ✓ Check Railway configuration
  ✓ Install dependencies
  ✓ Build API
  ✓ Install Railway CLI
  * Railway deploy preflight
  * Deploy to Railway
  * Verify Railway health
  * Railway health verification not configured
  * Verify Railway live session contract
  * Railway live session contract verification not configured
  * Capture Railway failure diagnostics
  * Upload Railway diagnostics
  * Railway deployment not configured
  * Post Setup Node
  * Post Checkout
Refreshing run status every 3 seconds. Press Ctrl+C to quit.

* main Deploy API to Railway · 23736976783
Triggered via push about 1 minute ago

JOBS
* deploy (ID 69144083638)
  ✓ Set up job
  ✓ Checkout
  ✓ Setup Node
  ✓ Check Railway configuration
  ✓ Install dependencies
  ✓ Build API
  ✓ Install Railway CLI
  ✓ Railway deploy preflight
  * Deploy to Railway
  * Verify Railway health
  * Railway health verification not configured
  * Verify Railway live session contract
  * Railway live session contract verification not configured
  * Capture Railway failure diagnostics
  * Upload Railway diagnostics
  * Railway deployment not configured
  * Post Setup Node
  * Post Checkout
Refreshing run status every 3 seconds. Press Ctrl+C to quit.

* main Deploy API to Railway · 23736976783
Triggered via push about 1 minute ago

JOBS
* deploy (ID 69144083638)
  ✓ Set up job
  ✓ Checkout
  ✓ Setup Node
  ✓ Check Railway configuration
  ✓ Install dependencies
  ✓ Build API
  ✓ Install Railway CLI
  ✓ Railway deploy preflight
  * Deploy to Railway
  * Verify Railway health
  * Railway health verification not configured
  * Verify Railway live session contract
  * Railway live session contract verification not configured
  * Capture Railway failure diagnostics
  * Upload Railway diagnostics
  * Railway deployment not configured
  * Post Setup Node
  * Post Checkout
Refreshing run status every 3 seconds. Press Ctrl+C to quit.

* main Deploy API to Railway · 23736976783
Triggered via push about 1 minute ago

JOBS
* deploy (ID 69144083638)
  ✓ Set up job
  ✓ Checkout
  ✓ Setup Node
  ✓ Check Railway configuration
  ✓ Install dependencies
  ✓ Build API
  ✓ Install Railway CLI
  ✓ Railway deploy preflight
  * Deploy to Railway
  * Verify Railway health
  * Railway health verification not configured
  * Verify Railway live session contract
  * Railway live session contract verification not configured
  * Capture Railway failure diagnostics
  * Upload Railway diagnostics
  * Railway deployment not configured
  * Post Setup Node
  * Post Checkout
Refreshing run status every 3 seconds. Press Ctrl+C to quit.

* main Deploy API to Railway · 23736976783
Triggered via push about 1 minute ago

JOBS
* deploy (ID 69144083638)
  ✓ Set up job
  ✓ Checkout
  ✓ Setup Node
  ✓ Check Railway configuration
  ✓ Install dependencies
  ✓ Build API
  ✓ Install Railway CLI
  ✓ Railway deploy preflight
  * Deploy to Railway
  * Verify Railway health
  * Railway health verification not configured
  * Verify Railway live session contract
  * Railway live session contract verification not configured
  * Capture Railway failure diagnostics
  * Upload Railway diagnostics
  * Railway deployment not configured
  * Post Setup Node
  * Post Checkout
Refreshing run status every 3 seconds. Press Ctrl+C to quit.

* main Deploy API to Railway · 23736976783
Triggered via push about 1 minute ago

JOBS
* deploy (ID 69144083638)
  ✓ Set up job
  ✓ Checkout
  ✓ Setup Node
  ✓ Check Railway configuration
  ✓ Install dependencies
  ✓ Build API
  ✓ Install Railway CLI
  ✓ Railway deploy preflight
  * Deploy to Railway
  * Verify Railway health
  * Railway health verification not configured
  * Verify Railway live session contract
  * Railway live session contract verification not configured
  * Capture Railway failure diagnostics
  * Upload Railway diagnostics
  * Railway deployment not configured
  * Post Setup Node
  * Post Checkout
Refreshing run status every 3 seconds. Press Ctrl+C to quit.

* main Deploy API to Railway · 23736976783
Triggered via push about 1 minute ago

JOBS
* deploy (ID 69144083638)
  ✓ Set up job
  ✓ Checkout
  ✓ Setup Node
  ✓ Check Railway configuration
  ✓ Install dependencies
  ✓ Build API
  ✓ Install Railway CLI
  ✓ Railway deploy preflight
  * Deploy to Railway
  * Verify Railway health
  * Railway health verification not configured
  * Verify Railway live session contract
  * Railway live session contract verification not configured
  * Capture Railway failure diagnostics
  * Upload Railway diagnostics
  * Railway deployment not configured
  * Post Setup Node
  * Post Checkout
Refreshing run status every 3 seconds. Press Ctrl+C to quit.

* main Deploy API to Railway · 23736976783
Triggered via push about 1 minute ago

JOBS
* deploy (ID 69144083638)
  ✓ Set up job
  ✓ Checkout
  ✓ Setup Node
  ✓ Check Railway configuration
  ✓ Install dependencies
  ✓ Build API
  ✓ Install Railway CLI
  ✓ Railway deploy preflight
  * Deploy to Railway
  * Verify Railway health
  * Railway health verification not configured
  * Verify Railway live session contract
  * Railway live session contract verification not configured
  * Capture Railway failure diagnostics
  * Upload Railway diagnostics
  * Railway deployment not configured
  * Post Setup Node
  * Post Checkout
Refreshing run status every 3 seconds. Press Ctrl+C to quit.

* main Deploy API to Railway · 23736976783
Triggered via push about 1 minute ago

JOBS
* deploy (ID 69144083638)
  ✓ Set up job
  ✓ Checkout
  ✓ Setup Node
  ✓ Check Railway configuration
  ✓ Install dependencies
  ✓ Build API
  ✓ Install Railway CLI
  ✓ Railway deploy preflight
  * Deploy to Railway
  * Verify Railway health
  * Railway health verification not configured
  * Verify Railway live session contract
  * Railway live session contract verification not configured
  * Capture Railway failure diagnostics
  * Upload Railway diagnostics
  * Railway deployment not configured
  * Post Setup Node
  * Post Checkout
Refreshing run status every 3 seconds. Press Ctrl+C to quit.

* main Deploy API to Railway · 23736976783
Triggered via push about 1 minute ago

JOBS
* deploy (ID 69144083638)
  ✓ Set up job
  ✓ Checkout
  ✓ Setup Node
  ✓ Check Railway configuration
  ✓ Install dependencies
  ✓ Build API
  ✓ Install Railway CLI
  ✓ Railway deploy preflight
  * Deploy to Railway
  * Verify Railway health
  * Railway health verification not configured
  * Verify Railway live session contract
  * Railway live session contract verification not configured
  * Capture Railway failure diagnostics
  * Upload Railway diagnostics
  * Railway deployment not configured
  * Post Setup Node
  * Post Checkout
Refreshing run status every 3 seconds. Press Ctrl+C to quit.

* main Deploy API to Railway · 23736976783
Triggered via push about 1 minute ago

JOBS
* deploy (ID 69144083638)
  ✓ Set up job
  ✓ Checkout
  ✓ Setup Node
  ✓ Check Railway configuration
  ✓ Install dependencies
  ✓ Build API
  ✓ Install Railway CLI
  ✓ Railway deploy preflight
  * Deploy to Railway
  * Verify Railway health
  * Railway health verification not configured
  * Verify Railway live session contract
  * Railway live session contract verification not configured
  * Capture Railway failure diagnostics
  * Upload Railway diagnostics
  * Railway deployment not configured
  * Post Setup Node
  * Post Checkout
Refreshing run status every 3 seconds. Press Ctrl+C to quit.

* main Deploy API to Railway · 23736976783
Triggered via push about 1 minute ago

JOBS
* deploy (ID 69144083638)
  ✓ Set up job
  ✓ Checkout
  ✓ Setup Node
  ✓ Check Railway configuration
  ✓ Install dependencies
  ✓ Build API
  ✓ Install Railway CLI
  ✓ Railway deploy preflight
  ✓ Deploy to Railway
  ✓ Verify Railway health
  - Railway health verification not configured
  * Verify Railway live session contract
  * Railway live session contract verification not configured
  * Capture Railway failure diagnostics
  * Upload Railway diagnostics
  * Railway deployment not configured
  * Post Setup Node
  * Post Checkout
✓ main Deploy API to Railway · 23736976783
Triggered via push about 1 minute ago

JOBS
✓ deploy in 1m27s (ID 69144083638)
  ✓ Set up job
  ✓ Checkout
  ✓ Setup Node
  ✓ Check Railway configuration
  ✓ Install dependencies
  ✓ Build API
  ✓ Install Railway CLI
  ✓ Railway deploy preflight
  ✓ Deploy to Railway
  ✓ Verify Railway health
  - Railway health verification not configured
  ✓ Verify Railway live session contract
  - Railway live session contract verification not configured
  - Capture Railway failure diagnostics
  - Upload Railway diagnostics
  - Railway deployment not configured
  ✓ Post Setup Node
  ✓ Post Checkout
  ✓ Complete job

ANNOTATIONS
! Node.js 20 actions are deprecated. The following actions are running on Node.js 20 and may not work as expected: actions/checkout@v4, actions/setup***node@v4. Actions will be forced to run with Node.js 24 by default starting June 2nd, 2026. Node.js 20 will be removed from the runner on September 16th, 2026. Please check if updated versions of these actions are available that support Node.js 24. To opt into Node.js 24 now, set the FORCE_JAVASCRIPT_ACTIONS_TO_NODE24=true environment variable on the runner or in your workflow file. Once Node.js 24 becomes the default, you can temporarily opt out by setting ACTIONS_ALLOW_USE_UNSECURE_NODE_VERSION=true. For more information see: https://github.blog/changelog/2025***09***19***deprecation***of***node***20***on***github***actions***runners/
deploy: .github#2

[2026-03-30T09:12:29Z] exit=0
