[2026-04-01T20:32:29Z] cwd=/home/raed/projects/air-mentor-ui
[2026-04-01T20:32:29Z] command=npm run verify:final-closeout 

> air-mentor-ui@0.0.0 verify:final-closeout
> bash scripts/verify-final-closeout.sh


> air-mentor-ui@0.0.0 lint
> eslint .


> air-mentor-ui@0.0.0 inventory:compat-routes
> node scripts/report-compat-route-callers.mjs --assert-runtime-clean

# Academic Compatibility Route Inventory

Generated: 2026-04-01T20:32:46.707Z

## /api/academic/runtime/:stateKey

- first-party runtime callers: none
- route-definition:
  - air-mentor-api/src/modules/academic-runtime-routes.ts:544
  - air-mentor-api/src/modules/academic-runtime-routes.ts:555
- tests:
  - air-mentor-api/tests/__snapshots__/openapi.test.ts.snap:30
  - air-mentor-api/tests/academic-runtime-narrow-routes.test.ts:376
  - air-mentor-api/tests/academic-runtime-narrow-routes.test.ts:423
  - air-mentor-api/tests/academic-runtime-narrow-routes.test.ts:433
  - air-mentor-api/tests/academic-runtime-narrow-routes.test.ts:448
  - air-mentor-api/tests/academic-runtime-narrow-routes.test.ts:547
  - air-mentor-api/tests/academic-runtime-narrow-routes.test.ts:553
  - air-mentor-api/tests/academic-runtime-narrow-routes.test.ts:561
- audit-docs:
  - audit/06-api-and-integration-audit.md:71
  - audit/08-state-management-and-client-logic-audit.md:22
  - audit/15-issue-catalog-prioritized.md:169
  - audit/22-evidence-appendix-by-issue.md:47
  - audit/22-evidence-appendix-by-issue.md:56
  - audit/25-implementation-spec-AM-003.md:18
  - audit/41-current-state-reconciliation-and-gap-analysis.md:165
  - audit/42-audit-navigation-and-document-status.md:55
  - audit/43-manual-closeout-checklist.md:62
  - audit/44-final-closeout-evidence-2026-03-28.md:87

## /api/academic/tasks/sync

- first-party runtime callers: none
- route-definition:
  - air-mentor-api/src/modules/academic-runtime-routes.ts:104
  - air-mentor-api/src/modules/academic-runtime-routes.ts:633
  - air-mentor-api/src/modules/academic-runtime-routes.ts:643
- tests:
  - air-mentor-api/tests/__snapshots__/openapi.test.ts.snap:40
  - air-mentor-api/tests/academic-parity.test.ts:544
  - air-mentor-api/tests/academic-runtime-narrow-routes.test.ts:253
  - air-mentor-api/tests/academic-runtime-narrow-routes.test.ts:264
  - air-mentor-api/tests/academic-runtime-narrow-routes.test.ts:400
  - air-mentor-api/tests/academic-runtime-narrow-routes.test.ts:408
- audit-docs:
  - audit/06-api-and-integration-audit.md:72
  - audit/15-issue-catalog-prioritized.md:170
  - audit/21-feature-inventory-and-traceability-matrix.md:32
  - audit/22-evidence-appendix-by-issue.md:47
  - audit/22-evidence-appendix-by-issue.md:56
  - audit/41-current-state-reconciliation-and-gap-analysis.md:166
  - audit/43-manual-closeout-checklist.md:63
  - audit/44-final-closeout-evidence-2026-03-28.md:88

## /api/academic/task-placements/sync

- first-party runtime callers: none
- route-definition:
  - air-mentor-api/src/modules/academic-runtime-routes.ts:105
  - air-mentor-api/src/modules/academic-runtime-routes.ts:691
  - air-mentor-api/src/modules/academic-runtime-routes.ts:701
- tests:
  - air-mentor-api/tests/__snapshots__/openapi.test.ts.snap:37
  - air-mentor-api/tests/academic-parity.test.ts:552
  - air-mentor-api/tests/academic-runtime-narrow-routes.test.ts:277
- audit-docs:
  - audit/06-api-and-integration-audit.md:73
  - audit/15-issue-catalog-prioritized.md:171
  - audit/21-feature-inventory-and-traceability-matrix.md:33
  - audit/22-evidence-appendix-by-issue.md:56
  - audit/41-current-state-reconciliation-and-gap-analysis.md:167
  - audit/43-manual-closeout-checklist.md:64
  - audit/44-final-closeout-evidence-2026-03-28.md:89

## /api/academic/calendar-audit/sync

- first-party runtime callers: none
- route-definition:
  - air-mentor-api/src/modules/academic-runtime-routes.ts:106
  - air-mentor-api/src/modules/academic-runtime-routes.ts:771
  - air-mentor-api/src/modules/academic-runtime-routes.ts:780
- tests:
  - air-mentor-api/tests/__snapshots__/openapi.test.ts.snap:8
  - air-mentor-api/tests/academic-parity.test.ts:573
  - air-mentor-api/tests/academic-runtime-narrow-routes.test.ts:292
- audit-docs:
  - audit/06-api-and-integration-audit.md:74
  - audit/15-issue-catalog-prioritized.md:172
  - audit/21-feature-inventory-and-traceability-matrix.md:33
  - audit/22-evidence-appendix-by-issue.md:56
  - audit/41-current-state-reconciliation-and-gap-analysis.md:168
  - audit/43-manual-closeout-checklist.md:65
  - audit/44-final-closeout-evidence-2026-03-28.md:90


> air-mentor-ui@0.0.0 verify:proof-closure:proof-rc
> npm run verify:proof-closure && npm --workspace air-mentor-api run test:proof-rc


> air-mentor-ui@0.0.0 verify:proof-closure
> npm --workspace air-mentor-api run build && npm run build && npm --workspace air-mentor-api test -- --reporter=dot && npm test -- --reporter=dot && bash scripts/playwright-admin-live-proof-risk-smoke.sh


> air-mentor-api@0.1.0 build
> tsc -p tsconfig.build.json


> air-mentor-ui@0.0.0 build
> tsc -b && vite build

vite v7.3.1 building client environment for production...
transforming...
✓ 2189 modules transformed.
rendering chunks...
computing gzip size...
dist/index.html                           0.79 kB │ gzip:  0.38 kB
dist/assets/index-BFfuiCzL.css           10.12 kB │ gzip:  2.50 kB
dist/assets/icons-vendor-CepHMY_q.js      8.25 kB │ gzip:  3.20 kB
dist/assets/risk-explorer-DWIr6AEE.js    22.02 kB │ gzip:  5.53 kB
dist/assets/student-shell-Cb3lMHoX.js    25.19 kB │ gzip:  5.90 kB
dist/assets/hod-pages-BfGrCHn6.js        31.10 kB │ gzip:  6.91 kB
dist/assets/course-pages-lKJ_bL6Z.js     34.76 kB │ gzip:  7.97 kB
dist/assets/workflow-pages-B3ZTHDBA.js   35.30 kB │ gzip:  8.30 kB
dist/assets/calendar-pages-Chadpkpz.js   59.61 kB │ gzip: 13.94 kB
dist/assets/app-shared-C50_NFWi.js      108.00 kB │ gzip: 30.20 kB
dist/assets/motion-vendor-CvHdYO5Q.js   123.99 kB │ gzip: 40.77 kB
dist/assets/react-vendor-Ah1pgjPn.js    192.35 kB │ gzip: 60.21 kB
dist/assets/index-CITX0gQD.js           203.71 kB │ gzip: 51.34 kB
✓ built in 2.17s

> air-mentor-api@0.1.0 test
> node scripts/run-vitest-suite.mjs --reporter=dot

[air-mentor-api] Running fast backend suite across 28 test files.

[air-mentor-api] -> tests/academic-access.test.ts

 RUN  v4.1.0 /home/raed/projects/air-mentor-ui/air-mentor-api

·····

 Test Files  1 passed (1)
      Tests  5 passed (5)
   Start at  02:03:05
   Duration  155ms (transform 32ms, setup 0ms, import 44ms, tests 4ms, environment 0ms)

[air-mentor-api] <- tests/academic-access.test.ts in 434ms

[air-mentor-api] -> tests/academic-bootstrap-routes.test.ts

 RUN  v4.1.0 /home/raed/projects/air-mentor-ui/air-mentor-api

·

 Test Files  1 passed (1)
      Tests  1 passed (1)
   Start at  02:03:06
   Duration  734ms (transform 107ms, setup 0ms, import 516ms, tests 118ms, environment 0ms)

[air-mentor-api] <- tests/academic-bootstrap-routes.test.ts in 966ms

[air-mentor-api] -> tests/academic-parity.test.ts

 RUN  v4.1.0 /home/raed/projects/air-mentor-ui/air-mentor-api

·····