[2026-04-01T15:07:21Z] cwd=/home/raed/projects/air-mentor-ui
[2026-04-01T15:07:21Z] command=env AIRMENTOR_KEYBOARD_ARTIFACT_PREFIX=07c-local npm run playwright:admin-live:keyboard-regression 

> air-mentor-ui@0.0.0 playwright:admin-live:keyboard-regression
> bash scripts/playwright-admin-live-keyboard-regression.sh

warning: Git tree '/home/raed/projects/air-mentor-ui' is dirty
AirMentor dev shell ready.
Playwright is available through the wrapped Nix runtime.
Python is available for the curriculum linkage helper.
Try: playwright --version
Smoke: bash scripts/playwright-smoke.sh http://127.0.0.1:5173

(!) Some chunks are larger than 500 kB after minification. Consider:
- Using dynamic import() to code-split the application
- Use build.rollupOptions.output.manualChunks to improve chunking: https://rollupjs.org/configuration-options/#output-manualchunks
- Adjust chunk size limit for this warning via build.chunkSizeWarningLimit.
Running system admin live keyboard regression...
Frontend URL: http://127.0.0.1:4174
Backend URL: http://127.0.0.1:33765
Backend log: /home/raed/projects/air-mentor-ui/output/playwright/system-admin-live-backend.log
Preview log: /home/raed/projects/air-mentor-ui/output/playwright/system-admin-keyboard-preview.log
[keyboard] step: login-system-admin
[browser:info] {"type":"airmentor-client-event","name":"startup.diagnostic","level":"info","timestamp":"2026-04-01T15:07:46.631Z","details":{"workspace":"system-admin","level":"info","code":"FRONTEND_STARTUP_MODE","message":"Running with local-first frontend origin expectations."}}
[browser:info] {"type":"airmentor-client-event","name":"startup.ready","level":"info","timestamp":"2026-04-01T15:07:46.631Z","details":{"workspace":"system-admin","apiBaseUrl":"/","telemetrySinkConfigured":false,"diagnosticCount":1,"errorCount":0}}
[response:401] http://127.0.0.1:4174/api/session
[keyboard] request route discovered: id=request_001 status=New summary=Grant additional mentor mapping coverage
[keyboard] step: request-flow-keyboard
[keyboard] step: student-modal-focus-trap
[keyboard] step: proof-dashboard-keyboard
[browser:info] {"type":"airmentor-client-event","name":"proof.checkpoint.readiness","level":"info","timestamp":"2026-04-01T15:09:17.698Z","details":{"workspace":"system-admin","simulationRunId":"simulation_run_6bc171b0-984e-4681-945b-35047f807171","simulationStageCheckpointId":"stage_checkpoint_9e3e5c15b459b9587a4d2bba","stageLabel":"Pre TT1","playbackAccessible":true,"stageAdvanceBlocked":false,"blockingQueueItemCount":0,"canStepForward":true,"canPlayToEnd":false}}
[browser:warning] {"type":"airmentor-client-event","name":"proof.checkpoint.readiness","level":"warn","timestamp":"2026-04-01T15:09:21.479Z","details":{"workspace":"system-admin","simulationRunId":"simulation_run_6bc171b0-984e-4681-945b-35047f807171","simulationStageCheckpointId":"stage_checkpoint_1d5c987c1f8bff6da54de64f","stageLabel":"Post SEE","playbackAccessible":false,"stageAdvanceBlocked":true,"blockingQueueItemCount":42,"canStepForward":false,"canPlayToEnd":false}}
[browser:info] {"type":"airmentor-client-event","name":"proof.checkpoint.readiness","level":"info","timestamp":"2026-04-01T15:09:21.929Z","details":{"workspace":"system-admin","simulationRunId":"simulation_run_6bc171b0-984e-4681-945b-35047f807171","simulationStageCheckpointId":"stage_checkpoint_9e3e5c15b459b9587a4d2bba","stageLabel":"Pre TT1","playbackAccessible":true,"stageAdvanceBlocked":false,"blockingQueueItemCount":0,"canStepForward":true,"canPlayToEnd":false}}
[keyboard] step: switch-to-academic-portal
[browser:info] {"type":"airmentor-client-event","name":"startup.diagnostic","level":"info","timestamp":"2026-04-01T15:09:22.537Z","details":{"workspace":"academic","level":"info","code":"FRONTEND_STARTUP_MODE","message":"Running with local-first frontend origin expectations."}}
[browser:info] {"type":"airmentor-client-event","name":"startup.ready","level":"info","timestamp":"2026-04-01T15:09:22.537Z","details":{"workspace":"academic","apiBaseUrl":"/","telemetrySinkConfigured":false,"diagnosticCount":1,"errorCount":0}}
[response:401] http://127.0.0.1:4174/api/session
[response:403] http://127.0.0.1:4174/api/academic/bootstrap?simulationStageCheckpointId=stage_checkpoint_9e3e5c15b459b9587a4d2bba
[browser:warning] {"type":"airmentor-client-event","name":"proof.playback.inaccessible","level":"warn","timestamp":"2026-04-01T15:09:23.827Z","details":{"workspace":"academic","requestedCheckpointId":"stage_checkpoint_9e3e5c15b459b9587a4d2bba","error":{"name":"Error","message":"Academic roles may inspect only checkpoints from the active proof run","status":403}}}
[keyboard] step: teacher-risk-and-shell-keyboard
[keyboard] step: proof-playback-restore-reset
[browser:info] {"type":"airmentor-client-event","name":"startup.diagnostic","level":"info","timestamp":"2026-04-01T15:09:27.206Z","details":{"workspace":"system-admin","level":"info","code":"FRONTEND_STARTUP_MODE","message":"Running with local-first frontend origin expectations."}}
[browser:info] {"type":"airmentor-client-event","name":"startup.ready","level":"info","timestamp":"2026-04-01T15:09:27.207Z","details":{"workspace":"system-admin","apiBaseUrl":"/","telemetrySinkConfigured":false,"diagnosticCount":1,"errorCount":0}}
[response:401] http://127.0.0.1:4174/api/session
[requestfailed] GET http://127.0.0.1:4174/api/admin/reminders :: NS_BINDING_ABORTED
[requestfailed] GET http://127.0.0.1:4174/api/admin/requests :: NS_BINDING_ABORTED
[requestfailed] GET http://127.0.0.1:4174/api/admin/offerings :: NS_BINDING_ABORTED
[requestfailed] GET http://127.0.0.1:4174/api/admin/students :: NS_BINDING_ABORTED
[requestfailed] GET http://127.0.0.1:4174/api/admin/audit-events/recent?limit=90 :: NS_BINDING_ABORTED
[requestfailed] GET http://127.0.0.1:4174/api/admin/faculty :: NS_BINDING_ABORTED
[requestfailed] GET http://127.0.0.1:4174/api/admin/audit-events/recent?limit=90 :: NS_BINDING_ABORTED
[browser:info] {"type":"airmentor-client-event","name":"startup.diagnostic","level":"info","timestamp":"2026-04-01T15:09:28.397Z","details":{"workspace":"system-admin","level":"info","code":"FRONTEND_STARTUP_MODE","message":"Running with local-first frontend origin expectations."}}
[browser:info] {"type":"airmentor-client-event","name":"startup.ready","level":"info","timestamp":"2026-04-01T15:09:28.397Z","details":{"workspace":"system-admin","apiBaseUrl":"/","telemetrySinkConfigured":false,"diagnosticCount":1,"errorCount":0}}
[browser:info] {"type":"airmentor-client-event","name":"auth.session.restored","level":"info","timestamp":"2026-04-01T15:09:38.190Z","details":{"workspace":"system-admin","sessionId":"session_1e628cd4-011b-482a-a04b-d81b18f1b18f","facultyId":"fac_sysadmin","activeRole":"SYSTEM_ADMIN"}}
[keyboard] current step: proof-playback-restore-reset
[keyboard] failure url: http://127.0.0.1:4174/?keyboard-reload=1775056168278#/admin/faculties/academic_faculty_engineering_and_technology/departments/dept_cse/branches/branch_mnc_btech/batches/batch_branch_mnc_btech_2023
Failure HTML: /home/raed/projects/air-mentor-ui/output/playwright/system-admin-live-keyboard-regression-failure.html
System admin live keyboard regression failed. Screenshot: /home/raed/projects/air-mentor-ui/output/playwright/system-admin-live-keyboard-regression-failure.png
Trace: /home/raed/projects/air-mentor-ui/output/playwright/system-admin-live-keyboard-regression-failure.zip
Prefixed keyboard failure artifacts:
- screenshot: /home/raed/projects/air-mentor-ui/output/playwright/07c-local-system-admin-live-keyboard-regression-failure.png
- report: /home/raed/projects/air-mentor-ui/output/playwright/07c-local-system-admin-live-keyboard-regression-failure.json
- trace: /home/raed/projects/air-mentor-ui/output/playwright/07c-local-system-admin-live-keyboard-regression-failure.zip
- html: /home/raed/projects/air-mentor-ui/output/playwright/07c-local-system-admin-live-keyboard-regression-failure.html
node:internal/modules/run_main:107
    triggerUncaughtException(
    ^

locator.waitFor: Timeout 30000ms exceeded.
Call log:
[2m  - waiting for locator('[data-proof-surface="system-admin-proof-control-plane"]:visible').first() to be visible[22m

    at expectVisible (/home/raed/projects/air-mentor-ui/scripts/system-admin-live-keyboard-regression.mjs:120:17)
    at openSeededProofRoute (/home/raed/projects/air-mentor-ui/scripts/system-admin-live-keyboard-regression.mjs:472:9)
    at async file:///home/raed/projects/air-mentor-ui/scripts/system-admin-live-keyboard-regression.mjs:657:23 {
  name: 'TimeoutError'
}

Node.js v24.13.0
