[2026-03-30T08:22:12Z] cwd=/home/raed/projects/air-mentor-ui
[2026-03-30T08:22:12Z] command=npm run build 

> air-mentor-ui@0.0.0 build
> tsc -b && vite build

vite v7.3.1 building client environment for production...
transforming...
✓ 2185 modules transformed.
rendering chunks...
computing gzip size...
dist/index.html                           0.79 kB │ gzip:  0.38 kB
dist/assets/index-BFfuiCzL.css           10.12 kB │ gzip:  2.50 kB
dist/assets/icons-vendor-CepHMY_q.js      8.25 kB │ gzip:  3.20 kB
dist/assets/risk-explorer-rR3r4EMY.js    23.11 kB │ gzip:  5.69 kB
dist/assets/student-shell-DtRK27ou.js    26.68 kB │ gzip:  6.07 kB
dist/assets/hod-pages-BDYORT35.js        32.27 kB │ gzip:  7.09 kB
dist/assets/course-pages-FU9SxByN.js     34.76 kB │ gzip:  7.97 kB
dist/assets/workflow-pages-DvtooEyb.js   35.30 kB │ gzip:  8.29 kB
dist/assets/calendar-pages-ByNFm5Pr.js   59.61 kB │ gzip: 13.94 kB
dist/assets/app-shared-CE24rqcS.js      107.33 kB │ gzip: 30.01 kB
dist/assets/motion-vendor-CvHdYO5Q.js   123.99 kB │ gzip: 40.77 kB
dist/assets/react-vendor-Ah1pgjPn.js    192.35 kB │ gzip: 60.21 kB
dist/assets/index-CFUggyJL.js           200.31 kB │ gzip: 50.18 kB
✓ built in 2.28s
[2026-03-30T08:22:23Z] exit=0
