[2026-03-30T10:14:21Z] cwd=/home/raed/projects/air-mentor-ui
[2026-03-30T10:14:21Z] command=gh run watch 23739573339 --exit-status 
Refreshing run status every 3 seconds. Press Ctrl+C to quit.

* main Deploy to GitHub Pages · 23739573339
Triggered via push less than a minute ago

JOBS
✓ build in 41s (ID 69152940406)
  ✓ Set up job
  ✓ Checkout
  ✓ Setup Node
  ✓ Install dependencies
  ✓ Build
  ✓ Setup Pages
  ✓ Upload artifact
  ✓ Post Setup Node
  ✓ Post Checkout
  ✓ Complete job
* deploy (ID 69153038401)

ANNOTATIONS
! Node.js 20 actions are deprecated. The following actions are running on Node.js 20 and may not work as expected: actions/checkout@v4, actions/configure-pages@v5, actions/setup-node@v4, actions/upload-artifact@v4. Actions will be forced to run with Node.js 24 by default starting June 2nd, 2026. Node.js 20 will be removed from the runner on September 16th, 2026. Please check if updated versions of these actions are available that support Node.js 24. To opt into Node.js 24 now, set the FORCE_JAVASCRIPT_ACTIONS_TO_NODE24=true environment variable on the runner or in your workflow file. Once Node.js 24 becomes the default, you can temporarily opt out by setting ACTIONS_ALLOW_USE_UNSECURE_NODE_VERSION=true. For more information see: https://github.blog/changelog/2025-09-19-deprecation-of-node-20-on-github-actions-runners/
build: .github#2

Refreshing run status every 3 seconds. Press Ctrl+C to quit.

* main Deploy to GitHub Pages · 23739573339
Triggered via push less than a minute ago

JOBS
✓ build in 41s (ID 69152940406)
  ✓ Set up job
  ✓ Checkout
  ✓ Setup Node
  ✓ Install dependencies
  ✓ Build
  ✓ Setup Pages
  ✓ Upload artifact
  ✓ Post Setup Node
  ✓ Post Checkout
  ✓ Complete job
* deploy (ID 69153038401)

ANNOTATIONS
! Node.js 20 actions are deprecated. The following actions are running on Node.js 20 and may not work as expected: actions/checkout@v4, actions/configure-pages@v5, actions/setup-node@v4, actions/upload-artifact@v4. Actions will be forced to run with Node.js 24 by default starting June 2nd, 2026. Node.js 20 will be removed from the runner on September 16th, 2026. Please check if updated versions of these actions are available that support Node.js 24. To opt into Node.js 24 now, set the FORCE_JAVASCRIPT_ACTIONS_TO_NODE24=true environment variable on the runner or in your workflow file. Once Node.js 24 becomes the default, you can temporarily opt out by setting ACTIONS_ALLOW_USE_UNSECURE_NODE_VERSION=true. For more information see: https://github.blog/changelog/2025-09-19-deprecation-of-node-20-on-github-actions-runners/
build: .github#2

Refreshing run status every 3 seconds. Press Ctrl+C to quit.

* main Deploy to GitHub Pages · 23739573339
Triggered via push less than a minute ago

JOBS
✓ build in 41s (ID 69152940406)
  ✓ Set up job
  ✓ Checkout
  ✓ Setup Node
  ✓ Install dependencies
  ✓ Build
  ✓ Setup Pages
  ✓ Upload artifact
  ✓ Post Setup Node
  ✓ Post Checkout
  ✓ Complete job
* deploy (ID 69153038401)
  ✓ Set up job
  * Deploy to GitHub Pages

ANNOTATIONS
! Node.js 20 actions are deprecated. The following actions are running on Node.js 20 and may not work as expected: actions/checkout@v4, actions/configure-pages@v5, actions/setup-node@v4, actions/upload-artifact@v4. Actions will be forced to run with Node.js 24 by default starting June 2nd, 2026. Node.js 20 will be removed from the runner on September 16th, 2026. Please check if updated versions of these actions are available that support Node.js 24. To opt into Node.js 24 now, set the FORCE_JAVASCRIPT_ACTIONS_TO_NODE24=true environment variable on the runner or in your workflow file. Once Node.js 24 becomes the default, you can temporarily opt out by setting ACTIONS_ALLOW_USE_UNSECURE_NODE_VERSION=true. For more information see: https://github.blog/changelog/2025-09-19-deprecation-of-node-20-on-github-actions-runners/
build: .github#2

Refreshing run status every 3 seconds. Press Ctrl+C to quit.

* main Deploy to GitHub Pages · 23739573339
Triggered via push less than a minute ago

JOBS
✓ build in 41s (ID 69152940406)
  ✓ Set up job
  ✓ Checkout
  ✓ Setup Node
  ✓ Install dependencies
  ✓ Build
  ✓ Setup Pages
  ✓ Upload artifact
  ✓ Post Setup Node
  ✓ Post Checkout
  ✓ Complete job
* deploy (ID 69153038401)
  ✓ Set up job
  * Deploy to GitHub Pages

ANNOTATIONS
! Node.js 20 actions are deprecated. The following actions are running on Node.js 20 and may not work as expected: actions/checkout@v4, actions/configure-pages@v5, actions/setup-node@v4, actions/upload-artifact@v4. Actions will be forced to run with Node.js 24 by default starting June 2nd, 2026. Node.js 20 will be removed from the runner on September 16th, 2026. Please check if updated versions of these actions are available that support Node.js 24. To opt into Node.js 24 now, set the FORCE_JAVASCRIPT_ACTIONS_TO_NODE24=true environment variable on the runner or in your workflow file. Once Node.js 24 becomes the default, you can temporarily opt out by setting ACTIONS_ALLOW_USE_UNSECURE_NODE_VERSION=true. For more information see: https://github.blog/changelog/2025-09-19-deprecation-of-node-20-on-github-actions-runners/
build: .github#2

✓ main Deploy to GitHub Pages · 23739573339
Triggered via push about 1 minute ago

JOBS
✓ build in 41s (ID 69152940406)
  ✓ Set up job
  ✓ Checkout
  ✓ Setup Node
  ✓ Install dependencies
  ✓ Build
  ✓ Setup Pages
  ✓ Upload artifact
  ✓ Post Setup Node
  ✓ Post Checkout
  ✓ Complete job
✓ deploy in 11s (ID 69153038401)
  ✓ Set up job
  ✓ Deploy to GitHub Pages
  ✓ Complete job

ANNOTATIONS
! Node.js 20 actions are deprecated. The following actions are running on Node.js 20 and may not work as expected: actions/checkout@v4, actions/configure-pages@v5, actions/setup-node@v4, actions/upload-artifact@v4. Actions will be forced to run with Node.js 24 by default starting June 2nd, 2026. Node.js 20 will be removed from the runner on September 16th, 2026. Please check if updated versions of these actions are available that support Node.js 24. To opt into Node.js 24 now, set the FORCE_JAVASCRIPT_ACTIONS_TO_NODE24=true environment variable on the runner or in your workflow file. Once Node.js 24 becomes the default, you can temporarily opt out by setting ACTIONS_ALLOW_USE_UNSECURE_NODE_VERSION=true. For more information see: https://github.blog/changelog/2025-09-19-deprecation-of-node-20-on-github-actions-runners/
build: .github#2

[2026-03-30T10:14:41Z] exit=0
