[2026-03-30T15:32:20Z] cwd=/home/raed/projects/air-mentor-ui
[2026-03-30T15:32:20Z] command=npm run verify:proof-closure:proof-rc 

> air-mentor-ui@0.0.0 verify:proof-closure:proof-rc
> npm run verify:proof-closure && npm --workspace air-mentor-api run test:proof-rc


> air-mentor-ui@0.0.0 verify:proof-closure
> npm --workspace air-mentor-api run build && npm run build && npm --workspace air-mentor-api test -- --reporter=dot && npm test -- --reporter=dot && bash scripts/playwright-admin-live-proof-risk-smoke.sh


> air-mentor-api@0.1.0 build
> tsc -p tsconfig.build.json


> air-mentor-ui@0.0.0 build
> tsc -b && vite build

vite v7.3.1 building client environment for production...
transforming...
✓ 2189 modules transformed.
rendering chunks...
computing gzip size...
dist/index.html                           0.79 kB │ gzip:  0.38 kB
dist/assets/index-BFfuiCzL.css           10.12 kB │ gzip:  2.50 kB
dist/assets/icons-vendor-CepHMY_q.js      8.25 kB │ gzip:  3.20 kB
dist/assets/risk-explorer-DWIr6AEE.js    22.02 kB │ gzip:  5.53 kB
dist/assets/student-shell-Cb3lMHoX.js    25.19 kB │ gzip:  5.90 kB
dist/assets/hod-pages-BfGrCHn6.js        31.10 kB │ gzip:  6.91 kB
dist/assets/course-pages-lKJ_bL6Z.js     34.76 kB │ gzip:  7.97 kB
dist/assets/workflow-pages-B3ZTHDBA.js   35.30 kB │ gzip:  8.30 kB
dist/assets/calendar-pages-Chadpkpz.js   59.61 kB │ gzip: 13.94 kB
dist/assets/app-shared-C50_NFWi.js      108.00 kB │ gzip: 30.20 kB
dist/assets/motion-vendor-CvHdYO5Q.js   123.99 kB │ gzip: 40.77 kB
dist/assets/react-vendor-Ah1pgjPn.js    192.35 kB │ gzip: 60.21 kB
dist/assets/index-CITX0gQD.js           203.71 kB │ gzip: 51.34 kB
✓ built in 1.96s

> air-mentor-api@0.1.0 test
> node scripts/run-vitest-suite.mjs --reporter=dot

[air-mentor-api] Running fast backend suite across 23 test files.

[air-mentor-api] -> tests/academic-access.test.ts

 RUN  v4.1.0 /home/raed/projects/air-mentor-ui/air-mentor-api

·····

 Test Files  1 passed (1)
      Tests  5 passed (5)
   Start at  21:02:37
   Duration  133ms (transform 27ms, setup 0ms, import 37ms, tests 3ms, environment 0ms)

[air-mentor-api] <- tests/academic-access.test.ts in 372ms

[air-mentor-api] -> tests/academic-parity.test.ts

 RUN  v4.1.0 /home/raed/projects/air-mentor-ui/air-mentor-api

·······

 Test Files  1 passed (1)
      Tests  7 passed (7)
   Start at  21:02:37
   Duration  78.60s (transform 728ms, setup 0ms, import 1.09s, tests 77.41s, environment 0ms)

[air-mentor-api] <- tests/academic-parity.test.ts in 78.93s

[air-mentor-api] -> tests/academic-runtime-narrow-routes.test.ts

 RUN  v4.1.0 /home/raed/projects/air-mentor-ui/air-mentor-api

······

 Test Files  1 passed (1)
      Tests  6 passed (6)
   Start at  21:03:56
   Duration  29.64s (transform 731ms, setup 0ms, import 1.09s, tests 28.46s, environment 0ms)

[air-mentor-api] <- tests/academic-runtime-narrow-routes.test.ts in 29.91s

[air-mentor-api] -> tests/admin-control-plane.test.ts

 RUN  v4.1.0 /home/raed/projects/air-mentor-ui/air-mentor-api

····-·-····---

 Test Files  1 passed (1)
      Tests  9 passed | 5 skipped (14)
   Start at  21:04:26
   Duration  100.41s (transform 724ms, setup 0ms, import 1.10s, tests 99.23s, environment 0ms)

[air-mentor-api] <- tests/admin-control-plane.test.ts in 100.75s

[air-mentor-api] -> tests/admin-curriculum-feature-config.test.ts

 RUN  v4.1.0 /home/raed/projects/air-mentor-ui/air-mentor-api

··

 Test Files  1 passed (1)
      Tests  2 passed (2)
   Start at  21:06:07
   Duration  12.04s (transform 699ms, setup 0ms, import 1.07s, tests 10.88s, environment 0ms)

[air-mentor-api] <- tests/admin-curriculum-feature-config.test.ts in 12.35s

[air-mentor-api] -> tests/admin-foundation.test.ts

 RUN  v4.1.0 /home/raed/projects/air-mentor-ui/air-mentor-api

··

 Test Files  1 passed (1)
      Tests  2 passed (2)
   Start at  21:06:19
   Duration  8.65s (transform 709ms, setup 0ms, import 1.06s, tests 7.50s, environment 0ms)

[air-mentor-api] <- tests/admin-foundation.test.ts in 8.92s

[air-mentor-api] -> tests/admin-hierarchy.test.ts

 RUN  v4.1.0 /home/raed/projects/air-mentor-ui/air-mentor-api

·······

 Test Files  1 passed (1)
      Tests  7 passed (7)
   Start at  21:06:28
   Duration  30.22s (transform 732ms, setup 0ms, import 1.10s, tests 29.01s, environment 0ms)

[air-mentor-api] <- tests/admin-hierarchy.test.ts in 30.53s

[air-mentor-api] -> tests/admin-proof-observability.test.ts

 RUN  v4.1.0 /home/raed/projects/air-mentor-ui/air-mentor-api

·

 Test Files  1 passed (1)
      Tests  1 passed (1)
   Start at  21:06:59
   Duration  5.30s (transform 710ms, setup 0ms, import 1.08s, tests 4.12s, environment 0ms)

[air-mentor-api] <- tests/admin-proof-observability.test.ts in 5.54s

[air-mentor-api] -> tests/client-telemetry.test.ts

 RUN  v4.1.0 /home/raed/projects/air-mentor-ui/air-mentor-api

··

 Test Files  1 passed (1)
      Tests  2 passed (2)
   Start at  21:07:04
   Duration  8.74s (transform 691ms, setup 0ms, import 1.05s, tests 7.57s, environment 0ms)

[air-mentor-api] <- tests/client-telemetry.test.ts in 9.04s

[air-mentor-api] -> tests/config.test.ts

 RUN  v4.1.0 /home/raed/projects/air-mentor-ui/air-mentor-api

···

 Test Files  1 passed (1)
      Tests  3 passed (3)
   Start at  21:07:13
   Duration  125ms (transform 24ms, setup 0ms, import 34ms, tests 3ms, environment 0ms)

[air-mentor-api] <- tests/config.test.ts in 360ms

[air-mentor-api] -> tests/evaluate-proof-risk-model.test.ts

 RUN  v4.1.0 /home/raed/projects/air-mentor-ui/air-mentor-api

··

 Test Files  1 passed (1)
      Tests  2 passed (2)
   Start at  21:07:13
   Duration  1.19s (transform 543ms, setup 0ms, import 1.06s, tests 4ms, environment 0ms)

[air-mentor-api] <- tests/evaluate-proof-risk-model.test.ts in 1.43s

[air-mentor-api] -> tests/http-smoke.test.ts

 RUN  v4.1.0 /home/raed/projects/air-mentor-ui/air-mentor-api

·

 Test Files  1 passed (1)
      Tests  1 passed (1)
   Start at  21:07:15
   Duration  5.21s (transform 706ms, setup 0ms, import 1.11s, tests 4.01s, environment 0ms)

[air-mentor-api] <- tests/http-smoke.test.ts in 5.46s

[air-mentor-api] -> tests/msruas-proof-engines.test.ts

 RUN  v4.1.0 /home/raed/projects/air-mentor-ui/air-mentor-api

····

 Test Files  1 passed (1)
      Tests  4 passed (4)
   Start at  21:07:20
   Duration  1.01s (transform 452ms, setup 0ms, import 892ms, tests 6ms, environment 0ms)

[air-mentor-api] <- tests/msruas-proof-engines.test.ts in 1.23s

[air-mentor-api] -> tests/openapi.test.ts

 RUN  v4.1.0 /home/raed/projects/air-mentor-ui/air-mentor-api

·

 Test Files  1 passed (1)
      Tests  1 passed (1)
   Start at  21:07:22
   Duration  5.08s (transform 708ms, setup 0ms, import 1.06s, tests 3.93s, environment 0ms)

[air-mentor-api] <- tests/openapi.test.ts in 5.32s

[air-mentor-api] -> tests/policy-phenotypes.test.ts

 RUN  v4.1.0 /home/raed/projects/air-mentor-ui/air-mentor-api

···

 Test Files  1 passed (1)
      Tests  3 passed (3)
   Start at  21:07:27
   Duration  1.00s (transform 468ms, setup 0ms, import 904ms, tests 10ms, environment 0ms)

[air-mentor-api] <- tests/policy-phenotypes.test.ts in 1.23s

[air-mentor-api] -> tests/proof-control-plane-access.test.ts

 RUN  v4.1.0 /home/raed/projects/air-mentor-ui/air-mentor-api

··

 Test Files  1 passed (1)
      Tests  2 passed (2)
   Start at  21:07:28
   Duration  127ms (transform 21ms, setup 0ms, import 30ms, tests 2ms, environment 0ms)

[air-mentor-api] <- tests/proof-control-plane-access.test.ts in 370ms

[air-mentor-api] -> tests/proof-control-plane-dashboard-service.test.ts

 RUN  v4.1.0 /home/raed/projects/air-mentor-ui/air-mentor-api

··

 Test Files  1 passed (1)
      Tests  2 passed (2)
   Start at  21:07:29
   Duration  135ms (transform 28ms, setup 0ms, import 37ms, tests 3ms, environment 0ms)

[air-mentor-api] <- tests/proof-control-plane-dashboard-service.test.ts in 368ms

[air-mentor-api] -> tests/proof-queue-governance.test.ts

 RUN  v4.1.0 /home/raed/projects/air-mentor-ui/air-mentor-api

···

 Test Files  1 passed (1)
      Tests  3 passed (3)
   Start at  21:07:29
   Duration  143ms (transform 31ms, setup 0ms, import 41ms, tests 4ms, environment 0ms)

[air-mentor-api] <- tests/proof-queue-governance.test.ts in 371ms

[air-mentor-api] -> tests/proof-risk-model.test.ts

 RUN  v4.1.0 /home/raed/projects/air-mentor-ui/air-mentor-api

··

 Test Files  1 passed (1)
      Tests  2 passed (2)
   Start at  21:07:29
   Duration  1.05s (transform 449ms, setup 0ms, import 895ms, tests 49ms, environment 0ms)

[air-mentor-api] <- tests/proof-risk-model.test.ts in 1.27s

[air-mentor-api] -> tests/session.test.ts

 RUN  v4.1.0 /home/raed/projects/air-mentor-ui/air-mentor-api

·········

 Test Files  1 passed (1)
      Tests  9 passed (9)
   Start at  21:07:31
   Duration  34.20s (transform 703ms, setup 0ms, import 1.07s, tests 33.03s, environment 0ms)

[air-mentor-api] <- tests/session.test.ts in 34.45s

[air-mentor-api] -> tests/startup-diagnostics.test.ts

 RUN  v4.1.0 /home/raed/projects/air-mentor-ui/air-mentor-api

·····

 Test Files  1 passed (1)
      Tests  5 passed (5)
   Start at  21:08:05
   Duration  124ms (transform 24ms, setup 0ms, import 33ms, tests 4ms, environment 0ms)

[air-mentor-api] <- tests/startup-diagnostics.test.ts in 366ms

[air-mentor-api] -> tests/telemetry-sink.test.ts

 RUN  v4.1.0 /home/raed/projects/air-mentor-ui/air-mentor-api

·

 Test Files  1 passed (1)
      Tests  1 passed (1)
   Start at  21:08:05
   Duration  139ms (transform 32ms, setup 0ms, import 42ms, tests 5ms, environment 0ms)

[air-mentor-api] <- tests/telemetry-sink.test.ts in 372ms

[air-mentor-api] -> tests/telemetry.test.ts

 RUN  v4.1.0 /home/raed/projects/air-mentor-ui/air-mentor-api

····stdout | tests/telemetry.test.ts > backend telemetry > persists backend telemetry when the app configures local retention
{"type":"airmentor-operational-event","name":"startup.ready","level":"info","timestamp":"2026-03-29T00:00:00.000Z","details":{"host":"0.0.0.0"}}

···

 Test Files  1 passed (1)
      Tests  7 passed (7)
   Start at  21:08:06
   Duration  12.16s (transform 720ms, setup 0ms, import 1.06s, tests 11.01s, environment 0ms)

[air-mentor-api] <- tests/telemetry.test.ts in 12.42s

[air-mentor-api] Per-file timings
- tests/admin-control-plane.test.ts :: 100.75s
- tests/academic-parity.test.ts :: 78.93s
- tests/session.test.ts :: 34.45s
- tests/admin-hierarchy.test.ts :: 30.53s
- tests/academic-runtime-narrow-routes.test.ts :: 29.91s
- tests/telemetry.test.ts :: 12.42s
- tests/admin-curriculum-feature-config.test.ts :: 12.35s
- tests/client-telemetry.test.ts :: 9.04s
- tests/admin-foundation.test.ts :: 8.92s
- tests/admin-proof-observability.test.ts :: 5.54s
- tests/http-smoke.test.ts :: 5.46s
- tests/openapi.test.ts :: 5.32s
- tests/evaluate-proof-risk-model.test.ts :: 1.43s
- tests/proof-risk-model.test.ts :: 1.27s
- tests/policy-phenotypes.test.ts :: 1.23s
- tests/msruas-proof-engines.test.ts :: 1.23s
- tests/academic-access.test.ts :: 372ms
- tests/telemetry-sink.test.ts :: 372ms
- tests/proof-queue-governance.test.ts :: 371ms
- tests/proof-control-plane-access.test.ts :: 370ms
- tests/proof-control-plane-dashboard-service.test.ts :: 368ms
- tests/startup-diagnostics.test.ts :: 366ms
- tests/config.test.ts :: 360ms

> air-mentor-ui@0.0.0 test
> vitest run --reporter=dot


 RUN  v4.1.0 /home/raed/projects/air-mentor-ui

··························································································································································

 Test Files  33 passed (33)
      Tests  154 passed (154)
   Start at  21:08:18
   Duration  8.03s (transform 4.44s, setup 0ms, import 10.92s, tests 12.52s, environment 4.26s)

warning: Git tree '/home/raed/projects/air-mentor-ui' is dirty
AirMentor dev shell ready.
Playwright is available through the wrapped Nix runtime.
Python is available for the curriculum linkage helper.
Try: playwright --version
Smoke: bash scripts/playwright-smoke.sh http://127.0.0.1:5173

(!) Some chunks are larger than 500 kB after minification. Consider:
- Using dynamic import() to code-split the application
- Use build.rollupOptions.output.manualChunks to improve chunking: https://rollupjs.org/configuration-options/#output-manualchunks
- Adjust chunk size limit for this warning via build.chunkSizeWarningLimit.
Running system admin proof-risk smoke...
Frontend URL: http://127.0.0.1:4173
Backend URL: http://127.0.0.1:33347
Backend log: /home/raed/projects/air-mentor-ui/output/playwright/system-admin-live-backend.log
Preview log: /home/raed/projects/air-mentor-ui/output/playwright/system-admin-proof-risk-preview.log
[smoke] step: login-system-admin
[smoke:session-request] GET http://127.0.0.1:4173/api/session cookie=missing
[browser:info] {"type":"airmentor-client-event","name":"startup.diagnostic","level":"info","timestamp":"2026-03-30T15:38:47.290Z","details":{"workspace":"system-admin","level":"info","code":"FRONTEND_STARTUP_MODE","message":"Running with local-first frontend origin expectations."}}
[browser:info] {"type":"airmentor-client-event","name":"startup.ready","level":"info","timestamp":"2026-03-30T15:38:47.291Z","details":{"workspace":"system-admin","apiBaseUrl":"/","telemetrySinkConfigured":false,"diagnosticCount":1,"errorCount":0}}
[smoke:session-response] 401 http://127.0.0.1:4173/api/session set-cookie=missing body={"error":"UNAUTHORIZED","message":"Authentication required"}
[smoke:session-request] POST http://127.0.0.1:4173/api/session/login cookie=missing
[smoke:session-response] 200 http://127.0.0.1:4173/api/session/login set-cookie=present
[smoke:session-request] GET http://127.0.0.1:4173/api/session cookie=present
[smoke:session-response] 200 http://127.0.0.1:4173/api/session set-cookie=present
[smoke] cookies after login: [{"name":"airmentor_session","value":"session_7b16f0de-2d32-446a-bac5-b3c62bf9ab22","domain":"127.0.0.1","path":"/","expires":1775489927.737,"httpOnly":true,"secure":false,"sameSite":"Lax"},{"name":"airmentor_csrf","value":"rnLfzBXMvYkI65QotxgxipO4Qfk4D2zC3k_Ki02uQTI","domain":"127.0.0.1","path":"/","expires":1775489927.737,"httpOnly":false,"secure":false,"sameSite":"Lax"}]
[smoke] step: open-seeded-proof-route
[smoke] opening seeded proof route: http://127.0.0.1:4173/#/admin/faculties/academic_faculty_engineering_and_technology/departments/dept_cse/branches/branch_mnc_btech/batches/batch_branch_mnc_btech_2023
[smoke] checkpoint playback missing, verifying proof controls and prewarming through admin endpoints
[smoke] proof dashboard before prewarm: imports=1 activeRun=sim_mnc_2023_first6_v1 checkpoints=0
[smoke] prewarming proof lifecycle through admin endpoints
[smoke] proof dashboard after import validate: status=validated checkpoints=0
[smoke] proof dashboard after import approval: status=approved checkpoints=0
[smoke] active proof run sim_mnc_2023_first6_v1 is missing checkpoints, recomputing seeded baseline risk artifacts
[smoke] recompute-risk prewarm: activeRun=sim_mnc_2023_first6_v1 status=active checkpoints=30
[smoke] proof dashboard after seeded baseline recompute: activeRun=sim_mnc_2023_first6_v1 checkpoints=30
[smoke] reopening seeded proof route after server-side prewarm: http://127.0.0.1:4173/?proof-reload=1774885182822#/admin/faculties/academic_faculty_engineering_and_technology/departments/dept_cse/branches/branch_mnc_btech/batches/batch_branch_mnc_btech_2023
[browser:info] {"type":"airmentor-client-event","name":"startup.diagnostic","level":"info","timestamp":"2026-03-30T15:39:42.904Z","details":{"workspace":"system-admin","level":"info","code":"FRONTEND_STARTUP_MODE","message":"Running with local-first frontend origin expectations."}}
[browser:info] {"type":"airmentor-client-event","name":"startup.ready","level":"info","timestamp":"2026-03-30T15:39:42.905Z","details":{"workspace":"system-admin","apiBaseUrl":"/","telemetrySinkConfigured":false,"diagnosticCount":1,"errorCount":0}}
[smoke:session-request] GET http://127.0.0.1:4173/api/session cookie=present
[smoke:session-response] 200 http://127.0.0.1:4173/api/session set-cookie=present
[browser:info] {"type":"airmentor-client-event","name":"auth.session.restored","level":"info","timestamp":"2026-03-30T15:39:42.916Z","details":{"workspace":"system-admin","sessionId":"session_7b16f0de-2d32-446a-bac5-b3c62bf9ab22","facultyId":"fac_sysadmin","activeRole":"SYSTEM_ADMIN"}}
[browser:info] {"type":"airmentor-client-event","name":"proof.checkpoint.readiness","level":"info","timestamp":"2026-03-30T15:39:46.444Z","details":{"workspace":"system-admin","simulationRunId":"sim_mnc_2023_first6_v1","simulationStageCheckpointId":"stage_checkpoint_e22816d896f73351902c3e1e","stageLabel":"Pre TT1","playbackAccessible":true,"stageAdvanceBlocked":false,"blockingQueueItemCount":0,"canStepForward":true,"canPlayToEnd":false}}
[smoke] step: select-target-checkpoint
[browser:warning] {"type":"airmentor-client-event","name":"proof.checkpoint.readiness","level":"warn","timestamp":"2026-03-30T15:39:47.703Z","details":{"workspace":"system-admin","simulationRunId":"sim_mnc_2023_first6_v1","simulationStageCheckpointId":"stage_checkpoint_654335929a345857eab259b0","stageLabel":"Post SEE","playbackAccessible":false,"stageAdvanceBlocked":false,"blockingQueueItemCount":0,"canStepForward":false,"canPlayToEnd":false}}
[smoke] stored playback selection: {"simulationRunId":"sim_mnc_2023_first6_v1","simulationStageCheckpointId":"stage_checkpoint_654335929a345857eab259b0","updatedAt":"2026-03-30T15:39:47.704Z"}
[smoke] selected checkpoint banner: Selected checkpoint: semester 6 · Post SEE · Checkpoint after SEE evidence is present and locked. This is the end-of-semester progression gate.. Playback progression is blocked until all queue items at this checkpoint are resolved.
[smoke] step: reload-system-admin-proof-route
[smoke] refreshing seeded proof route: http://127.0.0.1:4173/?proof-reload=1774885187889#/admin/faculties/academic_faculty_engineering_and_technology/departments/dept_cse/branches/branch_mnc_btech/batches/batch_branch_mnc_btech_2023
[browser:info] {"type":"airmentor-client-event","name":"startup.diagnostic","level":"info","timestamp":"2026-03-30T15:39:47.965Z","details":{"workspace":"system-admin","level":"info","code":"FRONTEND_STARTUP_MODE","message":"Running with local-first frontend origin expectations."}}
[browser:info] {"type":"airmentor-client-event","name":"startup.ready","level":"info","timestamp":"2026-03-30T15:39:47.965Z","details":{"workspace":"system-admin","apiBaseUrl":"/","telemetrySinkConfigured":false,"diagnosticCount":1,"errorCount":0}}
[smoke:session-request] GET http://127.0.0.1:4173/api/session cookie=present
[browser:info] {"type":"airmentor-client-event","name":"auth.session.restored","level":"info","timestamp":"2026-03-30T15:39:47.977Z","details":{"workspace":"system-admin","sessionId":"session_7b16f0de-2d32-446a-bac5-b3c62bf9ab22","facultyId":"fac_sysadmin","activeRole":"SYSTEM_ADMIN"}}
[smoke:session-response] 200 http://127.0.0.1:4173/api/session set-cookie=present
[smoke] step: reopen-seeded-proof-route-after-reload
[smoke] opening seeded proof route: http://127.0.0.1:4173/#/admin/faculties/academic_faculty_engineering_and_technology/departments/dept_cse/branches/branch_mnc_btech/batches/batch_branch_mnc_btech_2023
[browser:info] {"type":"airmentor-client-event","name":"startup.diagnostic","level":"info","timestamp":"2026-03-30T15:39:49.490Z","details":{"workspace":"system-admin","level":"info","code":"FRONTEND_STARTUP_MODE","message":"Running with local-first frontend origin expectations."}}
[browser:info] {"type":"airmentor-client-event","name":"startup.ready","level":"info","timestamp":"2026-03-30T15:39:49.491Z","details":{"workspace":"system-admin","apiBaseUrl":"/","telemetrySinkConfigured":false,"diagnosticCount":1,"errorCount":0}}
[smoke:session-request] GET http://127.0.0.1:4173/api/session cookie=present
[smoke:session-response] 200 http://127.0.0.1:4173/api/session set-cookie=present
[browser:info] {"type":"airmentor-client-event","name":"auth.session.restored","level":"info","timestamp":"2026-03-30T15:39:50.844Z","details":{"workspace":"system-admin","sessionId":"session_7b16f0de-2d32-446a-bac5-b3c62bf9ab22","facultyId":"fac_sysadmin","activeRole":"SYSTEM_ADMIN"}}
[smoke] opening seeded proof batch overview tab
[smoke] checkpoint playback missing, verifying proof controls and prewarming through admin endpoints
[browser:warning] {"type":"airmentor-client-event","name":"proof.checkpoint.readiness","level":"warn","timestamp":"2026-03-30T15:39:54.305Z","details":{"workspace":"system-admin","simulationRunId":"sim_mnc_2023_first6_v1","simulationStageCheckpointId":"stage_checkpoint_654335929a345857eab259b0","stageLabel":"Post SEE","playbackAccessible":false,"stageAdvanceBlocked":false,"blockingQueueItemCount":0,"canStepForward":false,"canPlayToEnd":false}}
[smoke] proof dashboard before prewarm: imports=1 activeRun=sim_mnc_2023_first6_v1 checkpoints=30
[smoke] reopening seeded proof route after server-side prewarm: http://127.0.0.1:4173/?proof-reload=1774885195028#/admin/faculties/academic_faculty_engineering_and_technology/departments/dept_cse/branches/branch_mnc_btech/batches/batch_branch_mnc_btech_2023
[browser:info] {"type":"airmentor-client-event","name":"startup.diagnostic","level":"info","timestamp":"2026-03-30T15:39:55.122Z","details":{"workspace":"system-admin","level":"info","code":"FRONTEND_STARTUP_MODE","message":"Running with local-first frontend origin expectations."}}
[browser:info] {"type":"airmentor-client-event","name":"startup.ready","level":"info","timestamp":"2026-03-30T15:39:55.122Z","details":{"workspace":"system-admin","apiBaseUrl":"/","telemetrySinkConfigured":false,"diagnosticCount":1,"errorCount":0}}
[smoke:session-request] GET http://127.0.0.1:4173/api/session cookie=present
[smoke:session-response] 200 http://127.0.0.1:4173/api/session set-cookie=present
[browser:info] {"type":"airmentor-client-event","name":"auth.session.restored","level":"info","timestamp":"2026-03-30T15:39:55.134Z","details":{"workspace":"system-admin","sessionId":"session_7b16f0de-2d32-446a-bac5-b3c62bf9ab22","facultyId":"fac_sysadmin","activeRole":"SYSTEM_ADMIN"}}
[browser:warning] {"type":"airmentor-client-event","name":"proof.checkpoint.readiness","level":"warn","timestamp":"2026-03-30T15:39:58.354Z","details":{"workspace":"system-admin","simulationRunId":"sim_mnc_2023_first6_v1","simulationStageCheckpointId":"stage_checkpoint_654335929a345857eab259b0","stageLabel":"Post SEE","playbackAccessible":false,"stageAdvanceBlocked":false,"blockingQueueItemCount":0,"canStepForward":false,"canPlayToEnd":false}}
[smoke] stored playback selection: {"simulationRunId":"sim_mnc_2023_first6_v1","simulationStageCheckpointId":"stage_checkpoint_654335929a345857eab259b0","updatedAt":"2026-03-30T15:39:47.704Z"}
[smoke] selected checkpoint banner: Selected checkpoint: semester 6 · Post SEE · Checkpoint after SEE evidence is present and locked. This is the end-of-semester progression gate.. Playback progression is blocked until all queue items at this checkpoint are resolved.
[smoke] step: logout-system-admin
[smoke:session-request] DELETE http://127.0.0.1:4173/api/session cookie=present
[smoke:session-response] 200 http://127.0.0.1:4173/api/session set-cookie=present
[smoke] step: login-academic-portal
[browser:info] {"type":"airmentor-client-event","name":"startup.diagnostic","level":"info","timestamp":"2026-03-30T15:39:59.911Z","details":{"workspace":"academic","level":"info","code":"FRONTEND_STARTUP_MODE","message":"Running with local-first frontend origin expectations."}}
[browser:info] {"type":"airmentor-client-event","name":"startup.ready","level":"info","timestamp":"2026-03-30T15:39:59.911Z","details":{"workspace":"academic","apiBaseUrl":"/","telemetrySinkConfigured":false,"diagnosticCount":1,"errorCount":0}}
[smoke:session-request] GET http://127.0.0.1:4173/api/session cookie=missing
[smoke:session-response] 401 http://127.0.0.1:4173/api/session set-cookie=missing body={"error":"UNAUTHORIZED","message":"Authentication required"}
[smoke:session-request] POST http://127.0.0.1:4173/api/session/login cookie=missing
[smoke] step: switch-to-course-leader
[smoke:session-response] 200 http://127.0.0.1:4173/api/session/login set-cookie=present
[smoke:session-request] GET http://127.0.0.1:4173/api/session cookie=present
[smoke:session-response] 200 http://127.0.0.1:4173/api/session set-cookie=present
[smoke:academic-request] GET http://127.0.0.1:4173/api/academic/bootstrap?simulationStageCheckpointId=stage_checkpoint_654335929a345857eab259b0
[smoke:academic-response] 200 http://127.0.0.1:4173/api/academic/bootstrap?simulationStageCheckpointId=stage_checkpoint_654335929a345857eab259b0
[browser:info] {"type":"airmentor-client-event","name":"proof.playback.restored","level":"info","timestamp":"2026-03-30T15:40:00.792Z","details":{"workspace":"academic","simulationStageCheckpointId":"stage_checkpoint_654335929a345857eab259b0","semesterLabel":"Semester 6","stageLabel":"Post SEE"}}
[smoke] step: open-faculty-proof-panel
[smoke] step: open-teacher-risk-explorer
[smoke] step: open-teacher-partial-profile
[smoke] step: assert-teacher-risk-explorer
[smoke] step: return-from-teacher-risk-explorer
[smoke] step: open-teacher-student-shell
[smoke] step: assert-student-shell
[smoke] step: return-from-student-shell
[smoke] step: switch-to-hod
[smoke:session-request] POST http://127.0.0.1:4173/api/session/role-context cookie=present
[smoke:session-response] 200 http://127.0.0.1:4173/api/session/role-context set-cookie=present
[smoke:session-request] GET http://127.0.0.1:4173/api/session cookie=present
[smoke:session-response] 200 http://127.0.0.1:4173/api/session set-cookie=present
[smoke:academic-request] GET http://127.0.0.1:4173/api/academic/bootstrap?simulationStageCheckpointId=stage_checkpoint_654335929a345857eab259b0
[smoke:academic-request] GET http://127.0.0.1:4173/api/academic/hod/proof-bundle?simulationStageCheckpointId=stage_checkpoint_654335929a345857eab259b0
[smoke:academic-response] 200 http://127.0.0.1:4173/api/academic/bootstrap?simulationStageCheckpointId=stage_checkpoint_654335929a345857eab259b0
[browser:info] {"type":"airmentor-client-event","name":"proof.playback.restored","level":"info","timestamp":"2026-03-30T15:40:06.772Z","details":{"workspace":"academic","simulationStageCheckpointId":"stage_checkpoint_654335929a345857eab259b0","semesterLabel":"Semester 6","stageLabel":"Post SEE"}}
[smoke:academic-response] 200 http://127.0.0.1:4173/api/academic/hod/proof-bundle?simulationStageCheckpointId=stage_checkpoint_654335929a345857eab259b0
[smoke:academic-response] 409 http://127.0.0.1:4173/api/academic/task-placements/task_mnc_student_002_mnc_s6_amc_s6_31_a?expectedUpdatedAt=1773619200000 body={"error":"CONFLICT","message":"Stale updatedAt for academic task placement","details":{"current":{"taskId":"task_mnc_student_002_mnc_s6_amc_s6_31_a","updatedAt":1774885235390}}}
[pageerror] Stale updatedAt for academic task placement
[smoke:academic-response] 409 http://127.0.0.1:4173/api/academic/task-placements/task_mnc_student_003_mnc_s6_amc_s6_31_a?expectedUpdatedAt=1773619200000 body={"error":"CONFLICT","message":"Stale updatedAt for academic task placement","details":{"current":{"taskId":"task_mnc_student_003_mnc_s6_amc_s6_31_a","updatedAt":1774885235391}}}
[smoke:academic-response] 409 http://127.0.0.1:4173/api/academic/task-placements/task_mnc_student_004_mnc_s6_amc_s6_31_a?expectedUpdatedAt=1773619200000 body={"error":"CONFLICT","message":"Stale updatedAt for academic task placement","details":{"current":{"taskId":"task_mnc_student_004_mnc_s6_amc_s6_31_a","updatedAt":1774885235392}}}
[smoke:academic-response] 409 http://127.0.0.1:4173/api/academic/task-placements/task_mnc_student_006_mnc_s6_amc_s6_31_a?expectedUpdatedAt=1773619200000 body={"error":"CONFLICT","message":"Stale updatedAt for academic task placement","details":{"current":{"taskId":"task_mnc_student_006_mnc_s6_amc_s6_31_a","updatedAt":1774885235400}}}
[smoke:academic-response] 409 http://127.0.0.1:4173/api/academic/task-placements/task_mnc_student_007_mnc_s6_amc_s6_31_a?expectedUpdatedAt=1773619200000 body={"error":"CONFLICT","message":"Stale updatedAt for academic task placement","details":{"current":{"taskId":"task_mnc_student_007_mnc_s6_amc_s6_31_a","updatedAt":1774885235400}}}
[smoke:academic-response] 409 http://127.0.0.1:4173/api/academic/task-placements/task_mnc_student_011_mnc_s6_amc_s6_31_a?expectedUpdatedAt=1773619200000 body={"error":"CONFLICT","message":"Stale updatedAt for academic task placement","details":{"current":{"taskId":"task_mnc_student_011_mnc_s6_amc_s6_31_a","updatedAt":1774885235403}}}
[smoke:academic-response] 409 http://127.0.0.1:4173/api/academic/task-placements/task_mnc_student_013_mnc_s6_amc_s6_31_a?expectedUpdatedAt=1773619200000 body={"error":"CONFLICT","message":"Stale updatedAt for academic task placement","details":{"current":{"taskId":"task_mnc_student_013_mnc_s6_amc_s6_31_a","updatedAt":1774885235404}}}
[smoke:academic-response] 409 http://127.0.0.1:4173/api/academic/task-placements/task_mnc_student_010_mnc_s6_amc_s6_31_a?expectedUpdatedAt=1773619200000 body={"error":"CONFLICT","message":"Stale updatedAt for academic task placement","details":{"current":{"taskId":"task_mnc_student_010_mnc_s6_amc_s6_31_a","updatedAt":1774885235402}}}
[smoke:academic-response] 409 http://127.0.0.1:4173/api/academic/task-placements/task_mnc_student_015_mnc_s6_amc_s6_31_a?expectedUpdatedAt=1773619200000 body={"error":"CONFLICT","message":"Stale updatedAt for academic task placement","details":{"current":{"taskId":"task_mnc_student_015_mnc_s6_amc_s6_31_a","updatedAt":1774885235404}}}
[smoke:academic-response] 409 http://127.0.0.1:4173/api/academic/task-placements/task_mnc_student_017_mnc_s6_amc_s6_31_a?expectedUpdatedAt=1773619200000 body={"error":"CONFLICT","message":"Stale updatedAt for academic task placement","details":{"current":{"taskId":"task_mnc_student_017_mnc_s6_amc_s6_31_a","updatedAt":1774885235413}}}
[smoke:academic-response] 409 http://127.0.0.1:4173/api/academic/task-placements/task_mnc_student_019_mnc_s6_amc_s6_31_a?expectedUpdatedAt=1773619200000 body={"error":"CONFLICT","message":"Stale updatedAt for academic task placement","details":{"current":{"taskId":"task_mnc_student_019_mnc_s6_amc_s6_31_a","updatedAt":1774885235414}}}
[smoke:academic-response] 409 http://127.0.0.1:4173/api/academic/task-placements/task_mnc_student_020_mnc_s6_amc_s6_31_a?expectedUpdatedAt=1773619200000 body={"error":"CONFLICT","message":"Stale updatedAt for academic task placement","details":{"current":{"taskId":"task_mnc_student_020_mnc_s6_amc_s6_31_a","updatedAt":1774885235414}}}
[smoke:academic-response] 409 http://127.0.0.1:4173/api/academic/task-placements/task_mnc_student_027_mnc_s6_amc_s6_31_a?expectedUpdatedAt=1773619200000 body={"error":"CONFLICT","message":"Stale updatedAt for academic task placement","details":{"current":{"taskId":"task_mnc_student_027_mnc_s6_amc_s6_31_a","updatedAt":1774885235416}}}
[smoke:academic-response] 409 http://127.0.0.1:4173/api/academic/task-placements/task_mnc_student_029_mnc_s6_amc_s6_31_a?expectedUpdatedAt=1773619200000 body={"error":"CONFLICT","message":"Stale updatedAt for academic task placement","details":{"current":{"taskId":"task_mnc_student_029_mnc_s6_amc_s6_31_a","updatedAt":1774885235416}}}
[smoke:academic-response] 409 http://127.0.0.1:4173/api/academic/task-placements/task_mnc_student_021_mnc_s6_amc_s6_31_a?expectedUpdatedAt=1773619200000 body={"error":"CONFLICT","message":"Stale updatedAt for academic task placement","details":{"current":{"taskId":"task_mnc_student_021_mnc_s6_amc_s6_31_a","updatedAt":1774885235415}}}
[smoke:academic-response] 409 http://127.0.0.1:4173/api/academic/task-placements/task_mnc_student_031_mnc_s6_amc_s6_31_a?expectedUpdatedAt=1773619200000 body={"error":"CONFLICT","message":"Stale updatedAt for academic task placement","details":{"current":{"taskId":"task_mnc_student_031_mnc_s6_amc_s6_31_a","updatedAt":1774885235428}}}
[smoke:academic-response] 409 http://127.0.0.1:4173/api/academic/task-placements/task_mnc_student_032_mnc_s6_amc_s6_31_a?expectedUpdatedAt=1773619200000 body={"error":"CONFLICT","message":"Stale updatedAt for academic task placement","details":{"current":{"taskId":"task_mnc_student_032_mnc_s6_amc_s6_31_a","updatedAt":1774885235430}}}
[smoke:academic-response] 409 http://127.0.0.1:4173/api/academic/task-placements/task_mnc_student_033_mnc_s6_amc_s6_31_a?expectedUpdatedAt=1773619200000 body={"error":"CONFLICT","message":"Stale updatedAt for academic task placement","details":{"current":{"taskId":"task_mnc_student_033_mnc_s6_amc_s6_31_a","updatedAt":1774885235430}}}
[smoke:academic-response] 409 http://127.0.0.1:4173/api/academic/task-placements/task_mnc_student_039_mnc_s6_amc_s6_31_a?expectedUpdatedAt=1773619200000 body={"error":"CONFLICT","message":"Stale updatedAt for academic task placement","details":{"current":{"taskId":"task_mnc_student_039_mnc_s6_amc_s6_31_a","updatedAt":1774885235431}}}
[smoke:academic-response] 409 http://127.0.0.1:4173/api/academic/task-placements/task_mnc_student_036_mnc_s6_amc_s6_31_a?expectedUpdatedAt=1773619200000 body={"error":"CONFLICT","message":"Stale updatedAt for academic task placement","details":{"current":{"taskId":"task_mnc_student_036_mnc_s6_amc_s6_31_a","updatedAt":1774885235429}}}
[smoke:academic-response] 409 http://127.0.0.1:4173/api/academic/task-placements/task_mnc_student_038_mnc_s6_amc_s6_31_a?expectedUpdatedAt=1773619200000 body={"error":"CONFLICT","message":"Stale updatedAt for academic task placement","details":{"current":{"taskId":"task_mnc_student_038_mnc_s6_amc_s6_31_a","updatedAt":1774885235430}}}
[smoke:academic-response] 409 http://127.0.0.1:4173/api/academic/task-placements/task_mnc_student_040_mnc_s6_amc_s6_31_a?expectedUpdatedAt=1773619200000 body={"error":"CONFLICT","message":"Stale updatedAt for academic task placement","details":{"current":{"taskId":"task_mnc_student_040_mnc_s6_amc_s6_31_a","updatedAt":1774885235442}}}
[smoke:academic-response] 409 http://127.0.0.1:4173/api/academic/task-placements/task_mnc_student_041_mnc_s6_amc_s6_31_a?expectedUpdatedAt=1773619200000 body={"error":"CONFLICT","message":"Stale updatedAt for academic task placement","details":{"current":{"taskId":"task_mnc_student_041_mnc_s6_amc_s6_31_a","updatedAt":1774885235443}}}
[smoke:academic-response] 409 http://127.0.0.1:4173/api/academic/task-placements/task_mnc_student_042_mnc_s6_amc_s6_31_a?expectedUpdatedAt=1773619200000 body={"error":"CONFLICT","message":"Stale updatedAt for academic task placement","details":{"current":{"taskId":"task_mnc_student_042_mnc_s6_amc_s6_31_a","updatedAt":1774885235442}}}
[smoke:academic-response] 409 http://127.0.0.1:4173/api/academic/task-placements/task_mnc_student_044_mnc_s6_amc_s6_31_a?expectedUpdatedAt=1773619200000 body={"error":"CONFLICT","message":"Stale updatedAt for academic task placement","details":{"current":{"taskId":"task_mnc_student_044_mnc_s6_amc_s6_31_a","updatedAt":1774885235444}}}
[smoke:academic-response] 409 http://127.0.0.1:4173/api/academic/task-placements/task_mnc_student_043_mnc_s6_amc_s6_31_a?expectedUpdatedAt=1773619200000 body={"error":"CONFLICT","message":"Stale updatedAt for academic task placement","details":{"current":{"taskId":"task_mnc_student_043_mnc_s6_amc_s6_31_a","updatedAt":1774885235443}}}
[smoke:academic-response] 409 http://127.0.0.1:4173/api/academic/task-placements/task_mnc_student_046_mnc_s6_amc_s6_31_a?expectedUpdatedAt=1773619200000 body={"error":"CONFLICT","message":"Stale updatedAt for academic task placement","details":{"current":{"taskId":"task_mnc_student_046_mnc_s6_amc_s6_31_a","updatedAt":1774885235452}}}
[smoke:academic-response] 409 http://127.0.0.1:4173/api/academic/task-placements/task_mnc_student_045_mnc_s6_amc_s6_31_a?expectedUpdatedAt=1773619200000 body={"error":"CONFLICT","message":"Stale updatedAt for academic task placement","details":{"current":{"taskId":"task_mnc_student_045_mnc_s6_amc_s6_31_a","updatedAt":1774885235445}}}
[smoke:academic-response] 409 http://127.0.0.1:4173/api/academic/task-placements/task_mnc_student_049_mnc_s6_amc_s6_31_a?expectedUpdatedAt=1773619200000 body={"error":"CONFLICT","message":"Stale updatedAt for academic task placement","details":{"current":{"taskId":"task_mnc_student_049_mnc_s6_amc_s6_31_a","updatedAt":1774885235458}}}
[smoke:academic-response] 409 http://127.0.0.1:4173/api/academic/task-placements/task_mnc_student_048_mnc_s6_amc_s6_31_a?expectedUpdatedAt=1773619200000 body={"error":"CONFLICT","message":"Stale updatedAt for academic task placement","details":{"current":{"taskId":"task_mnc_student_048_mnc_s6_amc_s6_31_a","updatedAt":1774885235455}}}
[smoke:academic-response] 409 http://127.0.0.1:4173/api/academic/task-placements/task_mnc_student_053_mnc_s6_amc_s6_31_a?expectedUpdatedAt=1773619200000 body={"error":"CONFLICT","message":"Stale updatedAt for academic task placement","details":{"current":{"taskId":"task_mnc_student_053_mnc_s6_amc_s6_31_a","updatedAt":1774885235461}}}
[smoke:academic-response] 409 http://127.0.0.1:4173/api/academic/task-placements/task_mnc_student_051_mnc_s6_amc_s6_31_a?expectedUpdatedAt=1773619200000 body={"error":"CONFLICT","message":"Stale updatedAt for academic task placement","details":{"current":{"taskId":"task_mnc_student_051_mnc_s6_amc_s6_31_a","updatedAt":1774885235460}}}
[smoke:academic-response] 409 http://127.0.0.1:4173/api/academic/task-placements/task_mnc_student_063_mnc_s6_amc_s6_35_b?expectedUpdatedAt=1773619200000 body={"error":"CONFLICT","message":"Stale updatedAt for academic task placement","details":{"current":{"taskId":"task_mnc_student_063_mnc_s6_amc_s6_35_b","updatedAt":1774885235463}}}
[smoke:academic-response] 409 http://127.0.0.1:4173/api/academic/task-placements/task_mnc_student_062_mnc_s6_amc_s6_35_b?expectedUpdatedAt=1773619200000 body={"error":"CONFLICT","message":"Stale updatedAt for academic task placement","details":{"current":{"taskId":"task_mnc_student_062_mnc_s6_amc_s6_35_b","updatedAt":1774885235462}}}
[smoke:academic-response] 409 http://127.0.0.1:4173/api/academic/task-placements/task_mnc_student_064_mnc_s6_amc_s6_35_b?expectedUpdatedAt=1773619200000 body={"error":"CONFLICT","message":"Stale updatedAt for academic task placement","details":{"current":{"taskId":"task_mnc_student_064_mnc_s6_amc_s6_35_b","updatedAt":1774885235466}}}
[smoke:academic-response] 409 http://127.0.0.1:4173/api/academic/task-placements/task_mnc_student_066_mnc_s6_amc_s6_35_b?expectedUpdatedAt=1773619200000 body={"error":"CONFLICT","message":"Stale updatedAt for academic task placement","details":{"current":{"taskId":"task_mnc_student_066_mnc_s6_amc_s6_35_b","updatedAt":1774885235472}}}
[smoke:academic-response] 409 http://127.0.0.1:4173/api/academic/task-placements/task_mnc_student_071_mnc_s6_amc_s6_35_b?expectedUpdatedAt=1773619200000 body={"error":"CONFLICT","message":"Stale updatedAt for academic task placement","details":{"current":{"taskId":"task_mnc_student_071_mnc_s6_amc_s6_35_b","updatedAt":1774885235478}}}
[smoke:academic-response] 409 http://127.0.0.1:4173/api/academic/task-placements/task_mnc_student_067_mnc_s6_amc_s6_35_b?expectedUpdatedAt=1773619200000 body={"error":"CONFLICT","message":"Stale updatedAt for academic task placement","details":{"current":{"taskId":"task_mnc_student_067_mnc_s6_amc_s6_35_b","updatedAt":1774885235474}}}
[smoke:academic-response] 409 http://127.0.0.1:4173/api/academic/task-placements/task_mnc_student_070_mnc_s6_amc_s6_35_b?expectedUpdatedAt=1773619200000 body={"error":"CONFLICT","message":"Stale updatedAt for academic task placement","details":{"current":{"taskId":"task_mnc_student_070_mnc_s6_amc_s6_35_b","updatedAt":1774885235476}}}
[smoke:academic-response] 409 http://127.0.0.1:4173/api/academic/task-placements/task_mnc_student_074_mnc_s6_amc_s6_35_b?expectedUpdatedAt=1773619200000 body={"error":"CONFLICT","message":"Stale updatedAt for academic task placement","details":{"current":{"taskId":"task_mnc_student_074_mnc_s6_amc_s6_35_b","updatedAt":1774885235480}}}
[smoke:academic-response] 409 http://127.0.0.1:4173/api/academic/task-placements/task_mnc_student_072_mnc_s6_amc_s6_35_b?expectedUpdatedAt=1773619200000 body={"error":"CONFLICT","message":"Stale updatedAt for academic task placement","details":{"current":{"taskId":"task_mnc_student_072_mnc_s6_amc_s6_35_b","updatedAt":1774885235479}}}
[smoke:academic-response] 409 http://127.0.0.1:4173/api/academic/task-placements/task_mnc_student_075_mnc_s6_amc_s6_35_b?expectedUpdatedAt=1773619200000 body={"error":"CONFLICT","message":"Stale updatedAt for academic task placement","details":{"current":{"taskId":"task_mnc_student_075_mnc_s6_amc_s6_35_b","updatedAt":1774885235485}}}
[smoke:academic-response] 409 http://127.0.0.1:4173/api/academic/task-placements/task_mnc_student_077_mnc_s6_amc_s6_35_b?expectedUpdatedAt=1773619200000 body={"error":"CONFLICT","message":"Stale updatedAt for academic task placement","details":{"current":{"taskId":"task_mnc_student_077_mnc_s6_amc_s6_35_b","updatedAt":1774885235490}}}
[smoke:academic-response] 409 http://127.0.0.1:4173/api/academic/task-placements/task_mnc_student_076_mnc_s6_amc_s6_35_b?expectedUpdatedAt=1773619200000 body={"error":"CONFLICT","message":"Stale updatedAt for academic task placement","details":{"current":{"taskId":"task_mnc_student_076_mnc_s6_amc_s6_35_b","updatedAt":1774885235487}}}
[smoke:academic-response] 409 http://127.0.0.1:4173/api/academic/task-placements/task_mnc_student_080_mnc_s6_amc_s6_35_b?expectedUpdatedAt=1773619200000 body={"error":"CONFLICT","message":"Stale updatedAt for academic task placement","details":{"current":{"taskId":"task_mnc_student_080_mnc_s6_amc_s6_35_b","updatedAt":1774885235492}}}
[smoke:academic-response] 409 http://127.0.0.1:4173/api/academic/task-placements/task_mnc_student_083_mnc_s6_amc_s6_35_b?expectedUpdatedAt=1773619200000 body={"error":"CONFLICT","message":"Stale updatedAt for academic task placement","details":{"current":{"taskId":"task_mnc_student_083_mnc_s6_amc_s6_35_b","updatedAt":1774885235493}}}
[smoke:academic-response] 409 http://127.0.0.1:4173/api/academic/task-placements/task_mnc_student_081_mnc_s6_amc_s6_35_b?expectedUpdatedAt=1773619200000 body={"error":"CONFLICT","message":"Stale updatedAt for academic task placement","details":{"current":{"taskId":"task_mnc_student_081_mnc_s6_amc_s6_35_b","updatedAt":1774885235494}}}
[smoke:academic-response] 409 http://127.0.0.1:4173/api/academic/task-placements/task_mnc_student_084_mnc_s6_amc_s6_35_b?expectedUpdatedAt=1773619200000 body={"error":"CONFLICT","message":"Stale updatedAt for academic task placement","details":{"current":{"taskId":"task_mnc_student_084_mnc_s6_amc_s6_35_b","updatedAt":1774885235500}}}
[smoke:academic-response] 409 http://127.0.0.1:4173/api/academic/task-placements/task_mnc_student_086_mnc_s6_amc_s6_35_b?expectedUpdatedAt=1773619200000 body={"error":"CONFLICT","message":"Stale updatedAt for academic task placement","details":{"current":{"taskId":"task_mnc_student_086_mnc_s6_amc_s6_35_b","updatedAt":1774885235506}}}
[smoke:academic-response] 409 http://127.0.0.1:4173/api/academic/task-placements/task_mnc_student_085_mnc_s6_amc_s6_35_b?expectedUpdatedAt=1773619200000 body={"error":"CONFLICT","message":"Stale updatedAt for academic task placement","details":{"current":{"taskId":"task_mnc_student_085_mnc_s6_amc_s6_35_b","updatedAt":1774885235500}}}
[smoke:academic-response] 409 http://127.0.0.1:4173/api/academic/task-placements/task_mnc_student_088_mnc_s6_amc_s6_35_b?expectedUpdatedAt=1773619200000 body={"error":"CONFLICT","message":"Stale updatedAt for academic task placement","details":{"current":{"taskId":"task_mnc_student_088_mnc_s6_amc_s6_35_b","updatedAt":1774885235504}}}
[smoke:academic-response] 409 http://127.0.0.1:4173/api/academic/task-placements/task_mnc_student_090_mnc_s6_amc_s6_35_b?expectedUpdatedAt=1773619200000 body={"error":"CONFLICT","message":"Stale updatedAt for academic task placement","details":{"current":{"taskId":"task_mnc_student_090_mnc_s6_amc_s6_35_b","updatedAt":1774885235509}}}
[smoke:academic-response] 409 http://127.0.0.1:4173/api/academic/task-placements/task_mnc_student_089_mnc_s6_amc_s6_35_b?expectedUpdatedAt=1773619200000 body={"error":"CONFLICT","message":"Stale updatedAt for academic task placement","details":{"current":{"taskId":"task_mnc_student_089_mnc_s6_amc_s6_35_b","updatedAt":1774885235506}}}
[smoke:academic-response] 409 http://127.0.0.1:4173/api/academic/task-placements/task_mnc_student_091_mnc_s6_amc_s6_35_b?expectedUpdatedAt=1773619200000 body={"error":"CONFLICT","message":"Stale updatedAt for academic task placement","details":{"current":{"taskId":"task_mnc_student_091_mnc_s6_amc_s6_35_b","updatedAt":1774885235512}}}
[smoke:academic-response] 409 http://127.0.0.1:4173/api/academic/task-placements/task_mnc_student_095_mnc_s6_amc_s6_35_b?expectedUpdatedAt=1773619200000 body={"error":"CONFLICT","message":"Stale updatedAt for academic task placement","details":{"current":{"taskId":"task_mnc_student_095_mnc_s6_amc_s6_35_b","updatedAt":1774885235517}}}
[smoke:academic-response] 409 http://127.0.0.1:4173/api/academic/task-placements/task_mnc_student_092_mnc_s6_amc_s6_35_b?expectedUpdatedAt=1773619200000 body={"error":"CONFLICT","message":"Stale updatedAt for academic task placement","details":{"current":{"taskId":"task_mnc_student_092_mnc_s6_amc_s6_35_b","updatedAt":1774885235514}}}
[smoke:academic-response] 409 http://127.0.0.1:4173/api/academic/task-placements/task_mnc_student_096_mnc_s6_amc_s6_35_b?expectedUpdatedAt=1773619200000 body={"error":"CONFLICT","message":"Stale updatedAt for academic task placement","details":{"current":{"taskId":"task_mnc_student_096_mnc_s6_amc_s6_35_b","updatedAt":1774885235518}}}
[smoke:academic-response] 409 http://127.0.0.1:4173/api/academic/task-placements/task_mnc_student_099_mnc_s6_amc_s6_35_b?expectedUpdatedAt=1773619200000 body={"error":"CONFLICT","message":"Stale updatedAt for academic task placement","details":{"current":{"taskId":"task_mnc_student_099_mnc_s6_amc_s6_35_b","updatedAt":1774885235518}}}
[smoke:academic-response] 409 http://127.0.0.1:4173/api/academic/task-placements/task_mnc_student_100_mnc_s6_amc_s6_35_b?expectedUpdatedAt=1773619200000 body={"error":"CONFLICT","message":"Stale updatedAt for academic task placement","details":{"current":{"taskId":"task_mnc_student_100_mnc_s6_amc_s6_35_b","updatedAt":1774885235522}}}
[smoke:academic-response] 409 http://127.0.0.1:4173/api/academic/task-placements/task_mnc_student_101_mnc_s6_amc_s6_35_b?expectedUpdatedAt=1773619200000 body={"error":"CONFLICT","message":"Stale updatedAt for academic task placement","details":{"current":{"taskId":"task_mnc_student_101_mnc_s6_amc_s6_35_b","updatedAt":1774885235524}}}
[smoke:academic-response] 409 http://127.0.0.1:4173/api/academic/task-placements/task_mnc_student_104_mnc_s6_amc_s6_35_b?expectedUpdatedAt=1773619200000 body={"error":"CONFLICT","message":"Stale updatedAt for academic task placement","details":{"current":{"taskId":"task_mnc_student_104_mnc_s6_amc_s6_35_b","updatedAt":1774885235531}}}
[smoke:academic-response] 409 http://127.0.0.1:4173/api/academic/task-placements/task_mnc_student_105_mnc_s6_amc_s6_35_b?expectedUpdatedAt=1773619200000 body={"error":"CONFLICT","message":"Stale updatedAt for academic task placement","details":{"current":{"taskId":"task_mnc_student_105_mnc_s6_amc_s6_35_b","updatedAt":1774885235533}}}
[smoke:academic-response] 409 http://127.0.0.1:4173/api/academic/task-placements/task_mnc_student_102_mnc_s6_amc_s6_35_b?expectedUpdatedAt=1773619200000 body={"error":"CONFLICT","message":"Stale updatedAt for academic task placement","details":{"current":{"taskId":"task_mnc_student_102_mnc_s6_amc_s6_35_b","updatedAt":1774885235527}}}
[smoke:academic-response] 409 http://127.0.0.1:4173/api/academic/task-placements/task_mnc_student_103_mnc_s6_amc_s6_35_b?expectedUpdatedAt=1773619200000 body={"error":"CONFLICT","message":"Stale updatedAt for academic task placement","details":{"current":{"taskId":"task_mnc_student_103_mnc_s6_amc_s6_35_b","updatedAt":1774885235531}}}
[smoke:academic-response] 409 http://127.0.0.1:4173/api/academic/task-placements/task_mnc_student_107_mnc_s6_amc_s6_35_b?expectedUpdatedAt=1773619200000 body={"error":"CONFLICT","message":"Stale updatedAt for academic task placement","details":{"current":{"taskId":"task_mnc_student_107_mnc_s6_amc_s6_35_b","updatedAt":1774885235535}}}
[smoke:academic-response] 409 http://127.0.0.1:4173/api/academic/task-placements/task_mnc_student_106_mnc_s6_amc_s6_35_b?expectedUpdatedAt=1773619200000 body={"error":"CONFLICT","message":"Stale updatedAt for academic task placement","details":{"current":{"taskId":"task_mnc_student_106_mnc_s6_amc_s6_35_b","updatedAt":1774885235534}}}
[smoke:academic-response] 409 http://127.0.0.1:4173/api/academic/task-placements/task_mnc_student_108_mnc_s6_amc_s6_35_b?expectedUpdatedAt=1773619200000 body={"error":"CONFLICT","message":"Stale updatedAt for academic task placement","details":{"current":{"taskId":"task_mnc_student_108_mnc_s6_amc_s6_35_b","updatedAt":1774885235537}}}
[smoke:academic-response] 409 http://127.0.0.1:4173/api/academic/task-placements/task_mnc_student_109_mnc_s6_amc_s6_35_b?expectedUpdatedAt=1773619200000 body={"error":"CONFLICT","message":"Stale updatedAt for academic task placement","details":{"current":{"taskId":"task_mnc_student_109_mnc_s6_amc_s6_35_b","updatedAt":1774885235542}}}
[smoke:academic-response] 409 http://127.0.0.1:4173/api/academic/task-placements/task_mnc_student_110_mnc_s6_amc_s6_35_b?expectedUpdatedAt=1773619200000 body={"error":"CONFLICT","message":"Stale updatedAt for academic task placement","details":{"current":{"taskId":"task_mnc_student_110_mnc_s6_amc_s6_35_b","updatedAt":1774885235545}}}
[smoke:academic-response] 409 http://127.0.0.1:4173/api/academic/task-placements/task_mnc_student_111_mnc_s6_amc_s6_35_b?expectedUpdatedAt=1773619200000 body={"error":"CONFLICT","message":"Stale updatedAt for academic task placement","details":{"current":{"taskId":"task_mnc_student_111_mnc_s6_amc_s6_35_b","updatedAt":1774885235547}}}
[smoke:academic-response] 409 http://127.0.0.1:4173/api/academic/task-placements/task_mnc_student_114_mnc_s6_amc_s6_35_b?expectedUpdatedAt=1773619200000 body={"error":"CONFLICT","message":"Stale updatedAt for academic task placement","details":{"current":{"taskId":"task_mnc_student_114_mnc_s6_amc_s6_35_b","updatedAt":1774885235547}}}
[smoke] step: assert-hod-proof-analytics
[smoke:academic-response] 409 http://127.0.0.1:4173/api/academic/task-placements/task_mnc_student_116_mnc_s6_amc_s6_35_b?expectedUpdatedAt=1773619200000 body={"error":"CONFLICT","message":"Stale updatedAt for academic task placement","details":{"current":{"taskId":"task_mnc_student_116_mnc_s6_amc_s6_35_b","updatedAt":1774885235549}}}
[smoke:academic-response] 409 http://127.0.0.1:4173/api/academic/task-placements/task_mnc_student_117_mnc_s6_amc_s6_35_b?expectedUpdatedAt=1773619200000 body={"error":"CONFLICT","message":"Stale updatedAt for academic task placement","details":{"current":{"taskId":"task_mnc_student_117_mnc_s6_amc_s6_35_b","updatedAt":1774885235550}}}
[smoke:academic-response] 409 http://127.0.0.1:4173/api/academic/task-placements/task_mnc_student_119_mnc_s6_amc_s6_35_b?expectedUpdatedAt=1773619200000 body={"error":"CONFLICT","message":"Stale updatedAt for academic task placement","details":{"current":{"taskId":"task_mnc_student_119_mnc_s6_amc_s6_35_b","updatedAt":1774885235555}}}
[smoke:academic-response] 409 http://127.0.0.1:4173/api/academic/task-placements/task_mnc_student_120_mnc_s6_amc_s6_35_b?expectedUpdatedAt=1773619200000 body={"error":"CONFLICT","message":"Stale updatedAt for academic task placement","details":{"current":{"taskId":"task_mnc_student_120_mnc_s6_amc_s6_35_b","updatedAt":1774885235559}}}
[smoke] step: open-hod-student-shell
[smoke] step: assert-hod-student-shell
[smoke] step: return-from-hod-student-shell
[smoke] step: open-hod-risk-explorer
[smoke] step: assert-hod-risk-explorer
System admin proof-risk smoke passed.
Screenshots:
- systemAdmin: /home/raed/projects/air-mentor-ui/output/playwright/system-admin-proof-control-plane.png
- teacher: /home/raed/projects/air-mentor-ui/output/playwright/teacher-proof-panel.png
- teacherRiskExplorer: /home/raed/projects/air-mentor-ui/output/playwright/teacher-risk-explorer-proof.png
- hod: /home/raed/projects/air-mentor-ui/output/playwright/hod-proof-analytics.png
- hodRiskExplorer: /home/raed/projects/air-mentor-ui/output/playwright/hod-risk-explorer-proof.png
- studentShell: /home/raed/projects/air-mentor-ui/output/playwright/student-shell-proof.png
[browser] page closed unexpectedly
[browser] browser disconnected unexpectedly

> air-mentor-api@0.1.0 test:proof-rc
> AIRMENTOR_BACKEND_SUITE=proof-rc node scripts/run-vitest-suite.mjs

[air-mentor-api] Running proof-rc backend suite across 26 test files.

[air-mentor-api] -> tests/academic-access.test.ts

 RUN  v4.1.0 /home/raed/projects/air-mentor-ui/air-mentor-api


 Test Files  1 passed (1)
      Tests  5 passed (5)
   Start at  21:10:40
   Duration  136ms (transform 31ms, setup 0ms, import 41ms, tests 3ms, environment 0ms)

[air-mentor-api] <- tests/academic-access.test.ts in 404ms

[air-mentor-api] -> tests/academic-parity.test.ts

 RUN  v4.1.0 /home/raed/projects/air-mentor-ui/air-mentor-api


 Test Files  1 passed (1)
      Tests  7 passed (7)
   Start at  21:10:40
   Duration  78.74s (transform 740ms, setup 0ms, import 1.20s, tests 77.45s, environment 0ms)

[air-mentor-api] <- tests/academic-parity.test.ts in 79.11s

[air-mentor-api] -> tests/academic-runtime-narrow-routes.test.ts

 RUN  v4.1.0 /home/raed/projects/air-mentor-ui/air-mentor-api


 Test Files  1 passed (1)
      Tests  6 passed (6)
   Start at  21:11:59
   Duration  30.71s (transform 799ms, setup 0ms, import 1.27s, tests 29.34s, environment 0ms)

[air-mentor-api] <- tests/academic-runtime-narrow-routes.test.ts in 31.01s

[air-mentor-api] -> tests/admin-control-plane.test.ts

 RUN  v4.1.0 /home/raed/projects/air-mentor-ui/air-mentor-api

 ❯ tests/admin-control-plane.test.ts (14 tests | 1 failed) 312179ms
     × returns an empty HoD proof surface outside the supervised proof branch 4175ms

⎯⎯⎯⎯⎯⎯⎯ Failed Tests 1 ⎯⎯⎯⎯⎯⎯⎯

 FAIL  tests/admin-control-plane.test.ts > admin control plane routes > returns an empty HoD proof surface outside the supervised proof branch
AssertionError: expected { activeRunContext: { …(9) }, …(13) } to match object { activeRunContext: null, …(1) }
(41 matching properties omitted from actual)

- Expected
+ Received

  {
-   "activeRunContext": null,
+   "activeRunContext": {
+     "batchId": "batch_branch_mnc_btech_2023",
+     "batchLabel": "2023 Proof",
+     "branchName": "B.Tech Mathematics and Computing",
+     "createdAt": "2026-03-16T00:00:00.000Z",
+     "runLabel": "MSRUAS first-6-semester proof batch",
+     "seed": 101,
+     "simulationRunId": "sim_mnc_2023_first6_v1",
+     "sourceLabel": "Live proof records",
+     "status": "active",
+   },
    "totals": {
-     "studentsCovered": 0,
+     "studentsCovered": 120,
    },
  }

 ❯ tests/admin-control-plane.test.ts:1813:36
    1811|     })
    1812|     expect(summaryResponse.statusCode).toBe(200)
    1813|     expect(summaryResponse.json()).toMatchObject({
       |                                    ^
    1814|       activeRunContext: null,
    1815|       totals: {

⎯⎯⎯⎯⎯⎯⎯⎯⎯⎯⎯⎯⎯⎯⎯⎯⎯⎯⎯⎯⎯⎯⎯⎯[1/1]⎯


 Test Files  1 failed (1)
      Tests  1 failed | 13 passed (14)
   Start at  21:12:30
   Duration  313.37s (transform 736ms, setup 0ms, import 1.10s, tests 312.18s, environment 0ms)

[air-mentor-api] <- tests/admin-control-plane.test.ts in 313.72s
[air-mentor-api] Test file failed: tests/admin-control-plane.test.ts

[air-mentor-api] Per-file timings
- tests/admin-control-plane.test.ts :: 313.72s
- tests/academic-parity.test.ts :: 79.11s
- tests/academic-runtime-narrow-routes.test.ts :: 31.01s
- tests/academic-access.test.ts :: 404ms
npm error Lifecycle script `test:proof-rc` failed with error:
npm error code 1
npm error path /home/raed/projects/air-mentor-ui/air-mentor-api
npm error workspace air-mentor-api@0.1.0
npm error location /home/raed/projects/air-mentor-ui/air-mentor-api
npm error command failed
npm error command sh -c AIRMENTOR_BACKEND_SUITE=proof-rc node scripts/run-vitest-suite.mjs
