[2026-04-01T18:22:41Z] cwd=/home/raed/projects/air-mentor-ui
[2026-04-01T18:22:41Z] command=env AIRMENTOR_LIVE_SYSTEM_ADMIN_IDENTIFIER=sysadmin AIRMENTOR_LIVE_SYSTEM_ADMIN_PASSWORD=admin1234 PLAYWRIGHT_APP_URL=https://raed2180416.github.io/AirMentor/ PLAYWRIGHT_API_URL=https://api-production-ab72.up.railway.app/ AIRMENTOR_LIVE_STACK=1 AIRMENTOR_REQUEST_FLOW_ARTIFACT_PREFIX=08a-live-request-flow npm run playwright:admin-live:request-flow 

> air-mentor-ui@0.0.0 playwright:admin-live:request-flow
> bash scripts/playwright-admin-live-request-flow.sh

warning: Git tree '/home/raed/projects/air-mentor-ui' is dirty
AirMentor dev shell ready.
Playwright is available through the wrapped Nix runtime.
Python is available for the curriculum linkage helper.
Try: playwright --version
Smoke: bash scripts/playwright-smoke.sh http://127.0.0.1:5173
Running focused system admin live request flow...
Frontend URL: https://raed2180416.github.io/AirMentor/
Backend URL: https://api-production-ab72.up.railway.app/
Playwright root: /nix/store/w94nd74jw950wlwm06f51n62d0sb5yp0-playwright-test-1.57.0
Browsers path: /nix/store/bas6dg486nm7lc5b9529da43418mymbz-playwright-browsers
System admin live request flow passed. Screenshot: /home/raed/projects/air-mentor-ui/output/playwright/system-admin-live-request-flow.png
Prefixed request-flow artifacts:
- report: /home/raed/projects/air-mentor-ui/output/playwright/08a-live-request-flow-system-admin-live-request-flow-report.json
- screenshot: /home/raed/projects/air-mentor-ui/output/playwright/08a-live-request-flow-system-admin-live-request-flow.png
[2026-04-01T18:23:04Z] exit=0
