[2026-03-30T09:08:33Z] cwd=/home/raed/projects/air-mentor-ui
[2026-03-30T09:08:33Z] command=gh run watch 23736878207 --exit-status 
Refreshing run status every 3 seconds. Press Ctrl+C to quit.

* deploy-proof-control-plane Deploy API to Railway · 23736878207
Triggered via workflow_dispatch less than a minute ago

JOBS
* deploy (ID 69143708203)
  ✓ Set up job
  ✓ Checkout
  ✓ Setup Node
  ✓ Check Railway configuration
  ✓ Install dependencies
  * Build API
  * Install Railway CLI
  * Railway deploy preflight
  * Deploy to Railway
  * Verify Railway health
  * Railway health verification not configured
  * Verify Railway live session contract
  * Railway live session contract verification not configured
  * Capture Railway failure diagnostics
  * Upload Railway diagnostics
  * Railway deployment not configured
  * Post Setup Node
  * Post Checkout
Refreshing run status every 3 seconds. Press Ctrl+C to quit.

* deploy-proof-control-plane Deploy API to Railway · 23736878207
Triggered via workflow_dispatch less than a minute ago

JOBS
* deploy (ID 69143708203)
  ✓ Set up job
  ✓ Checkout
  ✓ Setup Node
  ✓ Check Railway configuration
  ✓ Install dependencies
  * Build API
  * Install Railway CLI
  * Railway deploy preflight
  * Deploy to Railway
  * Verify Railway health
  * Railway health verification not configured
  * Verify Railway live session contract
  * Railway live session contract verification not configured
  * Capture Railway failure diagnostics
  * Upload Railway diagnostics
  * Railway deployment not configured
  * Post Setup Node
  * Post Checkout
Refreshing run status every 3 seconds. Press Ctrl+C to quit.

* deploy-proof-control-plane Deploy API to Railway · 23736878207
Triggered via workflow_dispatch less than a minute ago

JOBS
* deploy (ID 69143708203)
  ✓ Set up job
  ✓ Checkout
  ✓ Setup Node
  ✓ Check Railway configuration
  ✓ Install dependencies
  * Build API
  * Install Railway CLI
  * Railway deploy preflight
  * Deploy to Railway
  * Verify Railway health
  * Railway health verification not configured
  * Verify Railway live session contract
  * Railway live session contract verification not configured
  * Capture Railway failure diagnostics
  * Upload Railway diagnostics
  * Railway deployment not configured
  * Post Setup Node
  * Post Checkout
Refreshing run status every 3 seconds. Press Ctrl+C to quit.

* deploy-proof-control-plane Deploy API to Railway · 23736878207
Triggered via workflow_dispatch less than a minute ago

JOBS
* deploy (ID 69143708203)
  ✓ Set up job
  ✓ Checkout
  ✓ Setup Node
  ✓ Check Railway configuration
  ✓ Install dependencies
  ✓ Build API
  * Install Railway CLI
  * Railway deploy preflight
  * Deploy to Railway
  * Verify Railway health
  * Railway health verification not configured
  * Verify Railway live session contract
  * Railway live session contract verification not configured
  * Capture Railway failure diagnostics
  * Upload Railway diagnostics
  * Railway deployment not configured
  * Post Setup Node
  * Post Checkout
Refreshing run status every 3 seconds. Press Ctrl+C to quit.

* deploy-proof-control-plane Deploy API to Railway · 23736878207
Triggered via workflow_dispatch less than a minute ago

JOBS
* deploy (ID 69143708203)
  ✓ Set up job
  ✓ Checkout
  ✓ Setup Node
  ✓ Check Railway configuration
  ✓ Install dependencies
  ✓ Build API
  ✓ Install Railway CLI
  * Railway deploy preflight
  * Deploy to Railway
  * Verify Railway health
  * Railway health verification not configured
  * Verify Railway live session contract
  * Railway live session contract verification not configured
  * Capture Railway failure diagnostics
  * Upload Railway diagnostics
  * Railway deployment not configured
  * Post Setup Node
  * Post Checkout
Refreshing run status every 3 seconds. Press Ctrl+C to quit.

* deploy-proof-control-plane Deploy API to Railway · 23736878207
Triggered via workflow_dispatch less than a minute ago

JOBS
* deploy (ID 69143708203)
  ✓ Set up job
  ✓ Checkout
  ✓ Setup Node
  ✓ Check Railway configuration
  ✓ Install dependencies
  ✓ Build API
  ✓ Install Railway CLI
  ✓ Railway deploy preflight
  * Deploy to Railway
  * Verify Railway health
  * Railway health verification not configured
  * Verify Railway live session contract
  * Railway live session contract verification not configured
  * Capture Railway failure diagnostics
  * Upload Railway diagnostics
  * Railway deployment not configured
  * Post Setup Node
  * Post Checkout
Refreshing run status every 3 seconds. Press Ctrl+C to quit.

* deploy-proof-control-plane Deploy API to Railway · 23736878207
Triggered via workflow_dispatch less than a minute ago

JOBS
* deploy (ID 69143708203)
  ✓ Set up job
  ✓ Checkout
  ✓ Setup Node
  ✓ Check Railway configuration
  ✓ Install dependencies
  ✓ Build API
  ✓ Install Railway CLI
  ✓ Railway deploy preflight
  * Deploy to Railway
  * Verify Railway health
  * Railway health verification not configured
  * Verify Railway live session contract
  * Railway live session contract verification not configured
  * Capture Railway failure diagnostics
  * Upload Railway diagnostics
  * Railway deployment not configured
  * Post Setup Node
  * Post Checkout
Refreshing run status every 3 seconds. Press Ctrl+C to quit.

* deploy-proof-control-plane Deploy API to Railway · 23736878207
Triggered via workflow_dispatch less than a minute ago

JOBS
* deploy (ID 69143708203)
  ✓ Set up job
  ✓ Checkout
  ✓ Setup Node
  ✓ Check Railway configuration
  ✓ Install dependencies
  ✓ Build API
  ✓ Install Railway CLI
  ✓ Railway deploy preflight
  * Deploy to Railway
  * Verify Railway health
  * Railway health verification not configured
  * Verify Railway live session contract
  * Railway live session contract verification not configured
  * Capture Railway failure diagnostics
  * Upload Railway diagnostics
  * Railway deployment not configured
  * Post Setup Node
  * Post Checkout
Refreshing run status every 3 seconds. Press Ctrl+C to quit.

* deploy-proof-control-plane Deploy API to Railway · 23736878207
Triggered via workflow_dispatch about 1 minute ago

JOBS
* deploy (ID 69143708203)
  ✓ Set up job
  ✓ Checkout
  ✓ Setup Node
  ✓ Check Railway configuration
  ✓ Install dependencies
  ✓ Build API
  ✓ Install Railway CLI
  ✓ Railway deploy preflight
  * Deploy to Railway
  * Verify Railway health
  * Railway health verification not configured
  * Verify Railway live session contract
  * Railway live session contract verification not configured
  * Capture Railway failure diagnostics
  * Upload Railway diagnostics
  * Railway deployment not configured
  * Post Setup Node
  * Post Checkout
Refreshing run status every 3 seconds. Press Ctrl+C to quit.

* deploy-proof-control-plane Deploy API to Railway · 23736878207
Triggered via workflow_dispatch about 1 minute ago

JOBS
* deploy (ID 69143708203)
  ✓ Set up job
  ✓ Checkout
  ✓ Setup Node
  ✓ Check Railway configuration
  ✓ Install dependencies
  ✓ Build API
  ✓ Install Railway CLI
  ✓ Railway deploy preflight
  * Deploy to Railway
  * Verify Railway health
  * Railway health verification not configured
  * Verify Railway live session contract
  * Railway live session contract verification not configured
  * Capture Railway failure diagnostics
  * Upload Railway diagnostics
  * Railway deployment not configured
  * Post Setup Node
  * Post Checkout
Refreshing run status every 3 seconds. Press Ctrl+C to quit.

* deploy-proof-control-plane Deploy API to Railway · 23736878207
Triggered via workflow_dispatch about 1 minute ago

JOBS
* deploy (ID 69143708203)
  ✓ Set up job
  ✓ Checkout
  ✓ Setup Node
  ✓ Check Railway configuration
  ✓ Install dependencies
  ✓ Build API
  ✓ Install Railway CLI
  ✓ Railway deploy preflight
  * Deploy to Railway
  * Verify Railway health
  * Railway health verification not configured
  * Verify Railway live session contract
  * Railway live session contract verification not configured
  * Capture Railway failure diagnostics
  * Upload Railway diagnostics
  * Railway deployment not configured
  * Post Setup Node
  * Post Checkout
Refreshing run status every 3 seconds. Press Ctrl+C to quit.

* deploy-proof-control-plane Deploy API to Railway · 23736878207
Triggered via workflow_dispatch about 1 minute ago

JOBS
* deploy (ID 69143708203)
  ✓ Set up job
  ✓ Checkout
  ✓ Setup Node
  ✓ Check Railway configuration
  ✓ Install dependencies
  ✓ Build API
  ✓ Install Railway CLI
  ✓ Railway deploy preflight
  * Deploy to Railway
  * Verify Railway health
  * Railway health verification not configured
  * Verify Railway live session contract
  * Railway live session contract verification not configured
  * Capture Railway failure diagnostics
  * Upload Railway diagnostics
  * Railway deployment not configured
  * Post Setup Node
  * Post Checkout
Refreshing run status every 3 seconds. Press Ctrl+C to quit.

* deploy-proof-control-plane Deploy API to Railway · 23736878207
Triggered via workflow_dispatch about 1 minute ago

JOBS
* deploy (ID 69143708203)
  ✓ Set up job
  ✓ Checkout
  ✓ Setup Node
  ✓ Check Railway configuration
  ✓ Install dependencies
  ✓ Build API
  ✓ Install Railway CLI
  ✓ Railway deploy preflight
  * Deploy to Railway
  * Verify Railway health
  * Railway health verification not configured
  * Verify Railway live session contract
  * Railway live session contract verification not configured
  * Capture Railway failure diagnostics
  * Upload Railway diagnostics
  * Railway deployment not configured
  * Post Setup Node
  * Post Checkout
Refreshing run status every 3 seconds. Press Ctrl+C to quit.

* deploy-proof-control-plane Deploy API to Railway · 23736878207
Triggered via workflow_dispatch about 1 minute ago

JOBS
* deploy (ID 69143708203)
  ✓ Set up job
  ✓ Checkout
  ✓ Setup Node
  ✓ Check Railway configuration
  ✓ Install dependencies
  ✓ Build API
  ✓ Install Railway CLI
  ✓ Railway deploy preflight
  * Deploy to Railway
  * Verify Railway health
  * Railway health verification not configured
  * Verify Railway live session contract
  * Railway live session contract verification not configured
  * Capture Railway failure diagnostics
  * Upload Railway diagnostics
  * Railway deployment not configured
  * Post Setup Node
  * Post Checkout
Refreshing run status every 3 seconds. Press Ctrl+C to quit.

* deploy-proof-control-plane Deploy API to Railway · 23736878207
Triggered via workflow_dispatch about 1 minute ago

JOBS
* deploy (ID 69143708203)
  ✓ Set up job
  ✓ Checkout
  ✓ Setup Node
  ✓ Check Railway configuration
  ✓ Install dependencies
  ✓ Build API
  ✓ Install Railway CLI
  ✓ Railway deploy preflight
  * Deploy to Railway
  * Verify Railway health
  * Railway health verification not configured
  * Verify Railway live session contract
  * Railway live session contract verification not configured
  * Capture Railway failure diagnostics
  * Upload Railway diagnostics
  * Railway deployment not configured
  * Post Setup Node
  * Post Checkout
Refreshing run status every 3 seconds. Press Ctrl+C to quit.

* deploy-proof-control-plane Deploy API to Railway · 23736878207
Triggered via workflow_dispatch about 1 minute ago

JOBS
* deploy (ID 69143708203)
  ✓ Set up job
  ✓ Checkout
  ✓ Setup Node
  ✓ Check Railway configuration
  ✓ Install dependencies
  ✓ Build API
  ✓ Install Railway CLI
  ✓ Railway deploy preflight
  * Deploy to Railway
  * Verify Railway health
  * Railway health verification not configured
  * Verify Railway live session contract
  * Railway live session contract verification not configured
  * Capture Railway failure diagnostics
  * Upload Railway diagnostics
  * Railway deployment not configured
  * Post Setup Node
  * Post Checkout
Refreshing run status every 3 seconds. Press Ctrl+C to quit.

* deploy-proof-control-plane Deploy API to Railway · 23736878207
Triggered via workflow_dispatch about 1 minute ago

JOBS
* deploy (ID 69143708203)
  ✓ Set up job
  ✓ Checkout
  ✓ Setup Node
  ✓ Check Railway configuration
  ✓ Install dependencies
  ✓ Build API
  ✓ Install Railway CLI
  ✓ Railway deploy preflight
  * Deploy to Railway
  * Verify Railway health
  * Railway health verification not configured
  * Verify Railway live session contract
  * Railway live session contract verification not configured
  * Capture Railway failure diagnostics
  * Upload Railway diagnostics
  * Railway deployment not configured
  * Post Setup Node
  * Post Checkout
Refreshing run status every 3 seconds. Press Ctrl+C to quit.

* deploy-proof-control-plane Deploy API to Railway · 23736878207
Triggered via workflow_dispatch about 1 minute ago

JOBS
* deploy (ID 69143708203)
  ✓ Set up job
  ✓ Checkout
  ✓ Setup Node
  ✓ Check Railway configuration
  ✓ Install dependencies
  ✓ Build API
  ✓ Install Railway CLI
  ✓ Railway deploy preflight
  * Deploy to Railway
  * Verify Railway health
  * Railway health verification not configured
  * Verify Railway live session contract
  * Railway live session contract verification not configured
  * Capture Railway failure diagnostics
  * Upload Railway diagnostics
  * Railway deployment not configured
  * Post Setup Node
  * Post Checkout
Refreshing run status every 3 seconds. Press Ctrl+C to quit.

* deploy-proof-control-plane Deploy API to Railway · 23736878207
Triggered via workflow_dispatch about 1 minute ago

JOBS
* deploy (ID 69143708203)
  ✓ Set up job
  ✓ Checkout
  ✓ Setup Node
  ✓ Check Railway configuration
  ✓ Install dependencies
  ✓ Build API
  ✓ Install Railway CLI
  ✓ Railway deploy preflight
  * Deploy to Railway
  * Verify Railway health
  * Railway health verification not configured
  * Verify Railway live session contract
  * Railway live session contract verification not configured
  * Capture Railway failure diagnostics
  * Upload Railway diagnostics
  * Railway deployment not configured
  * Post Setup Node
  * Post Checkout
Refreshing run status every 3 seconds. Press Ctrl+C to quit.

* deploy-proof-control-plane Deploy API to Railway · 23736878207
Triggered via workflow_dispatch about 1 minute ago

JOBS
* deploy (ID 69143708203)
  ✓ Set up job
  ✓ Checkout
  ✓ Setup Node
  ✓ Check Railway configuration
  ✓ Install dependencies
  ✓ Build API
  ✓ Install Railway CLI
  ✓ Railway deploy preflight
  * Deploy to Railway
  * Verify Railway health
  * Railway health verification not configured
  * Verify Railway live session contract
  * Railway live session contract verification not configured
  * Capture Railway failure diagnostics
  * Upload Railway diagnostics
  * Railway deployment not configured
  * Post Setup Node
  * Post Checkout
Refreshing run status every 3 seconds. Press Ctrl+C to quit.

* deploy-proof-control-plane Deploy API to Railway · 23736878207
Triggered via workflow_dispatch about 1 minute ago

JOBS
* deploy (ID 69143708203)
  ✓ Set up job
  ✓ Checkout
  ✓ Setup Node
  ✓ Check Railway configuration
  ✓ Install dependencies
  ✓ Build API
  ✓ Install Railway CLI
  ✓ Railway deploy preflight
  * Deploy to Railway
  * Verify Railway health
  * Railway health verification not configured
  * Verify Railway live session contract
  * Railway live session contract verification not configured
  * Capture Railway failure diagnostics
  * Upload Railway diagnostics
  * Railway deployment not configured
  * Post Setup Node
  * Post Checkout
Refreshing run status every 3 seconds. Press Ctrl+C to quit.

* deploy-proof-control-plane Deploy API to Railway · 23736878207
Triggered via workflow_dispatch about 2 minutes ago

JOBS
* deploy (ID 69143708203)
  ✓ Set up job
  ✓ Checkout
  ✓ Setup Node
  ✓ Check Railway configuration
  ✓ Install dependencies
  ✓ Build API
  ✓ Install Railway CLI
  ✓ Railway deploy preflight
  * Deploy to Railway
  * Verify Railway health
  * Railway health verification not configured
  * Verify Railway live session contract
  * Railway live session contract verification not configured
  * Capture Railway failure diagnostics
  * Upload Railway diagnostics
  * Railway deployment not configured
  * Post Setup Node
  * Post Checkout
Refreshing run status every 3 seconds. Press Ctrl+C to quit.

* deploy-proof-control-plane Deploy API to Railway · 23736878207
Triggered via workflow_dispatch about 2 minutes ago

JOBS
* deploy (ID 69143708203)
  ✓ Set up job
  ✓ Checkout
  ✓ Setup Node
  ✓ Check Railway configuration
  ✓ Install dependencies
  ✓ Build API
  ✓ Install Railway CLI
  ✓ Railway deploy preflight
  * Deploy to Railway
  * Verify Railway health
  * Railway health verification not configured
  * Verify Railway live session contract
  * Railway live session contract verification not configured
  * Capture Railway failure diagnostics
  * Upload Railway diagnostics
  * Railway deployment not configured
  * Post Setup Node
  * Post Checkout
Refreshing run status every 3 seconds. Press Ctrl+C to quit.

* deploy-proof-control-plane Deploy API to Railway · 23736878207
Triggered via workflow_dispatch about 2 minutes ago

JOBS
* deploy (ID 69143708203)
  ✓ Set up job
  ✓ Checkout
  ✓ Setup Node
  ✓ Check Railway configuration
  ✓ Install dependencies
  ✓ Build API
  ✓ Install Railway CLI
  ✓ Railway deploy preflight
  * Deploy to Railway
  * Verify Railway health
  * Railway health verification not configured
  * Verify Railway live session contract
  * Railway live session contract verification not configured
  * Capture Railway failure diagnostics
  * Upload Railway diagnostics
  * Railway deployment not configured
  * Post Setup Node
  * Post Checkout
Refreshing run status every 3 seconds. Press Ctrl+C to quit.

* deploy-proof-control-plane Deploy API to Railway · 23736878207
Triggered via workflow_dispatch about 2 minutes ago

JOBS
* deploy (ID 69143708203)
  ✓ Set up job
  ✓ Checkout
  ✓ Setup Node
  ✓ Check Railway configuration
  ✓ Install dependencies
  ✓ Build API
  ✓ Install Railway CLI
  ✓ Railway deploy preflight
  * Deploy to Railway
  * Verify Railway health
  * Railway health verification not configured
  * Verify Railway live session contract
  * Railway live session contract verification not configured
  * Capture Railway failure diagnostics
  * Upload Railway diagnostics
  * Railway deployment not configured
  * Post Setup Node
  * Post Checkout
Refreshing run status every 3 seconds. Press Ctrl+C to quit.

* deploy-proof-control-plane Deploy API to Railway · 23736878207
Triggered via workflow_dispatch about 2 minutes ago

JOBS
* deploy (ID 69143708203)
  ✓ Set up job
  ✓ Checkout
  ✓ Setup Node
  ✓ Check Railway configuration
  ✓ Install dependencies
  ✓ Build API
  ✓ Install Railway CLI
  ✓ Railway deploy preflight
  * Deploy to Railway
  * Verify Railway health
  * Railway health verification not configured
  * Verify Railway live session contract
  * Railway live session contract verification not configured
  * Capture Railway failure diagnostics
  * Upload Railway diagnostics
  * Railway deployment not configured
  * Post Setup Node
  * Post Checkout
Refreshing run status every 3 seconds. Press Ctrl+C to quit.

* deploy-proof-control-plane Deploy API to Railway · 23736878207
Triggered via workflow_dispatch about 2 minutes ago

JOBS
* deploy (ID 69143708203)
  ✓ Set up job
  ✓ Checkout
  ✓ Setup Node
  ✓ Check Railway configuration
  ✓ Install dependencies
  ✓ Build API
  ✓ Install Railway CLI
  ✓ Railway deploy preflight
  * Deploy to Railway
  * Verify Railway health
  * Railway health verification not configured
  * Verify Railway live session contract
  * Railway live session contract verification not configured
  * Capture Railway failure diagnostics
  * Upload Railway diagnostics
  * Railway deployment not configured
  * Post Setup Node
  * Post Checkout
Refreshing run status every 3 seconds. Press Ctrl+C to quit.

* deploy-proof-control-plane Deploy API to Railway · 23736878207
Triggered via workflow_dispatch about 2 minutes ago

JOBS
* deploy (ID 69143708203)
  ✓ Set up job
  ✓ Checkout
  ✓ Setup Node
  ✓ Check Railway configuration
  ✓ Install dependencies
  ✓ Build API
  ✓ Install Railway CLI
  ✓ Railway deploy preflight
  * Deploy to Railway
  * Verify Railway health
  * Railway health verification not configured
  * Verify Railway live session contract
  * Railway live session contract verification not configured
  * Capture Railway failure diagnostics
  * Upload Railway diagnostics
  * Railway deployment not configured
  * Post Setup Node
  * Post Checkout
Refreshing run status every 3 seconds. Press Ctrl+C to quit.

* deploy-proof-control-plane Deploy API to Railway · 23736878207
Triggered via workflow_dispatch about 2 minutes ago

JOBS
* deploy (ID 69143708203)
  ✓ Set up job
  ✓ Checkout
  ✓ Setup Node
  ✓ Check Railway configuration
  ✓ Install dependencies
  ✓ Build API
  ✓ Install Railway CLI
  ✓ Railway deploy preflight
  * Deploy to Railway
  * Verify Railway health
  * Railway health verification not configured
  * Verify Railway live session contract
  * Railway live session contract verification not configured
  * Capture Railway failure diagnostics
  * Upload Railway diagnostics
  * Railway deployment not configured
  * Post Setup Node
  * Post Checkout
Refreshing run status every 3 seconds. Press Ctrl+C to quit.

* deploy-proof-control-plane Deploy API to Railway · 23736878207
Triggered via workflow_dispatch about 2 minutes ago

JOBS
* deploy (ID 69143708203)
  ✓ Set up job
  ✓ Checkout
  ✓ Setup Node
  ✓ Check Railway configuration
  ✓ Install dependencies
  ✓ Build API
  ✓ Install Railway CLI
  ✓ Railway deploy preflight
  * Deploy to Railway
  * Verify Railway health
  * Railway health verification not configured
  * Verify Railway live session contract
  * Railway live session contract verification not configured
  * Capture Railway failure diagnostics
  * Upload Railway diagnostics
  * Railway deployment not configured
  * Post Setup Node
  * Post Checkout
Refreshing run status every 3 seconds. Press Ctrl+C to quit.

* deploy-proof-control-plane Deploy API to Railway · 23736878207
Triggered via workflow_dispatch about 2 minutes ago

JOBS
* deploy (ID 69143708203)
  ✓ Set up job
  ✓ Checkout
  ✓ Setup Node
  ✓ Check Railway configuration
  ✓ Install dependencies
  ✓ Build API
  ✓ Install Railway CLI
  ✓ Railway deploy preflight
  * Deploy to Railway
  * Verify Railway health
  * Railway health verification not configured
  * Verify Railway live session contract
  * Railway live session contract verification not configured
  * Capture Railway failure diagnostics
  * Upload Railway diagnostics
  * Railway deployment not configured
  * Post Setup Node
  * Post Checkout
Refreshing run status every 3 seconds. Press Ctrl+C to quit.

* deploy-proof-control-plane Deploy API to Railway · 23736878207
Triggered via workflow_dispatch about 2 minutes ago

JOBS
* deploy (ID 69143708203)
  ✓ Set up job
  ✓ Checkout
  ✓ Setup Node
  ✓ Check Railway configuration
  ✓ Install dependencies
  ✓ Build API
  ✓ Install Railway CLI
  ✓ Railway deploy preflight
  X Deploy to Railway
  - Verify Railway health
  - Railway health verification not configured
  - Verify Railway live session contract
  - Railway live session contract verification not configured
  - Capture Railway failure diagnostics
  - Upload Railway diagnostics
  - Railway deployment not configured
  - Post Setup Node
  ✓ Post Checkout
  ✓ Complete job
X deploy-proof-control-plane Deploy API to Railway · 23736878207
Triggered via workflow_dispatch about 2 minutes ago

JOBS
X deploy in 2m40s (ID 69143708203)
  ✓ Set up job
  ✓ Checkout
  ✓ Setup Node
  ✓ Check Railway configuration
  ✓ Install dependencies
  ✓ Build API
  ✓ Install Railway CLI
  ✓ Railway deploy preflight
  X Deploy to Railway
  - Verify Railway health
  - Railway health verification not configured
  - Verify Railway live session contract
  - Railway live session contract verification not configured
  - Capture Railway failure diagnostics
  - Upload Railway diagnostics
  - Railway deployment not configured
  - Post Setup Node
  ✓ Post Checkout
  ✓ Complete job

ANNOTATIONS
X Canceling since a higher priority waiting request for railway-api exists
deploy: .github#1

! Node.js 20 actions are deprecated. The following actions are running on Node.js 20 and may not work as expected: actions/checkout@v4, actions/setup***node@v4. Actions will be forced to run with Node.js 24 by default starting June 2nd, 2026. Node.js 20 will be removed from the runner on September 16th, 2026. Please check if updated versions of these actions are available that support Node.js 24. To opt into Node.js 24 now, set the FORCE_JAVASCRIPT_ACTIONS_TO_NODE24=true environment variable on the runner or in your workflow file. Once Node.js 24 becomes the default, you can temporarily opt out by setting ACTIONS_ALLOW_USE_UNSECURE_NODE_VERSION=true. For more information see: https://github.blog/changelog/2025***09***19***deprecation***of***node***20***on***github***actions***runners/
deploy: .github#6

X The operation was canceled.
deploy: .github#413

