[2026-04-01T17:32:48Z] cwd=/home/raed/projects/air-mentor-ui
[2026-04-01T17:32:48Z] command=env PLAYWRIGHT_OUTPUT_DIR=output/playwright/08a-local AIRMENTOR_PROOF_ARTIFACT_PREFIX=08a-local npm run verify:proof-closure:proof-rc 

> air-mentor-ui@0.0.0 verify:proof-closure:proof-rc
> npm run verify:proof-closure && npm --workspace air-mentor-api run test:proof-rc


> air-mentor-ui@0.0.0 verify:proof-closure
> npm --workspace air-mentor-api run build && npm run build && npm --workspace air-mentor-api test -- --reporter=dot && npm test -- --reporter=dot && bash scripts/playwright-admin-live-proof-risk-smoke.sh


> air-mentor-api@0.1.0 build
> tsc -p tsconfig.build.json


> air-mentor-ui@0.0.0 build
> tsc -b && vite build

vite v7.3.1 building client environment for production...
transforming...
✓ 2189 modules transformed.
rendering chunks...
computing gzip size...
dist/index.html                           0.79 kB │ gzip:  0.38 kB
dist/assets/index-BFfuiCzL.css           10.12 kB │ gzip:  2.50 kB
dist/assets/icons-vendor-CepHMY_q.js      8.25 kB │ gzip:  3.20 kB
dist/assets/risk-explorer-DWIr6AEE.js    22.02 kB │ gzip:  5.53 kB
dist/assets/student-shell-Cb3lMHoX.js    25.19 kB │ gzip:  5.90 kB
dist/assets/hod-pages-BfGrCHn6.js        31.10 kB │ gzip:  6.91 kB
dist/assets/course-pages-lKJ_bL6Z.js     34.76 kB │ gzip:  7.97 kB
dist/assets/workflow-pages-B3ZTHDBA.js   35.30 kB │ gzip:  8.30 kB
dist/assets/calendar-pages-Chadpkpz.js   59.61 kB │ gzip: 13.94 kB
dist/assets/app-shared-C50_NFWi.js      108.00 kB │ gzip: 30.20 kB
dist/assets/motion-vendor-CvHdYO5Q.js   123.99 kB │ gzip: 40.77 kB
dist/assets/react-vendor-Ah1pgjPn.js    192.35 kB │ gzip: 60.21 kB
dist/assets/index-CITX0gQD.js           203.71 kB │ gzip: 51.34 kB
✓ built in 2.13s

> air-mentor-api@0.1.0 test
> node scripts/run-vitest-suite.mjs --reporter=dot

[air-mentor-api] Running fast backend suite across 28 test files.

[air-mentor-api] -> tests/academic-access.test.ts

 RUN  v4.1.0 /home/raed/projects/air-mentor-ui/air-mentor-api

·····

 Test Files  1 passed (1)
      Tests  5 passed (5)
   Start at  23:03:09
   Duration  134ms (transform 30ms, setup 0ms, import 40ms, tests 4ms, environment 0ms)

[air-mentor-api] <- tests/academic-access.test.ts in 387ms

[air-mentor-api] -> tests/academic-bootstrap-routes.test.ts

 RUN  v4.1.0 /home/raed/projects/air-mentor-ui/air-mentor-api

·

 Test Files  1 passed (1)
      Tests  1 passed (1)
   Start at  23:03:09
   Duration  675ms (transform 86ms, setup 0ms, import 489ms, tests 98ms, environment 0ms)

[air-mentor-api] <- tests/academic-bootstrap-routes.test.ts in 881ms

[air-mentor-api] -> tests/academic-parity.test.ts

 RUN  v4.1.0 /home/raed/projects/air-mentor-ui/air-mentor-api

········

 Test Files  1 passed (1)
      Tests  8 passed (8)
   Start at  23:03:10
   Duration  144.72s (transform 817ms, setup 0ms, import 1.20s, tests 143.44s, environment 0ms)

[air-mentor-api] <- tests/academic-parity.test.ts in 145.05s

[air-mentor-api] -> tests/academic-proof-routes.test.ts

 RUN  v4.1.0 /home/raed/projects/air-mentor-ui/air-mentor-api

··

 Test Files  1 passed (1)
      Tests  2 passed (2)
   Start at  23:05:35
   Duration  684ms (transform 115ms, setup 0ms, import 503ms, tests 89ms, environment 0ms)

[air-mentor-api] <- tests/academic-proof-routes.test.ts in 898ms

[air-mentor-api] -> tests/academic-runtime-narrow-routes.test.ts

 RUN  v4.1.0 /home/raed/projects/air-mentor-ui/air-mentor-api

······

 Test Files  1 passed (1)
      Tests  6 passed (6)
   Start at  23:05:36
   Duration  32.23s (transform 753ms, setup 0ms, import 1.14s, tests 31.00s, environment 0ms)

[air-mentor-api] <- tests/academic-runtime-narrow-routes.test.ts in 32.55s

[air-mentor-api] -> tests/admin-control-plane.test.ts

 RUN  v4.1.0 /home/raed/projects/air-mentor-ui/air-mentor-api

····-··--····---

 Test Files  1 passed (1)
      Tests  10 passed | 6 skipped (16)
   Start at  23:06:09
   Duration  109.03s (transform 751ms, setup 0ms, import 1.15s, tests 107.79s, environment 0ms)

[air-mentor-api] <- tests/admin-control-plane.test.ts in 109.39s

[air-mentor-api] -> tests/admin-curriculum-feature-config.test.ts

 RUN  v4.1.0 /home/raed/projects/air-mentor-ui/air-mentor-api

··

 Test Files  1 passed (1)
      Tests  2 passed (2)
   Start at  23:07:58
   Duration  12.67s (transform 722ms, setup 0ms, import 1.09s, tests 11.47s, environment 0ms)

[air-mentor-api] <- tests/admin-curriculum-feature-config.test.ts in 12.96s

[air-mentor-api] -> tests/admin-foundation.test.ts

 RUN  v4.1.0 /home/raed/projects/air-mentor-ui/air-mentor-api

··

 Test Files  1 passed (1)
      Tests  2 passed (2)
   Start at  23:08:11
   Duration  8.98s (transform 711ms, setup 0ms, import 1.07s, tests 7.79s, environment 0ms)

[air-mentor-api] <- tests/admin-foundation.test.ts in 9.22s

[air-mentor-api] -> tests/admin-hierarchy.test.ts

 RUN  v4.1.0 /home/raed/projects/air-mentor-ui/air-mentor-api

·······

 Test Files  1 passed (1)
      Tests  7 passed (7)
   Start at  23:08:20
   Duration  30.66s (transform 752ms, setup 0ms, import 1.11s, tests 29.46s, environment 0ms)

[air-mentor-api] <- tests/admin-hierarchy.test.ts in 30.97s

[air-mentor-api] -> tests/admin-proof-observability.test.ts

 RUN  v4.1.0 /home/raed/projects/air-mentor-ui/air-mentor-api

·

 Test Files  1 passed (1)
      Tests  1 passed (1)
   Start at  23:08:51
   Duration  5.10s (transform 698ms, setup 0ms, import 1.07s, tests 3.94s, environment 0ms)

[air-mentor-api] <- tests/admin-proof-observability.test.ts in 5.34s

[air-mentor-api] -> tests/client-telemetry.test.ts

 RUN  v4.1.0 /home/raed/projects/air-mentor-ui/air-mentor-api

··

 Test Files  1 passed (1)
      Tests  2 passed (2)
   Start at  23:08:57
   Duration  8.61s (transform 699ms, setup 0ms, import 1.05s, tests 7.47s, environment 0ms)

[air-mentor-api] <- tests/client-telemetry.test.ts in 8.86s

[air-mentor-api] -> tests/config.test.ts

 RUN  v4.1.0 /home/raed/projects/air-mentor-ui/air-mentor-api

···

 Test Files  1 passed (1)
      Tests  3 passed (3)
   Start at  23:09:05
   Duration  123ms (transform 23ms, setup 0ms, import 33ms, tests 3ms, environment 0ms)

[air-mentor-api] <- tests/config.test.ts in 375ms

[air-mentor-api] -> tests/evaluate-proof-risk-model.test.ts

 RUN  v4.1.0 /home/raed/projects/air-mentor-ui/air-mentor-api

··

 Test Files  1 passed (1)
      Tests  2 passed (2)
   Start at  23:09:06
   Duration  1.19s (transform 551ms, setup 0ms, import 1.09s, tests 4ms, environment 0ms)

[air-mentor-api] <- tests/evaluate-proof-risk-model.test.ts in 1.43s

[air-mentor-api] -> tests/http-smoke.test.ts

 RUN  v4.1.0 /home/raed/projects/air-mentor-ui/air-mentor-api

·

 Test Files  1 passed (1)
      Tests  1 passed (1)
   Start at  23:09:07
   Duration  5.42s (transform 691ms, setup 0ms, import 1.04s, tests 4.27s, environment 0ms)

[air-mentor-api] <- tests/http-smoke.test.ts in 5.66s

[air-mentor-api] -> tests/msruas-curriculum-compiler.test.ts

 RUN  v4.1.0 /home/raed/projects/air-mentor-ui/air-mentor-api

·

 Test Files  1 passed (1)
      Tests  1 passed (1)
   Start at  23:09:13
   Duration  298ms (transform 46ms, setup 0ms, import 163ms, tests 4ms, environment 0ms)

[air-mentor-api] <- tests/msruas-curriculum-compiler.test.ts in 528ms

[air-mentor-api] -> tests/msruas-proof-engines.test.ts

 RUN  v4.1.0 /home/raed/projects/air-mentor-ui/air-mentor-api

····

 Test Files  1 passed (1)
      Tests  4 passed (4)
   Start at  23:09:13
   Duration  1.03s (transform 464ms, setup 0ms, import 907ms, tests 6ms, environment 0ms)

[air-mentor-api] <- tests/msruas-proof-engines.test.ts in 1.27s

[air-mentor-api] -> tests/msruas-proof-sandbox.test.ts

 RUN  v4.1.0 /home/raed/projects/air-mentor-ui/air-mentor-api

···

 Test Files  1 passed (1)
      Tests  3 passed (3)
   Start at  23:09:15
   Duration  8.10s (transform 462ms, setup 0ms, import 937ms, tests 7.08s, environment 0ms)

[air-mentor-api] <- tests/msruas-proof-sandbox.test.ts in 8.36s

[air-mentor-api] -> tests/openapi.test.ts

 RUN  v4.1.0 /home/raed/projects/air-mentor-ui/air-mentor-api

··

 Test Files  1 passed (1)
      Tests  2 passed (2)
   Start at  23:09:23
   Duration  8.55s (transform 713ms, setup 0ms, import 1.10s, tests 7.36s, environment 0ms)

[air-mentor-api] <- tests/openapi.test.ts in 8.81s

[air-mentor-api] -> tests/policy-phenotypes.test.ts

 RUN  v4.1.0 /home/raed/projects/air-mentor-ui/air-mentor-api

···

 Test Files  1 passed (1)
      Tests  3 passed (3)
   Start at  23:09:32
   Duration  1.04s (transform 480ms, setup 0ms, import 936ms, tests 10ms, environment 0ms)

[air-mentor-api] <- tests/policy-phenotypes.test.ts in 1.28s

[air-mentor-api] -> tests/proof-control-plane-access.test.ts

 RUN  v4.1.0 /home/raed/projects/air-mentor-ui/air-mentor-api

··

 Test Files  1 passed (1)
      Tests  2 passed (2)
   Start at  23:09:33
   Duration  152ms (transform 22ms, setup 0ms, import 31ms, tests 2ms, environment 0ms)

[air-mentor-api] <- tests/proof-control-plane-access.test.ts in 397ms

[air-mentor-api] -> tests/proof-control-plane-activation-service.test.ts

 RUN  v4.1.0 /home/raed/projects/air-mentor-ui/air-mentor-api

···

 Test Files  1 passed (1)
      Tests  3 passed (3)
   Start at  23:09:34
   Duration  452ms (transform 78ms, setup 0ms, import 353ms, tests 6ms, environment 0ms)

[air-mentor-api] <- tests/proof-control-plane-activation-service.test.ts in 705ms

[air-mentor-api] -> tests/proof-control-plane-dashboard-service.test.ts

 RUN  v4.1.0 /home/raed/projects/air-mentor-ui/air-mentor-api

··

 Test Files  1 passed (1)
      Tests  2 passed (2)
   Start at  23:09:34
   Duration  125ms (transform 28ms, setup 0ms, import 37ms, tests 3ms, environment 0ms)

[air-mentor-api] <- tests/proof-control-plane-dashboard-service.test.ts in 362ms

[air-mentor-api] -> tests/proof-queue-governance.test.ts

 RUN  v4.1.0 /home/raed/projects/air-mentor-ui/air-mentor-api

···

 Test Files  1 passed (1)
      Tests  3 passed (3)
   Start at  23:09:35
   Duration  174ms (transform 34ms, setup 0ms, import 42ms, tests 4ms, environment 0ms)

[air-mentor-api] <- tests/proof-queue-governance.test.ts in 414ms

[air-mentor-api] -> tests/proof-risk-model.test.ts

 RUN  v4.1.0 /home/raed/projects/air-mentor-ui/air-mentor-api

··

 Test Files  1 passed (1)
      Tests  2 passed (2)
   Start at  23:09:35
   Duration  1.04s (transform 454ms, setup 0ms, import 904ms, tests 45ms, environment 0ms)

[air-mentor-api] <- tests/proof-risk-model.test.ts in 1.26s

[air-mentor-api] -> tests/session.test.ts

 RUN  v4.1.0 /home/raed/projects/air-mentor-ui/air-mentor-api

·········

 Test Files  1 passed (1)
      Tests  9 passed (9)
   Start at  23:09:36
   Duration  33.45s (transform 712ms, setup 0ms, import 1.08s, tests 32.27s, environment 0ms)

[air-mentor-api] <- tests/session.test.ts in 33.70s

[air-mentor-api] -> tests/startup-diagnostics.test.ts

 RUN  v4.1.0 /home/raed/projects/air-mentor-ui/air-mentor-api

·····

 Test Files  1 passed (1)
      Tests  5 passed (5)
   Start at  23:10:10
   Duration  128ms (transform 23ms, setup 0ms, import 32ms, tests 4ms, environment 0ms)

[air-mentor-api] <- tests/startup-diagnostics.test.ts in 355ms

[air-mentor-api] -> tests/telemetry-sink.test.ts

 RUN  v4.1.0 /home/raed/projects/air-mentor-ui/air-mentor-api

·

 Test Files  1 passed (1)
      Tests  1 passed (1)
   Start at  23:10:10
   Duration  139ms (transform 36ms, setup 0ms, import 45ms, tests 4ms, environment 0ms)

[air-mentor-api] <- tests/telemetry-sink.test.ts in 367ms

[air-mentor-api] -> tests/telemetry.test.ts

 RUN  v4.1.0 /home/raed/projects/air-mentor-ui/air-mentor-api

····stdout | tests/telemetry.test.ts > backend telemetry > persists backend telemetry when the app configures local retention
{"type":"airmentor-operational-event","name":"startup.ready","level":"info","timestamp":"2026-03-29T00:00:00.000Z","details":{"host":"0.0.0.0"}}

···

 Test Files  1 passed (1)
      Tests  7 passed (7)
   Start at  23:10:11
   Duration  12.15s (transform 706ms, setup 0ms, import 1.06s, tests 11.00s, environment 0ms)

[air-mentor-api] <- tests/telemetry.test.ts in 12.43s

[air-mentor-api] Per-file timings
- tests/academic-parity.test.ts :: 145.05s
- tests/admin-control-plane.test.ts :: 109.39s
- tests/session.test.ts :: 33.70s
- tests/academic-runtime-narrow-routes.test.ts :: 32.55s
- tests/admin-hierarchy.test.ts :: 30.97s
- tests/admin-curriculum-feature-config.test.ts :: 12.96s
- tests/telemetry.test.ts :: 12.43s
- tests/admin-foundation.test.ts :: 9.22s
- tests/client-telemetry.test.ts :: 8.86s
- tests/openapi.test.ts :: 8.81s
- tests/msruas-proof-sandbox.test.ts :: 8.36s
- tests/http-smoke.test.ts :: 5.66s
- tests/admin-proof-observability.test.ts :: 5.34s
- tests/evaluate-proof-risk-model.test.ts :: 1.43s
- tests/policy-phenotypes.test.ts :: 1.28s
- tests/msruas-proof-engines.test.ts :: 1.27s
- tests/proof-risk-model.test.ts :: 1.26s
- tests/academic-proof-routes.test.ts :: 898ms
- tests/academic-bootstrap-routes.test.ts :: 881ms
- tests/proof-control-plane-activation-service.test.ts :: 705ms
- tests/msruas-curriculum-compiler.test.ts :: 528ms
- tests/proof-queue-governance.test.ts :: 414ms
- tests/proof-control-plane-access.test.ts :: 397ms
- tests/academic-access.test.ts :: 387ms
- tests/config.test.ts :: 375ms
- tests/telemetry-sink.test.ts :: 367ms
- tests/proof-control-plane-dashboard-service.test.ts :: 362ms
- tests/startup-diagnostics.test.ts :: 355ms

> air-mentor-ui@0.0.0 test
> vitest run --reporter=dot


 RUN  v4.1.0 /home/raed/projects/air-mentor-ui

······································································································································································

 Test Files  34 passed (34)
      Tests  166 passed (166)
   Start at  23:10:23
   Duration  8.01s (transform 5.50s, setup 0ms, import 12.18s, tests 13.20s, environment 5.32s)

warning: Git tree '/home/raed/projects/air-mentor-ui' is dirty
AirMentor dev shell ready.
Playwright is available through the wrapped Nix runtime.
Python is available for the curriculum linkage helper.
Try: playwright --version
Smoke: bash scripts/playwright-smoke.sh http://127.0.0.1:5173

(!) Some chunks are larger than 500 kB after minification. Consider:
- Using dynamic import() to code-split the application
- Use build.rollupOptions.output.manualChunks to improve chunking: https://rollupjs.org/configuration-options/#output-manualchunks
- Adjust chunk size limit for this warning via build.chunkSizeWarningLimit.
Running system admin proof-risk smoke...
Frontend URL: http://127.0.0.1:4173
Backend URL: http://127.0.0.1:36637
Backend log: /home/raed/projects/air-mentor-ui/output/playwright/system-admin-live-backend.log
Preview log: /home/raed/projects/air-mentor-ui/output/playwright/system-admin-proof-risk-preview.log
[smoke] step: login-system-admin
[browser:info] {"type":"airmentor-client-event","name":"startup.diagnostic","level":"info","timestamp":"2026-04-01T17:40:53.489Z","details":{"workspace":"system-admin","level":"info","code":"FRONTEND_STARTUP_MODE","message":"Running with local-first frontend origin expectations."}}
[browser:info] {"type":"airmentor-client-event","name":"startup.ready","level":"info","timestamp":"2026-04-01T17:40:53.490Z","details":{"workspace":"system-admin","apiBaseUrl":"/","telemetrySinkConfigured":false,"diagnosticCount":1,"errorCount":0}}
[smoke:session-request] GET http://127.0.0.1:4173/api/session cookie=missing
[smoke:session-response] 401 http://127.0.0.1:4173/api/session set-cookie=missing body={"error":"UNAUTHORIZED","message":"Authentication required"}
[smoke:session-request] POST http://127.0.0.1:4173/api/session/login cookie=missing
[smoke:session-response] 200 http://127.0.0.1:4173/api/session/login set-cookie=present
[smoke:session-request] GET http://127.0.0.1:4173/api/session cookie=present
[smoke:session-response] 200 http://127.0.0.1:4173/api/session set-cookie=present
[smoke] cookies after login: [{"name":"airmentor_session","value":"session_ef82a50f-459a-4977-bca7-63835b25d9f6","domain":"127.0.0.1","path":"/","expires":1775670053.938,"httpOnly":true,"secure":false,"sameSite":"Lax"},{"name":"airmentor_csrf","value":"lFNv1x0lLclYu3aSgqY5mUIwDzWxK8rss89L-EPX9Qw","domain":"127.0.0.1","path":"/","expires":1775670053.938,"httpOnly":false,"secure":false,"sameSite":"Lax"}]
[smoke] step: activate-proof-semester
[smoke] proof dashboard before prewarm: imports=1 activeRun=sim_mnc_2023_first6_v1 checkpoints=0
[smoke] prewarming proof lifecycle through admin endpoints
[smoke] proof dashboard after import approval: status=approved checkpoints=0
[smoke] active proof run sim_mnc_2023_first6_v1 is missing checkpoints, recomputing seeded baseline risk artifacts
[smoke] recompute-risk prewarm: activeRun=sim_mnc_2023_first6_v1 status=active checkpoints=30
[smoke] proof dashboard after seeded baseline recompute: activeRun=sim_mnc_2023_first6_v1 checkpoints=30
[smoke] activated proof operational semester 4 for run sim_mnc_2023_first6_v1 (previous=6)
[smoke] activation request artifact: /home/raed/projects/air-mentor-ui/output/playwright/system-admin-proof-semester-activation-local-request.json
[smoke] activation response artifact: /home/raed/projects/air-mentor-ui/output/playwright/system-admin-proof-semester-activation-local-response.json
[smoke] step: open-seeded-proof-route
[smoke] opening seeded proof route: http://127.0.0.1:4173/#/admin/faculties/academic_faculty_engineering_and_technology/departments/dept_cse/branches/branch_mnc_btech/batches/batch_branch_mnc_btech_2023
[browser:info] {"type":"airmentor-client-event","name":"proof.checkpoint.readiness","level":"info","timestamp":"2026-04-01T17:41:52.659Z","details":{"workspace":"system-admin","simulationRunId":"sim_mnc_2023_first6_v1","simulationStageCheckpointId":"stage_checkpoint_e22816d896f73351902c3e1e","stageLabel":"Pre TT1","playbackAccessible":true,"stageAdvanceBlocked":false,"blockingQueueItemCount":0,"canStepForward":true,"canPlayToEnd":false}}
[smoke] step: select-target-checkpoint
[browser:warning] {"type":"airmentor-client-event","name":"proof.checkpoint.readiness","level":"warn","timestamp":"2026-04-01T17:41:53.598Z","details":{"workspace":"system-admin","simulationRunId":"sim_mnc_2023_first6_v1","simulationStageCheckpointId":"stage_checkpoint_654335929a345857eab259b0","stageLabel":"Post SEE","playbackAccessible":false,"stageAdvanceBlocked":false,"blockingQueueItemCount":0,"canStepForward":false,"canPlayToEnd":false}}
[smoke] stored playback selection: {"simulationRunId":"sim_mnc_2023_first6_v1","simulationStageCheckpointId":"stage_checkpoint_654335929a345857eab259b0","updatedAt":"2026-04-01T17:41:53.599Z"}
[smoke] selected checkpoint banner: Selected checkpoint: semester 6 · Post SEE · Checkpoint after SEE evidence is present and locked. This is the end-of-semester progression gate.. Playback progression is blocked until all queue items at this checkpoint are resolved.
[smoke] step: reload-system-admin-proof-route
[smoke] refreshing seeded proof route: http://127.0.0.1:4173/?proof-reload=1775065313731#/admin/faculties/academic_faculty_engineering_and_technology/departments/dept_cse/branches/branch_mnc_btech/batches/batch_branch_mnc_btech_2023
[browser:info] {"type":"airmentor-client-event","name":"startup.diagnostic","level":"info","timestamp":"2026-04-01T17:41:53.834Z","details":{"workspace":"system-admin","level":"info","code":"FRONTEND_STARTUP_MODE","message":"Running with local-first frontend origin expectations."}}
[browser:info] {"type":"airmentor-client-event","name":"startup.ready","level":"info","timestamp":"2026-04-01T17:41:53.834Z","details":{"workspace":"system-admin","apiBaseUrl":"/","telemetrySinkConfigured":false,"diagnosticCount":1,"errorCount":0}}
[smoke:session-request] GET http://127.0.0.1:4173/api/session cookie=present
[smoke:session-response] 200 http://127.0.0.1:4173/api/session set-cookie=present
[browser:info] {"type":"airmentor-client-event","name":"auth.session.restored","level":"info","timestamp":"2026-04-01T17:41:53.867Z","details":{"workspace":"system-admin","sessionId":"session_ef82a50f-459a-4977-bca7-63835b25d9f6","facultyId":"fac_sysadmin","activeRole":"SYSTEM_ADMIN"}}
[smoke] step: reopen-seeded-proof-route-after-reload
[smoke] opening seeded proof route: http://127.0.0.1:4173/#/admin/faculties/academic_faculty_engineering_and_technology/departments/dept_cse/branches/branch_mnc_btech/batches/batch_branch_mnc_btech_2023
[browser:info] {"type":"airmentor-client-event","name":"startup.diagnostic","level":"info","timestamp":"2026-04-01T17:41:55.374Z","details":{"workspace":"system-admin","level":"info","code":"FRONTEND_STARTUP_MODE","message":"Running with local-first frontend origin expectations."}}
[smoke:session-request] GET http://127.0.0.1:4173/api/session cookie=present
[browser:info] {"type":"airmentor-client-event","name":"startup.ready","level":"info","timestamp":"2026-04-01T17:41:55.375Z","details":{"workspace":"system-admin","apiBaseUrl":"/","telemetrySinkConfigured":false,"diagnosticCount":1,"errorCount":0}}
[smoke:session-response] 200 http://127.0.0.1:4173/api/session set-cookie=present
[browser:info] {"type":"airmentor-client-event","name":"auth.session.restored","level":"info","timestamp":"2026-04-01T17:41:56.353Z","details":{"workspace":"system-admin","sessionId":"session_ef82a50f-459a-4977-bca7-63835b25d9f6","facultyId":"fac_sysadmin","activeRole":"SYSTEM_ADMIN"}}
[smoke] opening seeded proof batch overview tab
[smoke] checkpoint playback missing, verifying proof controls and prewarming through admin endpoints
[browser:warning] {"type":"airmentor-client-event","name":"proof.checkpoint.readiness","level":"warn","timestamp":"2026-04-01T17:42:01.295Z","details":{"workspace":"system-admin","simulationRunId":"sim_mnc_2023_first6_v1","simulationStageCheckpointId":"stage_checkpoint_654335929a345857eab259b0","stageLabel":"Post SEE","playbackAccessible":false,"stageAdvanceBlocked":false,"blockingQueueItemCount":0,"canStepForward":false,"canPlayToEnd":false}}
[smoke] proof dashboard before prewarm: imports=1 activeRun=sim_mnc_2023_first6_v1 checkpoints=30
[smoke] reopening seeded proof route after server-side prewarm: http://127.0.0.1:4173/?proof-reload=1775065321771#/admin/faculties/academic_faculty_engineering_and_technology/departments/dept_cse/branches/branch_mnc_btech/batches/batch_branch_mnc_btech_2023
[browser:info] {"type":"airmentor-client-event","name":"startup.diagnostic","level":"info","timestamp":"2026-04-01T17:42:01.846Z","details":{"workspace":"system-admin","level":"info","code":"FRONTEND_STARTUP_MODE","message":"Running with local-first frontend origin expectations."}}
[browser:info] {"type":"airmentor-client-event","name":"startup.ready","level":"info","timestamp":"2026-04-01T17:42:01.847Z","details":{"workspace":"system-admin","apiBaseUrl":"/","telemetrySinkConfigured":false,"diagnosticCount":1,"errorCount":0}}
[smoke:session-request] GET http://127.0.0.1:4173/api/session cookie=present
[smoke:session-response] 200 http://127.0.0.1:4173/api/session set-cookie=present
[browser:info] {"type":"airmentor-client-event","name":"auth.session.restored","level":"info","timestamp":"2026-04-01T17:42:01.858Z","details":{"workspace":"system-admin","sessionId":"session_ef82a50f-459a-4977-bca7-63835b25d9f6","facultyId":"fac_sysadmin","activeRole":"SYSTEM_ADMIN"}}
[browser:warning] {"type":"airmentor-client-event","name":"proof.checkpoint.readiness","level":"warn","timestamp":"2026-04-01T17:42:05.528Z","details":{"workspace":"system-admin","simulationRunId":"sim_mnc_2023_first6_v1","simulationStageCheckpointId":"stage_checkpoint_654335929a345857eab259b0","stageLabel":"Post SEE","playbackAccessible":false,"stageAdvanceBlocked":false,"blockingQueueItemCount":0,"canStepForward":false,"canPlayToEnd":false}}
[smoke] stored playback selection: {"simulationRunId":"sim_mnc_2023_first6_v1","simulationStageCheckpointId":"stage_checkpoint_654335929a345857eab259b0","updatedAt":"2026-04-01T17:41:53.599Z"}
[smoke] selected checkpoint banner: Selected checkpoint: semester 6 · Post SEE · Checkpoint after SEE evidence is present and locked. This is the end-of-semester progression gate.. Playback progression is blocked until all queue items at this checkpoint are resolved.
[smoke] step: restore-proof-semester
[smoke] restored proof operational semester 6 for run sim_mnc_2023_first6_v1
[smoke] step: logout-system-admin
[smoke:session-request] DELETE http://127.0.0.1:4173/api/session cookie=present
[smoke:session-response] 200 http://127.0.0.1:4173/api/session set-cookie=present
[smoke] step: login-academic-portal
[browser:info] {"type":"airmentor-client-event","name":"startup.diagnostic","level":"info","timestamp":"2026-04-01T17:42:08.289Z","details":{"workspace":"academic","level":"info","code":"FRONTEND_STARTUP_MODE","message":"Running with local-first frontend origin expectations."}}
[browser:info] {"type":"airmentor-client-event","name":"startup.ready","level":"info","timestamp":"2026-04-01T17:42:08.289Z","details":{"workspace":"academic","apiBaseUrl":"/","telemetrySinkConfigured":false,"diagnosticCount":1,"errorCount":0}}
[smoke:session-request] GET http://127.0.0.1:4173/api/session cookie=missing
[smoke:session-response] 401 http://127.0.0.1:4173/api/session set-cookie=missing body={"error":"UNAUTHORIZED","message":"Authentication required"}
[smoke:session-request] POST http://127.0.0.1:4173/api/session/login cookie=missing
[smoke] step: switch-to-course-leader
[smoke:session-response] 200 http://127.0.0.1:4173/api/session/login set-cookie=present
[smoke:session-request] GET http://127.0.0.1:4173/api/session cookie=present
[smoke:session-response] 200 http://127.0.0.1:4173/api/session set-cookie=present
[smoke:academic-request] GET http://127.0.0.1:4173/api/academic/bootstrap?simulationStageCheckpointId=stage_checkpoint_654335929a345857eab259b0
[smoke:academic-response] 200 http://127.0.0.1:4173/api/academic/bootstrap?simulationStageCheckpointId=stage_checkpoint_654335929a345857eab259b0
[browser:info] {"type":"airmentor-client-event","name":"proof.playback.restored","level":"info","timestamp":"2026-04-01T17:42:09.254Z","details":{"workspace":"academic","simulationStageCheckpointId":"stage_checkpoint_654335929a345857eab259b0","semesterLabel":"Semester 6","stageLabel":"Post SEE"}}
[smoke] step: open-faculty-proof-panel
[smoke] step: open-teacher-risk-explorer
[smoke] step: open-teacher-partial-profile
[smoke] step: assert-teacher-risk-explorer
[smoke] step: return-from-teacher-risk-explorer
[smoke] step: open-teacher-student-shell
[smoke] step: assert-student-shell
[smoke] step: return-from-student-shell
[smoke] step: switch-to-hod
[smoke:session-request] POST http://127.0.0.1:4173/api/session/role-context cookie=present
[smoke:session-response] 200 http://127.0.0.1:4173/api/session/role-context set-cookie=present
[smoke:session-request] GET http://127.0.0.1:4173/api/session cookie=present
[smoke:session-response] 200 http://127.0.0.1:4173/api/session set-cookie=present
[smoke:academic-request] GET http://127.0.0.1:4173/api/academic/bootstrap?simulationStageCheckpointId=stage_checkpoint_654335929a345857eab259b0
[smoke:academic-request] GET http://127.0.0.1:4173/api/academic/hod/proof-bundle?simulationStageCheckpointId=stage_checkpoint_654335929a345857eab259b0
[smoke:academic-response] 200 http://127.0.0.1:4173/api/academic/bootstrap?simulationStageCheckpointId=stage_checkpoint_654335929a345857eab259b0
[browser:info] {"type":"airmentor-client-event","name":"proof.playback.restored","level":"info","timestamp":"2026-04-01T17:42:15.126Z","details":{"workspace":"academic","simulationStageCheckpointId":"stage_checkpoint_654335929a345857eab259b0","semesterLabel":"Semester 6","stageLabel":"Post SEE"}}
[smoke:academic-response] 200 http://127.0.0.1:4173/api/academic/hod/proof-bundle?simulationStageCheckpointId=stage_checkpoint_654335929a345857eab259b0
[smoke] step: assert-hod-proof-analytics
[smoke] step: open-hod-student-shell
[smoke:academic-response] 409 http://127.0.0.1:4173/api/academic/task-placements/task_mnc_student_002_mnc_s6_amc_s6_31_a?expectedUpdatedAt=1773619200000 body={"error":"CONFLICT","message":"Stale updatedAt for academic task placement","details":{"current":{"taskId":"task_mnc_student_002_mnc_s6_amc_s6_31_a","updatedAt":1775065364109}}}
[smoke:academic-response] 409 http://127.0.0.1:4173/api/academic/task-placements/task_mnc_student_004_mnc_s6_amc_s6_31_a?expectedUpdatedAt=1773619200000 body={"error":"CONFLICT","message":"Stale updatedAt for academic task placement","details":{"current":{"taskId":"task_mnc_student_004_mnc_s6_amc_s6_31_a","updatedAt":1775065364115}}}
[smoke:academic-response] 409 http://127.0.0.1:4173/api/academic/task-placements/task_mnc_student_003_mnc_s6_amc_s6_31_a?expectedUpdatedAt=1773619200000 body={"error":"CONFLICT","message":"Stale updatedAt for academic task placement","details":{"current":{"taskId":"task_mnc_student_003_mnc_s6_amc_s6_31_a","updatedAt":1775065364110}}}
[smoke:academic-response] 409 http://127.0.0.1:4173/api/academic/task-placements/task_mnc_student_006_mnc_s6_amc_s6_31_a?expectedUpdatedAt=1773619200000 body={"error":"CONFLICT","message":"Stale updatedAt for academic task placement","details":{"current":{"taskId":"task_mnc_student_006_mnc_s6_amc_s6_31_a","updatedAt":1775065364117}}}
[smoke:academic-response] 409 http://127.0.0.1:4173/api/academic/task-placements/task_mnc_student_011_mnc_s6_amc_s6_31_a?expectedUpdatedAt=1773619200000 body={"error":"CONFLICT","message":"Stale updatedAt for academic task placement","details":{"current":{"taskId":"task_mnc_student_011_mnc_s6_amc_s6_31_a","updatedAt":1775065364124}}}
[smoke:academic-response] 409 http://127.0.0.1:4173/api/academic/task-placements/task_mnc_student_010_mnc_s6_amc_s6_31_a?expectedUpdatedAt=1773619200000 body={"error":"CONFLICT","message":"Stale updatedAt for academic task placement","details":{"current":{"taskId":"task_mnc_student_010_mnc_s6_amc_s6_31_a","updatedAt":1775065364125}}}
[smoke:academic-response] 409 http://127.0.0.1:4173/api/academic/task-placements/task_mnc_student_007_mnc_s6_amc_s6_31_a?expectedUpdatedAt=1773619200000 body={"error":"CONFLICT","message":"Stale updatedAt for academic task placement","details":{"current":{"taskId":"task_mnc_student_007_mnc_s6_amc_s6_31_a","updatedAt":1775065364122}}}
[smoke:academic-response] 409 http://127.0.0.1:4173/api/academic/task-placements/task_mnc_student_015_mnc_s6_amc_s6_31_a?expectedUpdatedAt=1773619200000 body={"error":"CONFLICT","message":"Stale updatedAt for academic task placement","details":{"current":{"taskId":"task_mnc_student_015_mnc_s6_amc_s6_31_a","updatedAt":1775065364129}}}
[smoke:academic-response] 409 http://127.0.0.1:4173/api/academic/task-placements/task_mnc_student_013_mnc_s6_amc_s6_31_a?expectedUpdatedAt=1773619200000 body={"error":"CONFLICT","message":"Stale updatedAt for academic task placement","details":{"current":{"taskId":"task_mnc_student_013_mnc_s6_amc_s6_31_a","updatedAt":1775065364126}}}
[smoke:academic-response] 409 http://127.0.0.1:4173/api/academic/task-placements/task_mnc_student_019_mnc_s6_amc_s6_31_a?expectedUpdatedAt=1773619200000 body={"error":"CONFLICT","message":"Stale updatedAt for academic task placement","details":{"current":{"taskId":"task_mnc_student_019_mnc_s6_amc_s6_31_a","updatedAt":1775065364142}}}
[smoke:academic-response] 409 http://127.0.0.1:4173/api/academic/task-placements/task_mnc_student_017_mnc_s6_amc_s6_31_a?expectedUpdatedAt=1773619200000 body={"error":"CONFLICT","message":"Stale updatedAt for academic task placement","details":{"current":{"taskId":"task_mnc_student_017_mnc_s6_amc_s6_31_a","updatedAt":1775065364129}}}
[smoke:academic-response] 409 http://127.0.0.1:4173/api/academic/task-placements/task_mnc_student_020_mnc_s6_amc_s6_31_a?expectedUpdatedAt=1773619200000 body={"error":"CONFLICT","message":"Stale updatedAt for academic task placement","details":{"current":{"taskId":"task_mnc_student_020_mnc_s6_amc_s6_31_a","updatedAt":1775065364144}}}
[smoke:academic-response] 409 http://127.0.0.1:4173/api/academic/task-placements/task_mnc_student_021_mnc_s6_amc_s6_31_a?expectedUpdatedAt=1773619200000 body={"error":"CONFLICT","message":"Stale updatedAt for academic task placement","details":{"current":{"taskId":"task_mnc_student_021_mnc_s6_amc_s6_31_a","updatedAt":1775065364152}}}
[pageerror] Stale updatedAt for academic task placement
[smoke:academic-response] 409 http://127.0.0.1:4173/api/academic/task-placements/task_mnc_student_027_mnc_s6_amc_s6_31_a?expectedUpdatedAt=1773619200000 body={"error":"CONFLICT","message":"Stale updatedAt for academic task placement","details":{"current":{"taskId":"task_mnc_student_027_mnc_s6_amc_s6_31_a","updatedAt":1775065364154}}}
[smoke:academic-response] 409 http://127.0.0.1:4173/api/academic/task-placements/task_mnc_student_031_mnc_s6_amc_s6_31_a?expectedUpdatedAt=1773619200000 body={"error":"CONFLICT","message":"Stale updatedAt for academic task placement","details":{"current":{"taskId":"task_mnc_student_031_mnc_s6_amc_s6_31_a","updatedAt":1775065364156}}}
[smoke:academic-response] 409 http://127.0.0.1:4173/api/academic/task-placements/task_mnc_student_029_mnc_s6_amc_s6_31_a?expectedUpdatedAt=1773619200000 body={"error":"CONFLICT","message":"Stale updatedAt for academic task placement","details":{"current":{"taskId":"task_mnc_student_029_mnc_s6_amc_s6_31_a","updatedAt":1775065364154}}}
[smoke:academic-response] 409 http://127.0.0.1:4173/api/academic/task-placements/task_mnc_student_032_mnc_s6_amc_s6_31_a?expectedUpdatedAt=1773619200000 body={"error":"CONFLICT","message":"Stale updatedAt for academic task placement","details":{"current":{"taskId":"task_mnc_student_032_mnc_s6_amc_s6_31_a","updatedAt":1775065364157}}}
[smoke:academic-response] 409 http://127.0.0.1:4173/api/academic/task-placements/task_mnc_student_033_mnc_s6_amc_s6_31_a?expectedUpdatedAt=1773619200000 body={"error":"CONFLICT","message":"Stale updatedAt for academic task placement","details":{"current":{"taskId":"task_mnc_student_033_mnc_s6_amc_s6_31_a","updatedAt":1775065364159}}}
[smoke:academic-response] 409 http://127.0.0.1:4173/api/academic/task-placements/task_mnc_student_036_mnc_s6_amc_s6_31_a?expectedUpdatedAt=1773619200000 body={"error":"CONFLICT","message":"Stale updatedAt for academic task placement","details":{"current":{"taskId":"task_mnc_student_036_mnc_s6_amc_s6_31_a","updatedAt":1775065364164}}}
[smoke:academic-response] 409 http://127.0.0.1:4173/api/academic/task-placements/task_mnc_student_038_mnc_s6_amc_s6_31_a?expectedUpdatedAt=1773619200000 body={"error":"CONFLICT","message":"Stale updatedAt for academic task placement","details":{"current":{"taskId":"task_mnc_student_038_mnc_s6_amc_s6_31_a","updatedAt":1775065364166}}}
[smoke:academic-response] 409 http://127.0.0.1:4173/api/academic/task-placements/task_mnc_student_039_mnc_s6_amc_s6_31_a?expectedUpdatedAt=1773619200000 body={"error":"CONFLICT","message":"Stale updatedAt for academic task placement","details":{"current":{"taskId":"task_mnc_student_039_mnc_s6_amc_s6_31_a","updatedAt":1775065364167}}}
[smoke:academic-response] 409 http://127.0.0.1:4173/api/academic/task-placements/task_mnc_student_041_mnc_s6_amc_s6_31_a?expectedUpdatedAt=1773619200000 body={"error":"CONFLICT","message":"Stale updatedAt for academic task placement","details":{"current":{"taskId":"task_mnc_student_041_mnc_s6_amc_s6_31_a","updatedAt":1775065364170}}}
[smoke:academic-response] 409 http://127.0.0.1:4173/api/academic/task-placements/task_mnc_student_040_mnc_s6_amc_s6_31_a?expectedUpdatedAt=1773619200000 body={"error":"CONFLICT","message":"Stale updatedAt for academic task placement","details":{"current":{"taskId":"task_mnc_student_040_mnc_s6_amc_s6_31_a","updatedAt":1775065364167}}}
[smoke:academic-response] 409 http://127.0.0.1:4173/api/academic/task-placements/task_mnc_student_043_mnc_s6_amc_s6_31_a?expectedUpdatedAt=1773619200000 body={"error":"CONFLICT","message":"Stale updatedAt for academic task placement","details":{"current":{"taskId":"task_mnc_student_043_mnc_s6_amc_s6_31_a","updatedAt":1775065364178}}}
[smoke:academic-response] 409 http://127.0.0.1:4173/api/academic/task-placements/task_mnc_student_042_mnc_s6_amc_s6_31_a?expectedUpdatedAt=1773619200000 body={"error":"CONFLICT","message":"Stale updatedAt for academic task placement","details":{"current":{"taskId":"task_mnc_student_042_mnc_s6_amc_s6_31_a","updatedAt":1775065364173}}}
[smoke:academic-response] 409 http://127.0.0.1:4173/api/academic/task-placements/task_mnc_student_044_mnc_s6_amc_s6_31_a?expectedUpdatedAt=1773619200000 body={"error":"CONFLICT","message":"Stale updatedAt for academic task placement","details":{"current":{"taskId":"task_mnc_student_044_mnc_s6_amc_s6_31_a","updatedAt":1775065364182}}}
[smoke:academic-response] 409 http://127.0.0.1:4173/api/academic/task-placements/task_mnc_student_046_mnc_s6_amc_s6_31_a?expectedUpdatedAt=1773619200000 body={"error":"CONFLICT","message":"Stale updatedAt for academic task placement","details":{"current":{"taskId":"task_mnc_student_046_mnc_s6_amc_s6_31_a","updatedAt":1775065364184}}}
[smoke:academic-response] 409 http://127.0.0.1:4173/api/academic/task-placements/task_mnc_student_045_mnc_s6_amc_s6_31_a?expectedUpdatedAt=1773619200000 body={"error":"CONFLICT","message":"Stale updatedAt for academic task placement","details":{"current":{"taskId":"task_mnc_student_045_mnc_s6_amc_s6_31_a","updatedAt":1775065364186}}}
[smoke:academic-response] 409 http://127.0.0.1:4173/api/academic/task-placements/task_mnc_student_048_mnc_s6_amc_s6_31_a?expectedUpdatedAt=1773619200000 body={"error":"CONFLICT","message":"Stale updatedAt for academic task placement","details":{"current":{"taskId":"task_mnc_student_048_mnc_s6_amc_s6_31_a","updatedAt":1775065364190}}}
[smoke:academic-response] 409 http://127.0.0.1:4173/api/academic/task-placements/task_mnc_student_051_mnc_s6_amc_s6_31_a?expectedUpdatedAt=1773619200000 body={"error":"CONFLICT","message":"Stale updatedAt for academic task placement","details":{"current":{"taskId":"task_mnc_student_051_mnc_s6_amc_s6_31_a","updatedAt":1775065364197}}}
[smoke:academic-response] 409 http://127.0.0.1:4173/api/academic/task-placements/task_mnc_student_049_mnc_s6_amc_s6_31_a?expectedUpdatedAt=1773619200000 body={"error":"CONFLICT","message":"Stale updatedAt for academic task placement","details":{"current":{"taskId":"task_mnc_student_049_mnc_s6_amc_s6_31_a","updatedAt":1775065364194}}}
[smoke:academic-response] 409 http://127.0.0.1:4173/api/academic/task-placements/task_mnc_student_053_mnc_s6_amc_s6_31_a?expectedUpdatedAt=1773619200000 body={"error":"CONFLICT","message":"Stale updatedAt for academic task placement","details":{"current":{"taskId":"task_mnc_student_053_mnc_s6_amc_s6_31_a","updatedAt":1775065364200}}}
[smoke:academic-response] 409 http://127.0.0.1:4173/api/academic/task-placements/task_mnc_student_063_mnc_s6_amc_s6_35_b?expectedUpdatedAt=1773619200000 body={"error":"CONFLICT","message":"Stale updatedAt for academic task placement","details":{"current":{"taskId":"task_mnc_student_063_mnc_s6_amc_s6_35_b","updatedAt":1775065364206}}}
[smoke:academic-response] 409 http://127.0.0.1:4173/api/academic/task-placements/task_mnc_student_062_mnc_s6_amc_s6_35_b?expectedUpdatedAt=1773619200000 body={"error":"CONFLICT","message":"Stale updatedAt for academic task placement","details":{"current":{"taskId":"task_mnc_student_062_mnc_s6_amc_s6_35_b","updatedAt":1775065364203}}}
[smoke:academic-response] 409 http://127.0.0.1:4173/api/academic/task-placements/task_mnc_student_066_mnc_s6_amc_s6_35_b?expectedUpdatedAt=1773619200000 body={"error":"CONFLICT","message":"Stale updatedAt for academic task placement","details":{"current":{"taskId":"task_mnc_student_066_mnc_s6_amc_s6_35_b","updatedAt":1775065364212}}}
[smoke:academic-response] 409 http://127.0.0.1:4173/api/academic/task-placements/task_mnc_student_064_mnc_s6_amc_s6_35_b?expectedUpdatedAt=1773619200000 body={"error":"CONFLICT","message":"Stale updatedAt for academic task placement","details":{"current":{"taskId":"task_mnc_student_064_mnc_s6_amc_s6_35_b","updatedAt":1775065364210}}}
[smoke:academic-response] 409 http://127.0.0.1:4173/api/academic/task-placements/task_mnc_student_067_mnc_s6_amc_s6_35_b?expectedUpdatedAt=1773619200000 body={"error":"CONFLICT","message":"Stale updatedAt for academic task placement","details":{"current":{"taskId":"task_mnc_student_067_mnc_s6_amc_s6_35_b","updatedAt":1775065364215}}}
[smoke:academic-response] 409 http://127.0.0.1:4173/api/academic/task-placements/task_mnc_student_071_mnc_s6_amc_s6_35_b?expectedUpdatedAt=1773619200000 body={"error":"CONFLICT","message":"Stale updatedAt for academic task placement","details":{"current":{"taskId":"task_mnc_student_071_mnc_s6_amc_s6_35_b","updatedAt":1775065364218}}}
[smoke:academic-response] 409 http://127.0.0.1:4173/api/academic/task-placements/task_mnc_student_070_mnc_s6_amc_s6_35_b?expectedUpdatedAt=1773619200000 body={"error":"CONFLICT","message":"Stale updatedAt for academic task placement","details":{"current":{"taskId":"task_mnc_student_070_mnc_s6_amc_s6_35_b","updatedAt":1775065364217}}}
[smoke:academic-response] 409 http://127.0.0.1:4173/api/academic/task-placements/task_mnc_student_072_mnc_s6_amc_s6_35_b?expectedUpdatedAt=1773619200000 body={"error":"CONFLICT","message":"Stale updatedAt for academic task placement","details":{"current":{"taskId":"task_mnc_student_072_mnc_s6_amc_s6_35_b","updatedAt":1775065364224}}}
[smoke:academic-response] 409 http://127.0.0.1:4173/api/academic/task-placements/task_mnc_student_075_mnc_s6_amc_s6_35_b?expectedUpdatedAt=1773619200000 body={"error":"CONFLICT","message":"Stale updatedAt for academic task placement","details":{"current":{"taskId":"task_mnc_student_075_mnc_s6_amc_s6_35_b","updatedAt":1775065364231}}}
[smoke:academic-response] 409 http://127.0.0.1:4173/api/academic/task-placements/task_mnc_student_074_mnc_s6_amc_s6_35_b?expectedUpdatedAt=1773619200000 body={"error":"CONFLICT","message":"Stale updatedAt for academic task placement","details":{"current":{"taskId":"task_mnc_student_074_mnc_s6_amc_s6_35_b","updatedAt":1775065364226}}}
[smoke:academic-response] 409 http://127.0.0.1:4173/api/academic/task-placements/task_mnc_student_076_mnc_s6_amc_s6_35_b?expectedUpdatedAt=1773619200000 body={"error":"CONFLICT","message":"Stale updatedAt for academic task placement","details":{"current":{"taskId":"task_mnc_student_076_mnc_s6_amc_s6_35_b","updatedAt":1775065364234}}}
[smoke:academic-response] 409 http://127.0.0.1:4173/api/academic/task-placements/task_mnc_student_080_mnc_s6_amc_s6_35_b?expectedUpdatedAt=1773619200000 body={"error":"CONFLICT","message":"Stale updatedAt for academic task placement","details":{"current":{"taskId":"task_mnc_student_080_mnc_s6_amc_s6_35_b","updatedAt":1775065364240}}}
[smoke:academic-response] 409 http://127.0.0.1:4173/api/academic/task-placements/task_mnc_student_077_mnc_s6_amc_s6_35_b?expectedUpdatedAt=1773619200000 body={"error":"CONFLICT","message":"Stale updatedAt for academic task placement","details":{"current":{"taskId":"task_mnc_student_077_mnc_s6_amc_s6_35_b","updatedAt":1775065364233}}}
[smoke:academic-response] 409 http://127.0.0.1:4173/api/academic/task-placements/task_mnc_student_083_mnc_s6_amc_s6_35_b?expectedUpdatedAt=1773619200000 body={"error":"CONFLICT","message":"Stale updatedAt for academic task placement","details":{"current":{"taskId":"task_mnc_student_083_mnc_s6_amc_s6_35_b","updatedAt":1775065364236}}}
[smoke:academic-response] 409 http://127.0.0.1:4173/api/academic/task-placements/task_mnc_student_085_mnc_s6_amc_s6_35_b?expectedUpdatedAt=1773619200000 body={"error":"CONFLICT","message":"Stale updatedAt for academic task placement","details":{"current":{"taskId":"task_mnc_student_085_mnc_s6_amc_s6_35_b","updatedAt":1775065364250}}}
[smoke:academic-response] 409 http://127.0.0.1:4173/api/academic/task-placements/task_mnc_student_084_mnc_s6_amc_s6_35_b?expectedUpdatedAt=1773619200000 body={"error":"CONFLICT","message":"Stale updatedAt for academic task placement","details":{"current":{"taskId":"task_mnc_student_084_mnc_s6_amc_s6_35_b","updatedAt":1775065364249}}}
[smoke:academic-response] 409 http://127.0.0.1:4173/api/academic/task-placements/task_mnc_student_081_mnc_s6_amc_s6_35_b?expectedUpdatedAt=1773619200000 body={"error":"CONFLICT","message":"Stale updatedAt for academic task placement","details":{"current":{"taskId":"task_mnc_student_081_mnc_s6_amc_s6_35_b","updatedAt":1775065364243}}}
[smoke:academic-response] 409 http://127.0.0.1:4173/api/academic/task-placements/task_mnc_student_086_mnc_s6_amc_s6_35_b?expectedUpdatedAt=1773619200000 body={"error":"CONFLICT","message":"Stale updatedAt for academic task placement","details":{"current":{"taskId":"task_mnc_student_086_mnc_s6_amc_s6_35_b","updatedAt":1775065364251}}}
[smoke:academic-response] 409 http://127.0.0.1:4173/api/academic/task-placements/task_mnc_student_088_mnc_s6_amc_s6_35_b?expectedUpdatedAt=1773619200000 body={"error":"CONFLICT","message":"Stale updatedAt for academic task placement","details":{"current":{"taskId":"task_mnc_student_088_mnc_s6_amc_s6_35_b","updatedAt":1775065364254}}}
[smoke:academic-response] 409 http://127.0.0.1:4173/api/academic/task-placements/task_mnc_student_089_mnc_s6_amc_s6_35_b?expectedUpdatedAt=1773619200000 body={"error":"CONFLICT","message":"Stale updatedAt for academic task placement","details":{"current":{"taskId":"task_mnc_student_089_mnc_s6_amc_s6_35_b","updatedAt":1775065364259}}}
[smoke:academic-response] 409 http://127.0.0.1:4173/api/academic/task-placements/task_mnc_student_091_mnc_s6_amc_s6_35_b?expectedUpdatedAt=1773619200000 body={"error":"CONFLICT","message":"Stale updatedAt for academic task placement","details":{"current":{"taskId":"task_mnc_student_091_mnc_s6_amc_s6_35_b","updatedAt":1775065364267}}}
[smoke:academic-response] 409 http://127.0.0.1:4173/api/academic/task-placements/task_mnc_student_090_mnc_s6_amc_s6_35_b?expectedUpdatedAt=1773619200000 body={"error":"CONFLICT","message":"Stale updatedAt for academic task placement","details":{"current":{"taskId":"task_mnc_student_090_mnc_s6_amc_s6_35_b","updatedAt":1775065364258}}}
[smoke:academic-response] 409 http://127.0.0.1:4173/api/academic/task-placements/task_mnc_student_092_mnc_s6_amc_s6_35_b?expectedUpdatedAt=1773619200000 body={"error":"CONFLICT","message":"Stale updatedAt for academic task placement","details":{"current":{"taskId":"task_mnc_student_092_mnc_s6_amc_s6_35_b","updatedAt":1775065364268}}}
[smoke:academic-response] 409 http://127.0.0.1:4173/api/academic/task-placements/task_mnc_student_095_mnc_s6_amc_s6_35_b?expectedUpdatedAt=1773619200000 body={"error":"CONFLICT","message":"Stale updatedAt for academic task placement","details":{"current":{"taskId":"task_mnc_student_095_mnc_s6_amc_s6_35_b","updatedAt":1775065364271}}}
[smoke:academic-response] 409 http://127.0.0.1:4173/api/academic/task-placements/task_mnc_student_096_mnc_s6_amc_s6_35_b?expectedUpdatedAt=1773619200000 body={"error":"CONFLICT","message":"Stale updatedAt for academic task placement","details":{"current":{"taskId":"task_mnc_student_096_mnc_s6_amc_s6_35_b","updatedAt":1775065364270}}}
[smoke:academic-response] 409 http://127.0.0.1:4173/api/academic/task-placements/task_mnc_student_099_mnc_s6_amc_s6_35_b?expectedUpdatedAt=1773619200000 body={"error":"CONFLICT","message":"Stale updatedAt for academic task placement","details":{"current":{"taskId":"task_mnc_student_099_mnc_s6_amc_s6_35_b","updatedAt":1775065364274}}}
[smoke:academic-response] 409 http://127.0.0.1:4173/api/academic/task-placements/task_mnc_student_101_mnc_s6_amc_s6_35_b?expectedUpdatedAt=1773619200000 body={"error":"CONFLICT","message":"Stale updatedAt for academic task placement","details":{"current":{"taskId":"task_mnc_student_101_mnc_s6_amc_s6_35_b","updatedAt":1775065364285}}}
[smoke:academic-response] 409 http://127.0.0.1:4173/api/academic/task-placements/task_mnc_student_100_mnc_s6_amc_s6_35_b?expectedUpdatedAt=1773619200000 body={"error":"CONFLICT","message":"Stale updatedAt for academic task placement","details":{"current":{"taskId":"task_mnc_student_100_mnc_s6_amc_s6_35_b","updatedAt":1775065364278}}}
[smoke:academic-response] 409 http://127.0.0.1:4173/api/academic/task-placements/task_mnc_student_102_mnc_s6_amc_s6_35_b?expectedUpdatedAt=1773619200000 body={"error":"CONFLICT","message":"Stale updatedAt for academic task placement","details":{"current":{"taskId":"task_mnc_student_102_mnc_s6_amc_s6_35_b","updatedAt":1775065364287}}}
[smoke:academic-response] 409 http://127.0.0.1:4173/api/academic/task-placements/task_mnc_student_103_mnc_s6_amc_s6_35_b?expectedUpdatedAt=1773619200000 body={"error":"CONFLICT","message":"Stale updatedAt for academic task placement","details":{"current":{"taskId":"task_mnc_student_103_mnc_s6_amc_s6_35_b","updatedAt":1775065364289}}}
[smoke:academic-response] 409 http://127.0.0.1:4173/api/academic/task-placements/task_mnc_student_105_mnc_s6_amc_s6_35_b?expectedUpdatedAt=1773619200000 body={"error":"CONFLICT","message":"Stale updatedAt for academic task placement","details":{"current":{"taskId":"task_mnc_student_105_mnc_s6_amc_s6_35_b","updatedAt":1775065364289}}}
[smoke:academic-response] 409 http://127.0.0.1:4173/api/academic/task-placements/task_mnc_student_104_mnc_s6_amc_s6_35_b?expectedUpdatedAt=1773619200000 body={"error":"CONFLICT","message":"Stale updatedAt for academic task placement","details":{"current":{"taskId":"task_mnc_student_104_mnc_s6_amc_s6_35_b","updatedAt":1775065364288}}}
[smoke:academic-response] 409 http://127.0.0.1:4173/api/academic/task-placements/task_mnc_student_106_mnc_s6_amc_s6_35_b?expectedUpdatedAt=1773619200000 body={"error":"CONFLICT","message":"Stale updatedAt for academic task placement","details":{"current":{"taskId":"task_mnc_student_106_mnc_s6_amc_s6_35_b","updatedAt":1775065364294}}}
[smoke:academic-response] 409 http://127.0.0.1:4173/api/academic/task-placements/task_mnc_student_108_mnc_s6_amc_s6_35_b?expectedUpdatedAt=1773619200000 body={"error":"CONFLICT","message":"Stale updatedAt for academic task placement","details":{"current":{"taskId":"task_mnc_student_108_mnc_s6_amc_s6_35_b","updatedAt":1775065364303}}}
[smoke:academic-response] 409 http://127.0.0.1:4173/api/academic/task-placements/task_mnc_student_107_mnc_s6_amc_s6_35_b?expectedUpdatedAt=1773619200000 body={"error":"CONFLICT","message":"Stale updatedAt for academic task placement","details":{"current":{"taskId":"task_mnc_student_107_mnc_s6_amc_s6_35_b","updatedAt":1775065364302}}}
[smoke:academic-response] 409 http://127.0.0.1:4173/api/academic/task-placements/task_mnc_student_109_mnc_s6_amc_s6_35_b?expectedUpdatedAt=1773619200000 body={"error":"CONFLICT","message":"Stale updatedAt for academic task placement","details":{"current":{"taskId":"task_mnc_student_109_mnc_s6_amc_s6_35_b","updatedAt":1775065364304}}}
[smoke:academic-response] 409 http://127.0.0.1:4173/api/academic/task-placements/task_mnc_student_111_mnc_s6_amc_s6_35_b?expectedUpdatedAt=1773619200000 body={"error":"CONFLICT","message":"Stale updatedAt for academic task placement","details":{"current":{"taskId":"task_mnc_student_111_mnc_s6_amc_s6_35_b","updatedAt":1775065364307}}}
[smoke:academic-response] 409 http://127.0.0.1:4173/api/academic/task-placements/task_mnc_student_110_mnc_s6_amc_s6_35_b?expectedUpdatedAt=1773619200000 body={"error":"CONFLICT","message":"Stale updatedAt for academic task placement","details":{"current":{"taskId":"task_mnc_student_110_mnc_s6_amc_s6_35_b","updatedAt":1775065364303}}}
[smoke:academic-response] 409 http://127.0.0.1:4173/api/academic/task-placements/task_mnc_student_114_mnc_s6_amc_s6_35_b?expectedUpdatedAt=1773619200000 body={"error":"CONFLICT","message":"Stale updatedAt for academic task placement","details":{"current":{"taskId":"task_mnc_student_114_mnc_s6_amc_s6_35_b","updatedAt":1775065364308}}}
[smoke:academic-response] 409 http://127.0.0.1:4173/api/academic/task-placements/task_mnc_student_116_mnc_s6_amc_s6_35_b?expectedUpdatedAt=1773619200000 body={"error":"CONFLICT","message":"Stale updatedAt for academic task placement","details":{"current":{"taskId":"task_mnc_student_116_mnc_s6_amc_s6_35_b","updatedAt":1775065364319}}}
[smoke:academic-response] 409 http://127.0.0.1:4173/api/academic/task-placements/task_mnc_student_117_mnc_s6_amc_s6_35_b?expectedUpdatedAt=1773619200000 body={"error":"CONFLICT","message":"Stale updatedAt for academic task placement","details":{"current":{"taskId":"task_mnc_student_117_mnc_s6_amc_s6_35_b","updatedAt":1775065364321}}}
[smoke:academic-response] 409 http://127.0.0.1:4173/api/academic/task-placements/task_mnc_student_119_mnc_s6_amc_s6_35_b?expectedUpdatedAt=1773619200000 body={"error":"CONFLICT","message":"Stale updatedAt for academic task placement","details":{"current":{"taskId":"task_mnc_student_119_mnc_s6_amc_s6_35_b","updatedAt":1775065364321}}}
[smoke:academic-response] 409 http://127.0.0.1:4173/api/academic/task-placements/task_mnc_student_120_mnc_s6_amc_s6_35_b?expectedUpdatedAt=1773619200000 body={"error":"CONFLICT","message":"Stale updatedAt for academic task placement","details":{"current":{"taskId":"task_mnc_student_120_mnc_s6_amc_s6_35_b","updatedAt":1775065364322}}}
[smoke] step: assert-hod-student-shell
[smoke] step: return-from-hod-student-shell
[smoke] step: open-hod-risk-explorer
[smoke] step: assert-hod-risk-explorer
System admin proof-risk smoke passed.
Screenshots:
- systemAdmin: /home/raed/projects/air-mentor-ui/output/playwright/system-admin-proof-control-plane.png
- teacher: /home/raed/projects/air-mentor-ui/output/playwright/teacher-proof-panel.png
- teacherRiskExplorer: /home/raed/projects/air-mentor-ui/output/playwright/teacher-risk-explorer-proof.png
- hod: /home/raed/projects/air-mentor-ui/output/playwright/hod-proof-analytics.png
- hodRiskExplorer: /home/raed/projects/air-mentor-ui/output/playwright/hod-risk-explorer-proof.png
- studentShell: /home/raed/projects/air-mentor-ui/output/playwright/student-shell-proof.png
Semester activation artifacts:
- request: /home/raed/projects/air-mentor-ui/output/playwright/system-admin-proof-semester-activation-local-request.json
- response: /home/raed/projects/air-mentor-ui/output/playwright/system-admin-proof-semester-activation-local-response.json
[browser] page closed unexpectedly
[browser] browser disconnected unexpectedly

> air-mentor-api@0.1.0 test:proof-rc
> AIRMENTOR_BACKEND_SUITE=proof-rc node scripts/run-vitest-suite.mjs

[air-mentor-api] Running proof-rc backend suite across 31 test files.

[air-mentor-api] -> tests/academic-access.test.ts

 RUN  v4.1.0 /home/raed/projects/air-mentor-ui/air-mentor-api


 Test Files  1 passed (1)
      Tests  5 passed (5)
   Start at  23:12:47
   Duration  143ms (transform 28ms, setup 0ms, import 38ms, tests 3ms, environment 0ms)

[air-mentor-api] <- tests/academic-access.test.ts in 383ms

[air-mentor-api] -> tests/academic-bootstrap-routes.test.ts

 RUN  v4.1.0 /home/raed/projects/air-mentor-ui/air-mentor-api


 Test Files  1 passed (1)
      Tests  1 passed (1)
   Start at  23:12:48
   Duration  565ms (transform 86ms, setup 0ms, import 407ms, tests 64ms, environment 0ms)

[air-mentor-api] <- tests/academic-bootstrap-routes.test.ts in 775ms

[air-mentor-api] -> tests/academic-parity.test.ts

 RUN  v4.1.0 /home/raed/projects/air-mentor-ui/air-mentor-api


 Test Files  1 passed (1)
      Tests  8 passed (8)
   Start at  23:12:49
   Duration  139.62s (transform 765ms, setup 0ms, import 1.13s, tests 138.40s, environment 0ms)

[air-mentor-api] <- tests/academic-parity.test.ts in 139.99s

[air-mentor-api] -> tests/academic-proof-routes.test.ts

 RUN  v4.1.0 /home/raed/projects/air-mentor-ui/air-mentor-api


 Test Files  1 passed (1)
      Tests  2 passed (2)
   Start at  23:15:09
   Duration  659ms (transform 109ms, setup 0ms, import 475ms, tests 85ms, environment 0ms)

[air-mentor-api] <- tests/academic-proof-routes.test.ts in 909ms

[air-mentor-api] -> tests/academic-runtime-narrow-routes.test.ts

 RUN  v4.1.0 /home/raed/projects/air-mentor-ui/air-mentor-api


 Test Files  1 passed (1)
      Tests  6 passed (6)
   Start at  23:15:10
   Duration  32.12s (transform 821ms, setup 0ms, import 1.25s, tests 30.78s, environment 0ms)

[air-mentor-api] <- tests/academic-runtime-narrow-routes.test.ts in 32.42s

[air-mentor-api] -> tests/admin-control-plane.test.ts

 RUN  v4.1.0 /home/raed/projects/air-mentor-ui/air-mentor-api


 Test Files  1 passed (1)
      Tests  16 passed (16)
   Start at  23:15:42
   Duration  371.77s (transform 766ms, setup 0ms, import 1.15s, tests 370.52s, environment 0ms)

[air-mentor-api] <- tests/admin-control-plane.test.ts in 372.16s

[air-mentor-api] -> tests/admin-curriculum-feature-config.test.ts

 RUN  v4.1.0 /home/raed/projects/air-mentor-ui/air-mentor-api


 Test Files  1 passed (1)
      Tests  2 passed (2)
   Start at  23:21:54
   Duration  14.01s (transform 778ms, setup 0ms, import 1.26s, tests 12.65s, environment 0ms)

[air-mentor-api] <- tests/admin-curriculum-feature-config.test.ts in 14.35s

[air-mentor-api] -> tests/admin-foundation.test.ts

 RUN  v4.1.0 /home/raed/projects/air-mentor-ui/air-mentor-api


 Test Files  1 passed (1)
      Tests  2 passed (2)
   Start at  23:22:08
   Duration  10.62s (transform 774ms, setup 0ms, import 1.17s, tests 9.34s, environment 0ms)

[air-mentor-api] <- tests/admin-foundation.test.ts in 10.90s

[air-mentor-api] -> tests/admin-hierarchy.test.ts

 RUN  v4.1.0 /home/raed/projects/air-mentor-ui/air-mentor-api


 Test Files  1 passed (1)
      Tests  7 passed (7)
   Start at  23:22:19
   Duration  32.70s (transform 930ms, setup 0ms, import 1.39s, tests 31.20s, environment 0ms)

[air-mentor-api] <- tests/admin-hierarchy.test.ts in 33.03s

[air-mentor-api] -> tests/admin-proof-observability.test.ts

 RUN  v4.1.0 /home/raed/projects/air-mentor-ui/air-mentor-api


 Test Files  1 passed (1)
      Tests  1 passed (1)
   Start at  23:22:52
   Duration  5.25s (transform 709ms, setup 0ms, import 1.08s, tests 4.09s, environment 0ms)

[air-mentor-api] <- tests/admin-proof-observability.test.ts in 5.49s

[air-mentor-api] -> tests/client-telemetry.test.ts

 RUN  v4.1.0 /home/raed/projects/air-mentor-ui/air-mentor-api


 Test Files  1 passed (1)
      Tests  2 passed (2)
   Start at  23:22:58
   Duration  8.83s (transform 685ms, setup 0ms, import 1.04s, tests 7.70s, environment 0ms)

[air-mentor-api] <- tests/client-telemetry.test.ts in 9.07s

[air-mentor-api] -> tests/config.test.ts

 RUN  v4.1.0 /home/raed/projects/air-mentor-ui/air-mentor-api


 Test Files  1 passed (1)
      Tests  3 passed (3)
   Start at  23:23:07
   Duration  122ms (transform 24ms, setup 0ms, import 33ms, tests 2ms, environment 0ms)

[air-mentor-api] <- tests/config.test.ts in 357ms

[air-mentor-api] -> tests/evaluate-proof-risk-model.test.ts

 RUN  v4.1.0 /home/raed/projects/air-mentor-ui/air-mentor-api


 Test Files  1 passed (1)
      Tests  2 passed (2)
   Start at  23:23:07
   Duration  1.25s (transform 562ms, setup 0ms, import 1.15s, tests 4ms, environment 0ms)

[air-mentor-api] <- tests/evaluate-proof-risk-model.test.ts in 1.49s

[air-mentor-api] -> tests/hod-proof-analytics.test.ts

 RUN  v4.1.0 /home/raed/projects/air-mentor-ui/air-mentor-api


 Test Files  1 passed (1)
      Tests  12 passed (12)
   Start at  23:23:09
   Duration  638.77s (transform 752ms, setup 0ms, import 1.15s, tests 637.54s, environment 0ms)

[air-mentor-api] <- tests/hod-proof-analytics.test.ts in 639.19s

[air-mentor-api] -> tests/http-smoke.test.ts

 RUN  v4.1.0 /home/raed/projects/air-mentor-ui/air-mentor-api


 Test Files  1 passed (1)
      Tests  1 passed (1)
   Start at  23:33:48
   Duration  5.31s (transform 738ms, setup 0ms, import 1.14s, tests 4.08s, environment 0ms)

[air-mentor-api] <- tests/http-smoke.test.ts in 5.57s

[air-mentor-api] -> tests/msruas-curriculum-compiler.test.ts

 RUN  v4.1.0 /home/raed/projects/air-mentor-ui/air-mentor-api


 Test Files  1 passed (1)
      Tests  1 passed (1)
   Start at  23:33:54
   Duration  246ms (transform 46ms, setup 0ms, import 145ms, tests 4ms, environment 0ms)

[air-mentor-api] <- tests/msruas-curriculum-compiler.test.ts in 485ms

[air-mentor-api] -> tests/msruas-proof-engines.test.ts

 RUN  v4.1.0 /home/raed/projects/air-mentor-ui/air-mentor-api


 Test Files  1 passed (1)
      Tests  4 passed (4)
   Start at  23:33:54
   Duration  1.07s (transform 469ms, setup 0ms, import 964ms, tests 5ms, environment 0ms)

[air-mentor-api] <- tests/msruas-proof-engines.test.ts in 1.30s

[air-mentor-api] -> tests/msruas-proof-sandbox.test.ts

 RUN  v4.1.0 /home/raed/projects/air-mentor-ui/air-mentor-api


 Test Files  1 passed (1)
      Tests  3 passed (3)
   Start at  23:33:55
   Duration  8.11s (transform 466ms, setup 0ms, import 955ms, tests 7.05s, environment 0ms)

[air-mentor-api] <- tests/msruas-proof-sandbox.test.ts in 8.36s

[air-mentor-api] -> tests/openapi.test.ts

 RUN  v4.1.0 /home/raed/projects/air-mentor-ui/air-mentor-api


 Test Files  1 passed (1)
      Tests  2 passed (2)
   Start at  23:34:04
   Duration  9.24s (transform 747ms, setup 0ms, import 1.15s, tests 7.99s, environment 0ms)

[air-mentor-api] <- tests/openapi.test.ts in 9.50s

[air-mentor-api] -> tests/policy-phenotypes.test.ts

 RUN  v4.1.0 /home/raed/projects/air-mentor-ui/air-mentor-api


 Test Files  1 passed (1)
      Tests  3 passed (3)
   Start at  23:34:13
   Duration  1.06s (transform 464ms, setup 0ms, import 933ms, tests 10ms, environment 0ms)

[air-mentor-api] <- tests/policy-phenotypes.test.ts in 1.30s

[air-mentor-api] -> tests/proof-control-plane-access.test.ts

 RUN  v4.1.0 /home/raed/projects/air-mentor-ui/air-mentor-api


 Test Files  1 passed (1)
      Tests  2 passed (2)
   Start at  23:34:15
   Duration  138ms (transform 22ms, setup 0ms, import 31ms, tests 2ms, environment 0ms)

[air-mentor-api] <- tests/proof-control-plane-access.test.ts in 378ms

[air-mentor-api] -> tests/proof-control-plane-activation-service.test.ts

 RUN  v4.1.0 /home/raed/projects/air-mentor-ui/air-mentor-api


 Test Files  1 passed (1)
      Tests  3 passed (3)
   Start at  23:34:15
   Duration  438ms (transform 78ms, setup 0ms, import 343ms, tests 5ms, environment 0ms)

[air-mentor-api] <- tests/proof-control-plane-activation-service.test.ts in 661ms

[air-mentor-api] -> tests/proof-control-plane-dashboard-service.test.ts

 RUN  v4.1.0 /home/raed/projects/air-mentor-ui/air-mentor-api


 Test Files  1 passed (1)
      Tests  2 passed (2)
   Start at  23:34:16
   Duration  130ms (transform 28ms, setup 0ms, import 37ms, tests 4ms, environment 0ms)

[air-mentor-api] <- tests/proof-control-plane-dashboard-service.test.ts in 365ms

[air-mentor-api] -> tests/proof-queue-governance.test.ts

 RUN  v4.1.0 /home/raed/projects/air-mentor-ui/air-mentor-api


 Test Files  1 passed (1)
      Tests  3 passed (3)
   Start at  23:34:16
   Duration  137ms (transform 34ms, setup 0ms, import 44ms, tests 4ms, environment 0ms)

[air-mentor-api] <- tests/proof-queue-governance.test.ts in 374ms

[air-mentor-api] -> tests/proof-risk-model.test.ts

 RUN  v4.1.0 /home/raed/projects/air-mentor-ui/air-mentor-api


 Test Files  1 passed (1)
      Tests  2 passed (2)
   Start at  23:34:16
   Duration  1.04s (transform 463ms, setup 0ms, import 908ms, tests 46ms, environment 0ms)

[air-mentor-api] <- tests/proof-risk-model.test.ts in 1.27s

[air-mentor-api] -> tests/risk-explorer.test.ts

 RUN  v4.1.0 /home/raed/projects/air-mentor-ui/air-mentor-api


 Test Files  1 passed (1)
      Tests  5 passed (5)
   Start at  23:34:18
   Duration  233.80s (transform 730ms, setup 0ms, import 1.10s, tests 232.60s, environment 0ms)

[air-mentor-api] <- tests/risk-explorer.test.ts in 234.15s

[air-mentor-api] -> tests/session.test.ts

 RUN  v4.1.0 /home/raed/projects/air-mentor-ui/air-mentor-api


 Test Files  1 passed (1)
      Tests  9 passed (9)
   Start at  23:38:12
   Duration  34.38s (transform 746ms, setup 0ms, import 1.16s, tests 33.12s, environment 0ms)

[air-mentor-api] <- tests/session.test.ts in 34.65s

[air-mentor-api] -> tests/startup-diagnostics.test.ts

 RUN  v4.1.0 /home/raed/projects/air-mentor-ui/air-mentor-api


 Test Files  1 passed (1)
      Tests  5 passed (5)
   Start at  23:38:46
   Duration  125ms (transform 26ms, setup 0ms, import 35ms, tests 3ms, environment 0ms)

[air-mentor-api] <- tests/startup-diagnostics.test.ts in 355ms

[air-mentor-api] -> tests/student-agent-shell.test.ts

 RUN  v4.1.0 /home/raed/projects/air-mentor-ui/air-mentor-api


 Test Files  1 passed (1)
      Tests  7 passed (7)
   Start at  23:38:47
   Duration  244.51s (transform 734ms, setup 0ms, import 1.10s, tests 243.32s, environment 0ms)

[air-mentor-api] <- tests/student-agent-shell.test.ts in 244.86s

[air-mentor-api] -> tests/telemetry-sink.test.ts

 RUN  v4.1.0 /home/raed/projects/air-mentor-ui/air-mentor-api


 Test Files  1 passed (1)
      Tests  1 passed (1)
   Start at  23:42:52
   Duration  140ms (transform 35ms, setup 0ms, import 45ms, tests 3ms, environment 0ms)

[air-mentor-api] <- tests/telemetry-sink.test.ts in 383ms

[air-mentor-api] -> tests/telemetry.test.ts

 RUN  v4.1.0 /home/raed/projects/air-mentor-ui/air-mentor-api


 Test Files  1 passed (1)
      Tests  7 passed (7)
   Start at  23:42:52
   Duration  12.58s (transform 708ms, setup 0ms, import 1.09s, tests 11.40s, environment 0ms)

[air-mentor-api] <- tests/telemetry.test.ts in 12.83s

[air-mentor-api] Per-file timings
- tests/hod-proof-analytics.test.ts :: 639.19s
- tests/admin-control-plane.test.ts :: 372.16s
- tests/student-agent-shell.test.ts :: 244.86s
- tests/risk-explorer.test.ts :: 234.15s
- tests/academic-parity.test.ts :: 139.99s
- tests/session.test.ts :: 34.65s
- tests/admin-hierarchy.test.ts :: 33.03s
- tests/academic-runtime-narrow-routes.test.ts :: 32.42s
- tests/admin-curriculum-feature-config.test.ts :: 14.35s
- tests/telemetry.test.ts :: 12.83s
- tests/admin-foundation.test.ts :: 10.90s
- tests/openapi.test.ts :: 9.50s
- tests/client-telemetry.test.ts :: 9.07s
- tests/msruas-proof-sandbox.test.ts :: 8.36s
- tests/http-smoke.test.ts :: 5.57s
- tests/admin-proof-observability.test.ts :: 5.49s
- tests/evaluate-proof-risk-model.test.ts :: 1.49s
- tests/msruas-proof-engines.test.ts :: 1.30s
- tests/policy-phenotypes.test.ts :: 1.30s
- tests/proof-risk-model.test.ts :: 1.27s
- tests/academic-proof-routes.test.ts :: 909ms
- tests/academic-bootstrap-routes.test.ts :: 775ms
- tests/proof-control-plane-activation-service.test.ts :: 661ms
- tests/msruas-curriculum-compiler.test.ts :: 485ms
- tests/academic-access.test.ts :: 383ms
- tests/telemetry-sink.test.ts :: 383ms
- tests/proof-control-plane-access.test.ts :: 378ms
- tests/proof-queue-governance.test.ts :: 374ms
- tests/proof-control-plane-dashboard-service.test.ts :: 365ms
- tests/config.test.ts :: 357ms
- tests/startup-diagnostics.test.ts :: 355ms
[2026-04-01T18:13:05Z] exit=0
