[2026-03-30T15:22:27Z] cwd=/home/raed/projects/air-mentor-ui
[2026-03-30T15:22:27Z] command=env -C air-mentor-api npx vitest run tests/admin-control-plane.test.ts tests/admin-foundation.test.ts tests/openapi.test.ts -u 

 RUN  v4.1.0 /home/raed/projects/air-mentor-ui/air-mentor-api

 ❯ tests/admin-control-plane.test.ts (14 tests | 1 failed | 5 skipped) 98305ms
     × previews and bulk-applies mentor assignment changes with confirmation, audit detail, and mentor-surface parity 6699ms

⎯⎯⎯⎯⎯⎯⎯ Failed Tests 1 ⎯⎯⎯⎯⎯⎯⎯

 FAIL  tests/admin-control-plane.test.ts > admin control plane routes > previews and bulk-applies mentor assignment changes with confirmation, audit detail, and mentor-surface parity
AssertionError: expected [ { …(8) }, { …(8) }, { …(8) }, …(57) ] to deeply equal ArrayContaining{…}

- Expected
+ Received

- ArrayContaining [
-   ObjectContaining {
+ [
+   {
      "action": "reassign",
-     "currentMentorFacultyId": "faculty_8ad84a8a-08ef-43ea-ac09-2aef02bb2f24",
+     "actionReason": "The existing active mentor assignment will be end-dated and replaced.",
+     "currentAssignmentId": "mentor_assignment_50dd74d6-ea89-442a-8d41-06db1ed922ed",
+     "currentFacultyId": "faculty_8ad84a8a-08ef-43ea-ac09-2aef02bb2f24",
+     "sectionCode": "A",
      "studentId": "mnc_student_001",
+     "studentName": "Aarav Sharma",
+     "usn": "1MS23MC001",
+   },
+   {
+     "action": "reassign",
+     "actionReason": "The existing active mentor assignment will be end-dated and replaced.",
+     "currentAssignmentId": "mentor_assignment_mnc_student_002",
+     "currentFacultyId": "mnc_t2",
+     "sectionCode": "A",
+     "studentId": "mnc_student_002",
+     "studentName": "Ishita Sharma",
+     "usn": "1MS23MC002",
+   },
+   {
+     "action": "reassign",
+     "actionReason": "The existing active mentor assignment will be end-dated and replaced.",
+     "currentAssignmentId": "mentor_assignment_mnc_student_003",
+     "currentFacultyId": "mnc_t3",
+     "sectionCode": "A",
+     "studentId": "mnc_student_003",
+     "studentName": "Vihaan Sharma",
+     "usn": "1MS23MC003",
+   },
+   {
+     "action": "reassign",
+     "actionReason": "The existing active mentor assignment will be end-dated and replaced.",
+     "currentAssignmentId": "mentor_assignment_mnc_student_004",
+     "currentFacultyId": "mnc_t4",
+     "sectionCode": "A",
+     "studentId": "mnc_student_004",
+     "studentName": "Ananya Sharma",
+     "usn": "1MS23MC004",
+   },
+   {
+     "action": "reassign",
+     "actionReason": "The existing active mentor assignment will be end-dated and replaced.",
+     "currentAssignmentId": "mentor_assignment_mnc_student_005",
+     "currentFacultyId": "mnc_t5",
+     "sectionCode": "A",
+     "studentId": "mnc_student_005",
+     "studentName": "Advik Sharma",
+     "usn": "1MS23MC005",
+   },
+   {
+     "action": "reassign",
+     "actionReason": "The existing active mentor assignment will be end-dated and replaced.",
+     "currentAssignmentId": "mentor_assignment_mnc_student_006",
+     "currentFacultyId": "mnc_t6",
+     "sectionCode": "A",
+     "studentId": "mnc_student_006",
+     "studentName": "Meera Sharma",
+     "usn": "1MS23MC006",
+   },
+   {
+     "action": "reassign",
+     "actionReason": "The existing active mentor assignment will be end-dated and replaced.",
+     "currentAssignmentId": "mentor_assignment_mnc_student_007",
+     "currentFacultyId": "mnc_t7",
+     "sectionCode": "A",
+     "studentId": "mnc_student_007",
+     "studentName": "Reyansh Sharma",
+     "usn": "1MS23MC007",
+   },
+   {
+     "action": "reassign",
+     "actionReason": "The existing active mentor assignment will be end-dated and replaced.",
+     "currentAssignmentId": "mentor_assignment_mnc_student_008",
+     "currentFacultyId": "mnc_t8",
+     "sectionCode": "A",
+     "studentId": "mnc_student_008",
+     "studentName": "Kavya Sharma",
+     "usn": "1MS23MC008",
+   },
+   {
+     "action": "reassign",
+     "actionReason": "The existing active mentor assignment will be end-dated and replaced.",
+     "currentAssignmentId": "mentor_assignment_mnc_student_009",
+     "currentFacultyId": "mnc_t9",
+     "sectionCode": "A",
+     "studentId": "mnc_student_009",
+     "studentName": "Arjun Sharma",
+     "usn": "1MS23MC009",
+   },
+   {
+     "action": "reassign",
+     "actionReason": "The existing active mentor assignment will be end-dated and replaced.",
+     "currentAssignmentId": "mentor_assignment_mnc_student_010",
+     "currentFacultyId": "mnc_t10",
+     "sectionCode": "A",
+     "studentId": "mnc_student_010",
+     "studentName": "Diya Sharma",
+     "usn": "1MS23MC010",
+   },
+   {
+     "action": "reassign",
+     "actionReason": "The existing active mentor assignment will be end-dated and replaced.",
+     "currentAssignmentId": "mentor_assignment_mnc_student_011",
+     "currentFacultyId": "mnc_t1",
+     "sectionCode": "A",
+     "studentId": "mnc_student_011",
+     "studentName": "Krish Sharma",
+     "usn": "1MS23MC011",
+   },
+   {
+     "action": "reassign",
+     "actionReason": "The existing active mentor assignment will be end-dated and replaced.",
+     "currentAssignmentId": "mentor_assignment_mnc_student_012",
+     "currentFacultyId": "mnc_t2",
+     "sectionCode": "A",
+     "studentId": "mnc_student_012",
+     "studentName": "Nitya Sharma",
+     "usn": "1MS23MC012",
+   },
+   {
+     "action": "reassign",
+     "actionReason": "The existing active mentor assignment will be end-dated and replaced.",
+     "currentAssignmentId": "mentor_assignment_mnc_student_013",
+     "currentFacultyId": "mnc_t3",
+     "sectionCode": "A",
+     "studentId": "mnc_student_013",
+     "studentName": "Rohan Sharma",
+     "usn": "1MS23MC013",
+   },
+   {
+     "action": "reassign",
+     "actionReason": "The existing active mentor assignment will be end-dated and replaced.",
+     "currentAssignmentId": "mentor_assignment_mnc_student_014",
+     "currentFacultyId": "mnc_t4",
+     "sectionCode": "A",
+     "studentId": "mnc_student_014",
+     "studentName": "Saanvi Sharma",
+     "usn": "1MS23MC014",
+   },
+   {
+     "action": "reassign",
+     "actionReason": "The existing active mentor assignment will be end-dated and replaced.",
+     "currentAssignmentId": "mentor_assignment_mnc_student_015",
+     "currentFacultyId": "mnc_t5",
+     "sectionCode": "A",
+     "studentId": "mnc_student_015",
+     "studentName": "Dev Sharma",
+     "usn": "1MS23MC015",
+   },
+   {
+     "action": "reassign",
+     "actionReason": "The existing active mentor assignment will be end-dated and replaced.",
+     "currentAssignmentId": "mentor_assignment_mnc_student_016",
+     "currentFacultyId": "mnc_t6",
+     "sectionCode": "A",
+     "studentId": "mnc_student_016",
+     "studentName": "Mira Sharma",
+     "usn": "1MS23MC016",
+   },
+   {
+     "action": "reassign",
+     "actionReason": "The existing active mentor assignment will be end-dated and replaced.",
+     "currentAssignmentId": "mentor_assignment_mnc_student_017",
+     "currentFacultyId": "mnc_t7",
+     "sectionCode": "A",
+     "studentId": "mnc_student_017",
+     "studentName": "Kabir Sharma",
+     "usn": "1MS23MC017",
+   },
+   {
+     "action": "reassign",
+     "actionReason": "The existing active mentor assignment will be end-dated and replaced.",
+     "currentAssignmentId": "mentor_assignment_mnc_student_018",
+     "currentFacultyId": "mnc_t8",
+     "sectionCode": "A",
+     "studentId": "mnc_student_018",
+     "studentName": "Tara Sharma",
+     "usn": "1MS23MC018",
+   },
+   {
+     "action": "reassign",
+     "actionReason": "The existing active mentor assignment will be end-dated and replaced.",
+     "currentAssignmentId": "mentor_assignment_mnc_student_019",
+     "currentFacultyId": "mnc_t9",
+     "sectionCode": "A",
+     "studentId": "mnc_student_019",
+     "studentName": "Yash Sharma",
+     "usn": "1MS23MC019",
+   },
+   {
+     "action": "reassign",
+     "actionReason": "The existing active mentor assignment will be end-dated and replaced.",
+     "currentAssignmentId": "mentor_assignment_mnc_student_020",
+     "currentFacultyId": "mnc_t10",
+     "sectionCode": "A",
+     "studentId": "mnc_student_020",
+     "studentName": "Ira Sharma",
+     "usn": "1MS23MC020",
+   },
+   {
+     "action": "reassign",
+     "actionReason": "The existing active mentor assignment will be end-dated and replaced.",
+     "currentAssignmentId": "mentor_assignment_mnc_student_021",
+     "currentFacultyId": "mnc_t1",
+     "sectionCode": "A",
+     "studentId": "mnc_student_021",
+     "studentName": "Aarav Iyer",
+     "usn": "1MS23MC021",
+   },
+   {
+     "action": "reassign",
+     "actionReason": "The existing active mentor assignment will be end-dated and replaced.",
+     "currentAssignmentId": "mentor_assignment_mnc_student_022",
+     "currentFacultyId": "mnc_t2",
+     "sectionCode": "A",
+     "studentId": "mnc_student_022",
+     "studentName": "Ishita Iyer",
+     "usn": "1MS23MC022",
+   },
+   {
+     "action": "reassign",
+     "actionReason": "The existing active mentor assignment will be end-dated and replaced.",
+     "currentAssignmentId": "mentor_assignment_mnc_student_023",
+     "currentFacultyId": "mnc_t3",
+     "sectionCode": "A",
+     "studentId": "mnc_student_023",
+     "studentName": "Vihaan Iyer",
+     "usn": "1MS23MC023",
+   },
+   {
+     "action": "reassign",
+     "actionReason": "The existing active mentor assignment will be end-dated and replaced.",
+     "currentAssignmentId": "mentor_assignment_mnc_student_024",
+     "currentFacultyId": "mnc_t4",
+     "sectionCode": "A",
+     "studentId": "mnc_student_024",
+     "studentName": "Ananya Iyer",
+     "usn": "1MS23MC024",
+   },
+   {
+     "action": "reassign",
+     "actionReason": "The existing active mentor assignment will be end-dated and replaced.",
+     "currentAssignmentId": "mentor_assignment_mnc_student_025",
+     "currentFacultyId": "mnc_t5",
+     "sectionCode": "A",
+     "studentId": "mnc_student_025",
+     "studentName": "Advik Iyer",
+     "usn": "1MS23MC025",
+   },
+   {
+     "action": "reassign",
+     "actionReason": "The existing active mentor assignment will be end-dated and replaced.",
+     "currentAssignmentId": "mentor_assignment_mnc_student_026",
+     "currentFacultyId": "mnc_t6",
+     "sectionCode": "A",
+     "studentId": "mnc_student_026",
+     "studentName": "Meera Iyer",
+     "usn": "1MS23MC026",
+   },
+   {
+     "action": "reassign",
+     "actionReason": "The existing active mentor assignment will be end-dated and replaced.",
+     "currentAssignmentId": "mentor_assignment_mnc_student_027",
+     "currentFacultyId": "mnc_t7",
+     "sectionCode": "A",
+     "studentId": "mnc_student_027",
+     "studentName": "Reyansh Iyer",
+     "usn": "1MS23MC027",
+   },
+   {
+     "action": "reassign",
+     "actionReason": "The existing active mentor assignment will be end-dated and replaced.",
+     "currentAssignmentId": "mentor_assignment_mnc_student_028",
+     "currentFacultyId": "mnc_t8",
+     "sectionCode": "A",
+     "studentId": "mnc_student_028",
+     "studentName": "Kavya Iyer",
+     "usn": "1MS23MC028",
+   },
+   {
+     "action": "reassign",
+     "actionReason": "The existing active mentor assignment will be end-dated and replaced.",
+     "currentAssignmentId": "mentor_assignment_mnc_student_029",
+     "currentFacultyId": "mnc_t9",
+     "sectionCode": "A",
+     "studentId": "mnc_student_029",
+     "studentName": "Arjun Iyer",
+     "usn": "1MS23MC029",
+   },
+   {
+     "action": "reassign",
+     "actionReason": "The existing active mentor assignment will be end-dated and replaced.",
+     "currentAssignmentId": "mentor_assignment_mnc_student_030",
+     "currentFacultyId": "mnc_t10",
+     "sectionCode": "A",
+     "studentId": "mnc_student_030",
+     "studentName": "Diya Iyer",
+     "usn": "1MS23MC030",
+   },
+   {
+     "action": "reassign",
+     "actionReason": "The existing active mentor assignment will be end-dated and replaced.",
+     "currentAssignmentId": "mentor_assignment_mnc_student_031",
+     "currentFacultyId": "mnc_t1",
+     "sectionCode": "A",
+     "studentId": "mnc_student_031",
+     "studentName": "Krish Iyer",
+     "usn": "1MS23MC031",
+   },
+   {
+     "action": "reassign",
+     "actionReason": "The existing active mentor assignment will be end-dated and replaced.",
+     "currentAssignmentId": "mentor_assignment_mnc_student_032",
+     "currentFacultyId": "mnc_t2",
+     "sectionCode": "A",
+     "studentId": "mnc_student_032",
+     "studentName": "Nitya Iyer",
+     "usn": "1MS23MC032",
+   },
+   {
+     "action": "reassign",
+     "actionReason": "The existing active mentor assignment will be end-dated and replaced.",
+     "currentAssignmentId": "mentor_assignment_mnc_student_033",
+     "currentFacultyId": "mnc_t3",
+     "sectionCode": "A",
+     "studentId": "mnc_student_033",
+     "studentName": "Rohan Iyer",
+     "usn": "1MS23MC033",
+   },
+   {
+     "action": "reassign",
+     "actionReason": "The existing active mentor assignment will be end-dated and replaced.",
+     "currentAssignmentId": "mentor_assignment_mnc_student_034",
+     "currentFacultyId": "mnc_t4",
+     "sectionCode": "A",
+     "studentId": "mnc_student_034",
+     "studentName": "Saanvi Iyer",
+     "usn": "1MS23MC034",
+   },
+   {
+     "action": "reassign",
+     "actionReason": "The existing active mentor assignment will be end-dated and replaced.",
+     "currentAssignmentId": "mentor_assignment_mnc_student_035",
+     "currentFacultyId": "mnc_t5",
+     "sectionCode": "A",
+     "studentId": "mnc_student_035",
+     "studentName": "Dev Iyer",
+     "usn": "1MS23MC035",
+   },
+   {
+     "action": "reassign",
+     "actionReason": "The existing active mentor assignment will be end-dated and replaced.",
+     "currentAssignmentId": "mentor_assignment_mnc_student_036",
+     "currentFacultyId": "mnc_t6",
+     "sectionCode": "A",
+     "studentId": "mnc_student_036",
+     "studentName": "Mira Iyer",
+     "usn": "1MS23MC036",
+   },
+   {
+     "action": "reassign",
+     "actionReason": "The existing active mentor assignment will be end-dated and replaced.",
+     "currentAssignmentId": "mentor_assignment_mnc_student_037",
+     "currentFacultyId": "mnc_t7",
+     "sectionCode": "A",
+     "studentId": "mnc_student_037",
+     "studentName": "Kabir Iyer",
+     "usn": "1MS23MC037",
+   },
+   {
+     "action": "reassign",
+     "actionReason": "The existing active mentor assignment will be end-dated and replaced.",
+     "currentAssignmentId": "mentor_assignment_mnc_student_038",
+     "currentFacultyId": "mnc_t8",
+     "sectionCode": "A",
+     "studentId": "mnc_student_038",
+     "studentName": "Tara Iyer",
+     "usn": "1MS23MC038",
+   },
+   {
+     "action": "reassign",
+     "actionReason": "The existing active mentor assignment will be end-dated and replaced.",
+     "currentAssignmentId": "mentor_assignment_mnc_student_039",
+     "currentFacultyId": "mnc_t9",
+     "sectionCode": "A",
+     "studentId": "mnc_student_039",
+     "studentName": "Yash Iyer",
+     "usn": "1MS23MC039",
+   },
+   {
+     "action": "reassign",
+     "actionReason": "The existing active mentor assignment will be end-dated and replaced.",
+     "currentAssignmentId": "mentor_assignment_mnc_student_040",
+     "currentFacultyId": "mnc_t10",
+     "sectionCode": "A",
+     "studentId": "mnc_student_040",
+     "studentName": "Ira Iyer",
+     "usn": "1MS23MC040",
+   },
+   {
+     "action": "reassign",
+     "actionReason": "The existing active mentor assignment will be end-dated and replaced.",
+     "currentAssignmentId": "mentor_assignment_mnc_student_041",
+     "currentFacultyId": "mnc_t1",
+     "sectionCode": "A",
+     "studentId": "mnc_student_041",
+     "studentName": "Aarav Nair",
+     "usn": "1MS23MC041",
+   },
+   {
+     "action": "reassign",
+     "actionReason": "The existing active mentor assignment will be end-dated and replaced.",
+     "currentAssignmentId": "mentor_assignment_mnc_student_042",
+     "currentFacultyId": "mnc_t2",
+     "sectionCode": "A",
+     "studentId": "mnc_student_042",
+     "studentName": "Ishita Nair",
+     "usn": "1MS23MC042",
+   },
+   {
+     "action": "reassign",
+     "actionReason": "The existing active mentor assignment will be end-dated and replaced.",
+     "currentAssignmentId": "mentor_assignment_mnc_student_043",
+     "currentFacultyId": "mnc_t3",
+     "sectionCode": "A",
+     "studentId": "mnc_student_043",
+     "studentName": "Vihaan Nair",
+     "usn": "1MS23MC043",
+   },
+   {
+     "action": "reassign",
+     "actionReason": "The existing active mentor assignment will be end-dated and replaced.",
+     "currentAssignmentId": "mentor_assignment_mnc_student_044",
+     "currentFacultyId": "mnc_t4",
+     "sectionCode": "A",
+     "studentId": "mnc_student_044",
+     "studentName": "Ananya Nair",
+     "usn": "1MS23MC044",
+   },
+   {
+     "action": "reassign",
+     "actionReason": "The existing active mentor assignment will be end-dated and replaced.",
+     "currentAssignmentId": "mentor_assignment_mnc_student_045",
+     "currentFacultyId": "mnc_t5",
+     "sectionCode": "A",
+     "studentId": "mnc_student_045",
+     "studentName": "Advik Nair",
+     "usn": "1MS23MC045",
+   },
+   {
+     "action": "reassign",
+     "actionReason": "The existing active mentor assignment will be end-dated and replaced.",
+     "currentAssignmentId": "mentor_assignment_mnc_student_046",
+     "currentFacultyId": "mnc_t6",
+     "sectionCode": "A",
+     "studentId": "mnc_student_046",
+     "studentName": "Meera Nair",
+     "usn": "1MS23MC046",
+   },
+   {
+     "action": "reassign",
+     "actionReason": "The existing active mentor assignment will be end-dated and replaced.",
+     "currentAssignmentId": "mentor_assignment_mnc_student_047",
+     "currentFacultyId": "mnc_t7",
+     "sectionCode": "A",
+     "studentId": "mnc_student_047",
+     "studentName": "Reyansh Nair",
+     "usn": "1MS23MC047",
+   },
+   {
+     "action": "reassign",
+     "actionReason": "The existing active mentor assignment will be end-dated and replaced.",
+     "currentAssignmentId": "mentor_assignment_mnc_student_048",
+     "currentFacultyId": "mnc_t8",
+     "sectionCode": "A",
+     "studentId": "mnc_student_048",
+     "studentName": "Kavya Nair",
+     "usn": "1MS23MC048",
+   },
+   {
+     "action": "reassign",
+     "actionReason": "The existing active mentor assignment will be end-dated and replaced.",
+     "currentAssignmentId": "mentor_assignment_mnc_student_049",
+     "currentFacultyId": "mnc_t9",
+     "sectionCode": "A",
+     "studentId": "mnc_student_049",
+     "studentName": "Arjun Nair",
+     "usn": "1MS23MC049",
+   },
+   {
+     "action": "reassign",
+     "actionReason": "The existing active mentor assignment will be end-dated and replaced.",
+     "currentAssignmentId": "mentor_assignment_mnc_student_050",
+     "currentFacultyId": "mnc_t10",
+     "sectionCode": "A",
+     "studentId": "mnc_student_050",
+     "studentName": "Diya Nair",
+     "usn": "1MS23MC050",
+   },
+   {
+     "action": "reassign",
+     "actionReason": "The existing active mentor assignment will be end-dated and replaced.",
+     "currentAssignmentId": "mentor_assignment_mnc_student_051",
+     "currentFacultyId": "mnc_t1",
+     "sectionCode": "A",
+     "studentId": "mnc_student_051",
+     "studentName": "Krish Nair",
+     "usn": "1MS23MC051",
+   },
+   {
+     "action": "reassign",
+     "actionReason": "The existing active mentor assignment will be end-dated and replaced.",
+     "currentAssignmentId": "mentor_assignment_mnc_student_052",
+     "currentFacultyId": "mnc_t2",
+     "sectionCode": "A",
+     "studentId": "mnc_student_052",
+     "studentName": "Nitya Nair",
+     "usn": "1MS23MC052",
+   },
+   {
+     "action": "reassign",
+     "actionReason": "The existing active mentor assignment will be end-dated and replaced.",
+     "currentAssignmentId": "mentor_assignment_mnc_student_053",
+     "currentFacultyId": "mnc_t3",
+     "sectionCode": "A",
+     "studentId": "mnc_student_053",
+     "studentName": "Rohan Nair",
+     "usn": "1MS23MC053",
+   },
+   {
+     "action": "reassign",
+     "actionReason": "The existing active mentor assignment will be end-dated and replaced.",
+     "currentAssignmentId": "mentor_assignment_mnc_student_054",
+     "currentFacultyId": "mnc_t4",
+     "sectionCode": "A",
+     "studentId": "mnc_student_054",
+     "studentName": "Saanvi Nair",
+     "usn": "1MS23MC054",
+   },
+   {
+     "action": "reassign",
+     "actionReason": "The existing active mentor assignment will be end-dated and replaced.",
+     "currentAssignmentId": "mentor_assignment_mnc_student_055",
+     "currentFacultyId": "mnc_t5",
+     "sectionCode": "A",
+     "studentId": "mnc_student_055",
+     "studentName": "Dev Nair",
+     "usn": "1MS23MC055",
+   },
+   {
+     "action": "reassign",
+     "actionReason": "The existing active mentor assignment will be end-dated and replaced.",
+     "currentAssignmentId": "mentor_assignment_mnc_student_056",
+     "currentFacultyId": "mnc_t6",
+     "sectionCode": "A",
+     "studentId": "mnc_student_056",
+     "studentName": "Mira Nair",
+     "usn": "1MS23MC056",
+   },
+   {
+     "action": "reassign",
+     "actionReason": "The existing active mentor assignment will be end-dated and replaced.",
+     "currentAssignmentId": "mentor_assignment_mnc_student_057",
+     "currentFacultyId": "mnc_t7",
+     "sectionCode": "A",
+     "studentId": "mnc_student_057",
+     "studentName": "Kabir Nair",
+     "usn": "1MS23MC057",
+   },
+   {
+     "action": "reassign",
+     "actionReason": "The existing active mentor assignment will be end-dated and replaced.",
+     "currentAssignmentId": "mentor_assignment_mnc_student_058",
+     "currentFacultyId": "mnc_t8",
+     "sectionCode": "A",
+     "studentId": "mnc_student_058",
+     "studentName": "Tara Nair",
+     "usn": "1MS23MC058",
+   },
+   {
+     "action": "reassign",
+     "actionReason": "The existing active mentor assignment will be end-dated and replaced.",
+     "currentAssignmentId": "mentor_assignment_mnc_student_059",
+     "currentFacultyId": "mnc_t9",
+     "sectionCode": "A",
+     "studentId": "mnc_student_059",
+     "studentName": "Yash Nair",
+     "usn": "1MS23MC059",
+   },
+   {
+     "action": "reassign",
+     "actionReason": "The existing active mentor assignment will be end-dated and replaced.",
+     "currentAssignmentId": "mentor_assignment_mnc_student_060",
+     "currentFacultyId": "mnc_t10",
+     "sectionCode": "A",
+     "studentId": "mnc_student_060",
+     "studentName": "Ira Nair",
+     "usn": "1MS23MC060",
    },
  ]

 ❯ tests/admin-control-plane.test.ts:478:30
    476|     expect(preview.scopeLabel).toContain('Section A')
    477|     expect(preview.studentIds.length).toBeGreaterThan(0)
    478|     expect(preview.students).toEqual(expect.arrayContaining([
       |                              ^
    479|       expect.objectContaining({
    480|         studentId: reassignedStudent.studentId,

⎯⎯⎯⎯⎯⎯⎯⎯⎯⎯⎯⎯⎯⎯⎯⎯⎯⎯⎯⎯⎯⎯⎯⎯[1/1]⎯


  Snapshots  1 updated 
 Test Files  1 failed | 2 passed (3)
      Tests  1 failed | 11 passed | 5 skipped (17)
   Start at  20:52:27
   Duration  112.20s (transform 771ms, setup 0ms, import 2.19s, tests 109.75s, environment 0ms)

