[2026-04-01T15:01:15Z] cwd=/home/raed/projects/air-mentor-ui
[2026-04-01T15:01:15Z] command=env AIRMENTOR_KEYBOARD_ARTIFACT_PREFIX=07c-local npm run playwright:admin-live:keyboard-regression 

> air-mentor-ui@0.0.0 playwright:admin-live:keyboard-regression
> bash scripts/playwright-admin-live-keyboard-regression.sh

warning: Git tree '/home/raed/projects/air-mentor-ui' is dirty
AirMentor dev shell ready.
Playwright is available through the wrapped Nix runtime.
Python is available for the curriculum linkage helper.
Try: playwright --version
Smoke: bash scripts/playwright-smoke.sh http://127.0.0.1:5173

(!) Some chunks are larger than 500 kB after minification. Consider:
- Using dynamic import() to code-split the application
- Use build.rollupOptions.output.manualChunks to improve chunking: https://rollupjs.org/configuration-options/#output-manualchunks
- Adjust chunk size limit for this warning via build.chunkSizeWarningLimit.
Running system admin live keyboard regression...
Frontend URL: http://127.0.0.1:4173
Backend URL: http://127.0.0.1:38273
Backend log: /home/raed/projects/air-mentor-ui/output/playwright/system-admin-live-backend.log
Preview log: /home/raed/projects/air-mentor-ui/output/playwright/system-admin-keyboard-preview.log
[keyboard] step: login-system-admin
[browser:info] {"type":"airmentor-client-event","name":"startup.diagnostic","level":"info","timestamp":"2026-04-01T15:01:42.168Z","details":{"workspace":"system-admin","level":"info","code":"FRONTEND_STARTUP_MODE","message":"Running with local-first frontend origin expectations."}}
[browser:info] {"type":"airmentor-client-event","name":"startup.ready","level":"info","timestamp":"2026-04-01T15:01:42.170Z","details":{"workspace":"system-admin","apiBaseUrl":"/","telemetrySinkConfigured":false,"diagnosticCount":1,"errorCount":0}}
[response:401] http://127.0.0.1:4173/api/session
[keyboard] request route discovered: id=request_001 status=New summary=Grant additional mentor mapping coverage
[keyboard] step: request-flow-keyboard
[keyboard] step: student-modal-focus-trap
[keyboard] step: proof-dashboard-keyboard
[browser:info] {"type":"airmentor-client-event","name":"proof.checkpoint.readiness","level":"info","timestamp":"2026-04-01T15:03:06.559Z","details":{"workspace":"system-admin","simulationRunId":"simulation_run_5917cbd3-efa3-4177-9eb3-231811c95a99","simulationStageCheckpointId":"stage_checkpoint_082b5b216b85c774057cb23a","stageLabel":"Pre TT1","playbackAccessible":true,"stageAdvanceBlocked":false,"blockingQueueItemCount":0,"canStepForward":true,"canPlayToEnd":false}}
[browser:warning] {"type":"airmentor-client-event","name":"proof.checkpoint.readiness","level":"warn","timestamp":"2026-04-01T15:03:07.906Z","details":{"workspace":"system-admin","simulationRunId":"simulation_run_5917cbd3-efa3-4177-9eb3-231811c95a99","simulationStageCheckpointId":"stage_checkpoint_65dc89628ed58e91086836b1","stageLabel":"Post SEE","playbackAccessible":false,"stageAdvanceBlocked":true,"blockingQueueItemCount":42,"canStepForward":false,"canPlayToEnd":false}}
[keyboard] current step: proof-dashboard-keyboard
[keyboard] failure url: http://127.0.0.1:4173/#/admin/faculties/academic_faculty_engineering_and_technology/departments/dept_cse/branches/branch_mnc_btech/batches/batch_branch_mnc_btech_2023
Failure HTML: /home/raed/projects/air-mentor-ui/output/playwright/system-admin-live-keyboard-regression-failure.html
System admin live keyboard regression failed. Screenshot: /home/raed/projects/air-mentor-ui/output/playwright/system-admin-live-keyboard-regression-failure.png
Trace: /home/raed/projects/air-mentor-ui/output/playwright/system-admin-live-keyboard-regression-failure.zip
Prefixed keyboard failure artifacts:
- screenshot: /home/raed/projects/air-mentor-ui/output/playwright/07c-local-system-admin-live-keyboard-regression-failure.png
- report: /home/raed/projects/air-mentor-ui/output/playwright/07c-local-system-admin-live-keyboard-regression-failure.json
- trace: /home/raed/projects/air-mentor-ui/output/playwright/07c-local-system-admin-live-keyboard-regression-failure.zip
- html: /home/raed/projects/air-mentor-ui/output/playwright/07c-local-system-admin-live-keyboard-regression-failure.html
node:internal/modules/run_main:107
    triggerUncaughtException(
    ^

AssertionError [ERR_ASSERTION]: selected checkpoint banner after late checkpoint selection should match /Sem 6 · Post SEE/i, received Selected checkpoint: semester 6 · Post SEE · Checkpoint after SEE evidence is present and locked. This is the end-of-semester progression gate.. Playback progression is blocked until all queue items at this checkpoint are resolved.
    at expectText (file:///home/raed/projects/air-mentor-ui/scripts/system-admin-live-keyboard-regression.mjs:128:5)
    at async file:///home/raed/projects/air-mentor-ui/scripts/system-admin-live-keyboard-regression.mjs:592:3 {
  generatedMessage: false,
  code: 'ERR_ASSERTION',
  actual: false,
  expected: true,
  operator: '==',
  diff: 'simple'
}

Node.js v24.13.0
