[2026-04-01T13:17:05Z] cwd=/home/raed/projects/air-mentor-ui
[2026-04-01T13:17:05Z] command=env -C air-mentor-api npx vitest run --reporter=verbose --maxWorkers=1 tests/hod-proof-analytics.test.ts tests/risk-explorer.test.ts tests/student-agent-shell.test.ts 

 RUN  v4.1.0 /home/raed/projects/air-mentor-ui/air-mentor-api

 ✓ tests/hod-proof-analytics.test.ts > hod proof analytics > serves live in-scope HoD analytics and reconciles with dashboard and faculty profile 4362ms
 ✓ tests/hod-proof-analytics.test.ts > hod proof analytics > keeps a department-scoped HoD in scope even when the active proof batch is on a sibling branch 3674ms
 ✓ tests/hod-proof-analytics.test.ts > hod proof analytics > keeps an in-scope HoD role grant authoritative when faculty appointments drift out of scope 3567ms
 ✓ tests/hod-proof-analytics.test.ts > hod proof analytics > keeps HoD analytics in scope when another active HoD grant matches the proof department 3598ms
 ✓ tests/hod-proof-analytics.test.ts > hod proof analytics > returns an empty view for HODs outside the active proof department scope 3478ms
 ✓ tests/hod-proof-analytics.test.ts > hod proof analytics > supports deterministic filtering for section, risk band, and reassessment status 3733ms
 ✓ tests/hod-proof-analytics.test.ts > hod proof analytics > projects checkpoint-scoped HoD analytics without exposing no-action comparator fields 146724ms
 ✓ tests/hod-proof-analytics.test.ts > hod proof analytics > keeps explicit checkpoint playback available even if the run active flag drifts off 118200ms
 ✓ tests/hod-proof-analytics.test.ts > hod proof analytics > does not expose inactive runs in the HoD summary 3661ms
 ✓ tests/hod-proof-analytics.test.ts > hod proof analytics > uses the activated proof semester as the default HoD slice while keeping checkpoint playback separate 73338ms
 ✓ tests/hod-proof-analytics.test.ts > hod proof analytics > keeps the default HoD slice aligned with activated semesters 1 through 3 113645ms
 ✓ tests/student-agent-shell.test.ts > student agent shell > returns a deterministic card and bounded replies for in-scope course leaders 57671ms
 ✓ tests/student-agent-shell.test.ts > student agent shell > enforces mentor and HoD scope and allows system admin archived-run inspection 3726ms
 ✓ tests/student-agent-shell.test.ts > student agent shell > allows HOD student shell access when the active role grant remains in scope after appointment drift 3962ms
 ✓ tests/student-agent-shell.test.ts > student agent shell > allows HOD student shell access when a second active HoD grant matches the proof department 3588ms
 ✓ tests/student-agent-shell.test.ts > student agent shell > uses the activated proof semester for the default student shell while keeping checkpoint playback separate 57274ms
 ✓ tests/student-agent-shell.test.ts > student agent shell > keeps the default student shell aligned with activated semesters 1 through 3 58900ms
 ✓ tests/risk-explorer.test.ts > student risk explorer > returns checkpoint-bound proof analysis for an in-scope course leader and matches shell evidence 58101ms
 ✓ tests/risk-explorer.test.ts > student risk explorer > enforces scoped access and lets sysadmin inspect an archived run explicitly 3871ms
 ✓ tests/risk-explorer.test.ts > student risk explorer > uses the activated proof semester for the default risk explorer while keeping checkpoint playback separate 57225ms
 ✓ tests/risk-explorer.test.ts > student risk explorer > keeps the default risk explorer aligned with activated semesters 1 through 3 57753ms

 Test Files  3 passed (3)
      Tests  21 passed (21)
   Start at  18:47:05
   Duration  842.85s (transform 833ms, setup 0ms, import 2.48s, tests 840.05s, environment 0ms)

[2026-04-01T13:31:08Z] exit=0
