[2026-03-30T19:59:40Z] cwd=/home/raed/projects/air-mentor-ui
[2026-03-30T19:59:40Z] command=zsh -lc export\ AIRMENTOR_LIVE_SYSTEM_ADMIN_IDENTIFIER=sysadmin\ AIRMENTOR_LIVE_SYSTEM_ADMIN_PASSWORD=admin1234\ PLAYWRIGHT_APP_URL=https://raed2180416.github.io/AirMentor/\ PLAYWRIGHT_API_URL=https://api-production-ab72.up.railway.app/\ AIRMENTOR_LIVE_STACK=1\;\ npm\ run\ playwright:admin-live:proof-risk 

> air-mentor-ui@0.0.0 playwright:admin-live:proof-risk
> bash scripts/playwright-admin-live-proof-risk-smoke.sh

AirMentor dev shell ready.
Playwright is available through the wrapped Nix runtime.
Python is available for the curriculum linkage helper.
Try: playwright --version
Smoke: bash scripts/playwright-smoke.sh http://127.0.0.1:5173
Running system admin proof-risk smoke...
Frontend URL: https://raed2180416.github.io/AirMentor/
Backend URL: https://api-production-ab72.up.railway.app/
[smoke] step: login-system-admin
[smoke:session-request] GET https://api-production-ab72.up.railway.app/api/session cookie=missing
[browser:info] {"type":"airmentor-client-event","name":"startup.diagnostic","level":"info","timestamp":"2026-03-30T19:59:49.946Z","details":{"workspace":"system-admin","level":"info","code":"FRONTEND_STARTUP_MODE","message":"Running with production-like frontend origin expectations."}}
[browser:info] {"type":"airmentor-client-event","name":"startup.ready","level":"info","timestamp":"2026-03-30T19:59:49.947Z","details":{"workspace":"system-admin","apiBaseUrl":"https://api-production-ab72.up.railway.app","telemetrySinkConfigured":false,"diagnosticCount":1,"errorCount":0}}
[smoke:session-response] 401 https://api-production-ab72.up.railway.app/api/session set-cookie=missing body={"error":"UNAUTHORIZED","message":"Authentication required"}
[smoke:session-request] POST https://api-production-ab72.up.railway.app/api/session/login cookie=missing
[smoke:session-response] 200 https://api-production-ab72.up.railway.app/api/session/login set-cookie=present
[smoke:session-request] GET https://api-production-ab72.up.railway.app/api/session cookie=present
[smoke:session-response] 200 https://api-production-ab72.up.railway.app/api/session set-cookie=present
[smoke] cookies after login: [{"name":"airmentor_session","value":"session_2b54d9d7-680c-4c3a-a795-b6034e80eb04","domain":"api-production-ab72.up.railway.app","path":"/","expires":1775505590.634,"httpOnly":true,"secure":true,"sameSite":"None"},{"name":"airmentor_csrf","value":"CpqB1LiHyuRLOiD7v-lNiO95aEJCSdB_O4kFANh_QEA","domain":"api-production-ab72.up.railway.app","path":"/","expires":1775505590.634,"httpOnly":false,"secure":true,"sameSite":"None"}]
[smoke] live proof route pinned to seeded batch: batch=batch_branch_mnc_btech_2023 checkpoints=30 proofRuns=1 imports=2
[smoke] step: activate-proof-semester
[smoke] proof dashboard before prewarm: imports=2 activeRun=sim_mnc_2023_first6_v1 checkpoints=30
[smoke] activated proof operational semester 4 for run sim_mnc_2023_first6_v1 (previous=6)
[smoke] activation request artifact: /home/raed/projects/air-mentor-ui/output/playwright/system-admin-proof-semester-activation-live-request.json
[smoke] activation response artifact: /home/raed/projects/air-mentor-ui/output/playwright/system-admin-proof-semester-activation-live-response.json
[smoke] step: open-seeded-proof-route
[smoke] opening seeded proof route: https://raed2180416.github.io/AirMentor/#/admin/faculties/academic_faculty_engineering_and_technology/departments/dept_cse/branches/branch_mnc_btech/batches/batch_branch_mnc_btech_2023
[smoke] checkpoint playback missing, verifying proof controls and prewarming through admin endpoints
[browser:info] {"type":"airmentor-client-event","name":"proof.checkpoint.readiness","level":"info","timestamp":"2026-03-30T20:00:11.682Z","details":{"workspace":"system-admin","simulationRunId":"sim_mnc_2023_first6_v1","simulationStageCheckpointId":"stage_checkpoint_e22816d896f73351902c3e1e","stageLabel":"Pre TT1","playbackAccessible":true,"stageAdvanceBlocked":false,"blockingQueueItemCount":0,"canStepForward":true,"canPlayToEnd":false}}
[smoke] proof dashboard before prewarm: imports=2 activeRun=sim_mnc_2023_first6_v1 checkpoints=30
[smoke] reopening seeded proof route after server-side prewarm: https://raed2180416.github.io/AirMentor/?proof-reload=1774900814023#/admin/faculties/academic_faculty_engineering_and_technology/departments/dept_cse/branches/branch_mnc_btech/batches/batch_branch_mnc_btech_2023
[browser:info] {"type":"airmentor-client-event","name":"startup.diagnostic","level":"info","timestamp":"2026-03-30T20:00:14.253Z","details":{"workspace":"system-admin","level":"info","code":"FRONTEND_STARTUP_MODE","message":"Running with production-like frontend origin expectations."}}
[browser:info] {"type":"airmentor-client-event","name":"startup.ready","level":"info","timestamp":"2026-03-30T20:00:14.253Z","details":{"workspace":"system-admin","apiBaseUrl":"https://api-production-ab72.up.railway.app","telemetrySinkConfigured":false,"diagnosticCount":1,"errorCount":0}}
[smoke:session-request] GET https://api-production-ab72.up.railway.app/api/session cookie=present
[smoke:session-response] 200 https://api-production-ab72.up.railway.app/api/session set-cookie=present
[browser:info] {"type":"airmentor-client-event","name":"auth.session.restored","level":"info","timestamp":"2026-03-30T20:00:14.340Z","details":{"workspace":"system-admin","sessionId":"session_2b54d9d7-680c-4c3a-a795-b6034e80eb04","facultyId":"fac_sysadmin","activeRole":"SYSTEM_ADMIN"}}
[browser:info] {"type":"airmentor-client-event","name":"proof.checkpoint.readiness","level":"info","timestamp":"2026-03-30T20:00:21.537Z","details":{"workspace":"system-admin","simulationRunId":"sim_mnc_2023_first6_v1","simulationStageCheckpointId":"stage_checkpoint_e22816d896f73351902c3e1e","stageLabel":"Pre TT1","playbackAccessible":true,"stageAdvanceBlocked":false,"blockingQueueItemCount":0,"canStepForward":true,"canPlayToEnd":false}}
[smoke] step: select-target-checkpoint
[browser:warning] {"type":"airmentor-client-event","name":"proof.checkpoint.readiness","level":"warn","timestamp":"2026-03-30T20:00:25.317Z","details":{"workspace":"system-admin","simulationRunId":"sim_mnc_2023_first6_v1","simulationStageCheckpointId":"stage_checkpoint_654335929a345857eab259b0","stageLabel":"Post SEE","playbackAccessible":false,"stageAdvanceBlocked":true,"blockingQueueItemCount":10,"canStepForward":false,"canPlayToEnd":false}}
[smoke] stored playback selection: {"simulationRunId":"sim_mnc_2023_first6_v1","simulationStageCheckpointId":"stage_checkpoint_654335929a345857eab259b0","updatedAt":"2026-03-30T20:00:25.317Z"}
[smoke] selected checkpoint banner: Selected checkpoint: semester 6 · Post SEE · Checkpoint after SEE evidence is present and locked. This is the end-of-semester progression gate.. Playback progression is blocked until all queue items at this checkpoint are resolved.
[smoke] step: reload-system-admin-proof-route
[smoke] refreshing seeded proof route: https://raed2180416.github.io/AirMentor/?proof-reload=1774900825935#/admin/faculties/academic_faculty_engineering_and_technology/departments/dept_cse/branches/branch_mnc_btech/batches/batch_branch_mnc_btech_2023
[browser:info] {"type":"airmentor-client-event","name":"startup.diagnostic","level":"info","timestamp":"2026-03-30T20:00:26.266Z","details":{"workspace":"system-admin","level":"info","code":"FRONTEND_STARTUP_MODE","message":"Running with production-like frontend origin expectations."}}
[browser:info] {"type":"airmentor-client-event","name":"startup.ready","level":"info","timestamp":"2026-03-30T20:00:26.268Z","details":{"workspace":"system-admin","apiBaseUrl":"https://api-production-ab72.up.railway.app","telemetrySinkConfigured":false,"diagnosticCount":1,"errorCount":0}}
[smoke:session-request] GET https://api-production-ab72.up.railway.app/api/session cookie=present
[smoke:session-response] 200 https://api-production-ab72.up.railway.app/api/session set-cookie=present
[browser:info] {"type":"airmentor-client-event","name":"auth.session.restored","level":"info","timestamp":"2026-03-30T20:00:26.382Z","details":{"workspace":"system-admin","sessionId":"session_2b54d9d7-680c-4c3a-a795-b6034e80eb04","facultyId":"fac_sysadmin","activeRole":"SYSTEM_ADMIN"}}
[smoke] step: reopen-seeded-proof-route-after-reload
[smoke] opening seeded proof route: https://raed2180416.github.io/AirMentor/#/admin/faculties/academic_faculty_engineering_and_technology/departments/dept_cse/branches/branch_mnc_btech/batches/batch_branch_mnc_btech_2023
[browser:info] {"type":"airmentor-client-event","name":"startup.diagnostic","level":"info","timestamp":"2026-03-30T20:00:27.792Z","details":{"workspace":"system-admin","level":"info","code":"FRONTEND_STARTUP_MODE","message":"Running with production-like frontend origin expectations."}}
[browser:info] {"type":"airmentor-client-event","name":"startup.ready","level":"info","timestamp":"2026-03-30T20:00:27.794Z","details":{"workspace":"system-admin","apiBaseUrl":"https://api-production-ab72.up.railway.app","telemetrySinkConfigured":false,"diagnosticCount":1,"errorCount":0}}
[smoke:session-request] GET https://api-production-ab72.up.railway.app/api/session cookie=present
[smoke:session-response] 200 https://api-production-ab72.up.railway.app/api/session set-cookie=present
[browser:info] {"type":"airmentor-client-event","name":"auth.session.restored","level":"info","timestamp":"2026-03-30T20:00:29.111Z","details":{"workspace":"system-admin","sessionId":"session_2b54d9d7-680c-4c3a-a795-b6034e80eb04","facultyId":"fac_sysadmin","activeRole":"SYSTEM_ADMIN"}}
[smoke] opening seeded proof batch overview tab
[smoke] checkpoint playback missing, verifying proof controls and prewarming through admin endpoints
[browser:warning] {"type":"airmentor-client-event","name":"proof.checkpoint.readiness","level":"warn","timestamp":"2026-03-30T20:00:39.705Z","details":{"workspace":"system-admin","simulationRunId":"sim_mnc_2023_first6_v1","simulationStageCheckpointId":"stage_checkpoint_654335929a345857eab259b0","stageLabel":"Post SEE","playbackAccessible":false,"stageAdvanceBlocked":true,"blockingQueueItemCount":10,"canStepForward":false,"canPlayToEnd":false}}
[smoke] proof dashboard before prewarm: imports=2 activeRun=sim_mnc_2023_first6_v1 checkpoints=30
[smoke] reopening seeded proof route after server-side prewarm: https://raed2180416.github.io/AirMentor/?proof-reload=1774900842595#/admin/faculties/academic_faculty_engineering_and_technology/departments/dept_cse/branches/branch_mnc_btech/batches/batch_branch_mnc_btech_2023
[browser:info] {"type":"airmentor-client-event","name":"startup.diagnostic","level":"info","timestamp":"2026-03-30T20:00:42.689Z","details":{"workspace":"system-admin","level":"info","code":"FRONTEND_STARTUP_MODE","message":"Running with production-like frontend origin expectations."}}
[browser:info] {"type":"airmentor-client-event","name":"startup.ready","level":"info","timestamp":"2026-03-30T20:00:42.690Z","details":{"workspace":"system-admin","apiBaseUrl":"https://api-production-ab72.up.railway.app","telemetrySinkConfigured":false,"diagnosticCount":1,"errorCount":0}}
[smoke:session-request] GET https://api-production-ab72.up.railway.app/api/session cookie=present
[smoke:session-response] 200 https://api-production-ab72.up.railway.app/api/session set-cookie=present
[browser:info] {"type":"airmentor-client-event","name":"auth.session.restored","level":"info","timestamp":"2026-03-30T20:00:42.761Z","details":{"workspace":"system-admin","sessionId":"session_2b54d9d7-680c-4c3a-a795-b6034e80eb04","facultyId":"fac_sysadmin","activeRole":"SYSTEM_ADMIN"}}
[browser:warning] {"type":"airmentor-client-event","name":"proof.checkpoint.readiness","level":"warn","timestamp":"2026-03-30T20:00:49.445Z","details":{"workspace":"system-admin","simulationRunId":"sim_mnc_2023_first6_v1","simulationStageCheckpointId":"stage_checkpoint_654335929a345857eab259b0","stageLabel":"Post SEE","playbackAccessible":false,"stageAdvanceBlocked":true,"blockingQueueItemCount":10,"canStepForward":false,"canPlayToEnd":false}}
[smoke] stored playback selection: {"simulationRunId":"sim_mnc_2023_first6_v1","simulationStageCheckpointId":"stage_checkpoint_654335929a345857eab259b0","updatedAt":"2026-03-30T20:00:25.317Z"}
[smoke] selected checkpoint banner: Selected checkpoint: semester 6 · Post SEE · Checkpoint after SEE evidence is present and locked. This is the end-of-semester progression gate.. Playback progression is blocked until all queue items at this checkpoint are resolved.
[smoke] step: restore-proof-semester
[smoke] restored proof operational semester 6 for run sim_mnc_2023_first6_v1
[smoke] step: logout-system-admin
[smoke:session-request] DELETE https://api-production-ab72.up.railway.app/api/session cookie=present
[smoke:session-response] 200 https://api-production-ab72.up.railway.app/api/session set-cookie=present
[smoke] step: login-academic-portal
[browser:info] {"type":"airmentor-client-event","name":"startup.diagnostic","level":"info","timestamp":"2026-03-30T20:00:58.253Z","details":{"workspace":"academic","level":"info","code":"FRONTEND_STARTUP_MODE","message":"Running with production-like frontend origin expectations."}}
[browser:info] {"type":"airmentor-client-event","name":"startup.ready","level":"info","timestamp":"2026-03-30T20:00:58.253Z","details":{"workspace":"academic","apiBaseUrl":"https://api-production-ab72.up.railway.app","telemetrySinkConfigured":false,"diagnosticCount":1,"errorCount":0}}
[smoke:session-request] GET https://api-production-ab72.up.railway.app/api/session cookie=missing
[smoke:session-response] 401 https://api-production-ab72.up.railway.app/api/session set-cookie=missing body={"error":"UNAUTHORIZED","message":"Authentication required"}
[smoke:session-request] POST https://api-production-ab72.up.railway.app/api/session/login cookie=missing
[smoke] step: switch-to-course-leader
[smoke:session-response] 200 https://api-production-ab72.up.railway.app/api/session/login set-cookie=present
[smoke:session-request] GET https://api-production-ab72.up.railway.app/api/session cookie=present
[smoke:session-response] 200 https://api-production-ab72.up.railway.app/api/session set-cookie=present
[smoke:academic-request] GET https://api-production-ab72.up.railway.app/api/academic/bootstrap?simulationStageCheckpointId=stage_checkpoint_654335929a345857eab259b0
[smoke:academic-response] 200 https://api-production-ab72.up.railway.app/api/academic/bootstrap?simulationStageCheckpointId=stage_checkpoint_654335929a345857eab259b0
[browser:info] {"type":"airmentor-client-event","name":"proof.playback.restored","level":"info","timestamp":"2026-03-30T20:01:01.202Z","details":{"workspace":"academic","simulationStageCheckpointId":"stage_checkpoint_654335929a345857eab259b0","semesterLabel":"Semester 6","stageLabel":"Post SEE"}}
[smoke] step: open-faculty-proof-panel
[smoke] step: open-teacher-risk-explorer
[smoke] Teacher proof panel has no row-backed monitoring or elective-fit entries at this checkpoint; skipping teacher-specific risk-explorer and student-shell subflow.
[smoke] step: switch-to-hod
[smoke:session-request] POST https://api-production-ab72.up.railway.app/api/session/role-context cookie=present
[smoke:session-response] 200 https://api-production-ab72.up.railway.app/api/session/role-context set-cookie=present
[smoke:session-request] GET https://api-production-ab72.up.railway.app/api/session cookie=present
[smoke:session-response] 200 https://api-production-ab72.up.railway.app/api/session set-cookie=present
[smoke:academic-request] GET https://api-production-ab72.up.railway.app/api/academic/bootstrap?simulationStageCheckpointId=stage_checkpoint_654335929a345857eab259b0
[smoke:academic-request] GET https://api-production-ab72.up.railway.app/api/academic/hod/proof-bundle?simulationStageCheckpointId=stage_checkpoint_654335929a345857eab259b0
[smoke:academic-response] 200 https://api-production-ab72.up.railway.app/api/academic/bootstrap?simulationStageCheckpointId=stage_checkpoint_654335929a345857eab259b0
[browser:info] {"type":"airmentor-client-event","name":"proof.playback.restored","level":"info","timestamp":"2026-03-30T20:01:04.132Z","details":{"workspace":"academic","simulationStageCheckpointId":"stage_checkpoint_654335929a345857eab259b0","semesterLabel":"Semester 6","stageLabel":"Post SEE"}}
[smoke:academic-response] 200 https://api-production-ab72.up.railway.app/api/academic/hod/proof-bundle?simulationStageCheckpointId=stage_checkpoint_654335929a345857eab259b0
[smoke] step: assert-hod-proof-analytics
[smoke] step: open-hod-student-shell
[smoke:academic-response] 403 https://api-production-ab72.up.railway.app/api/academic/student-shell/students/mnc_student_101/card?simulationStageCheckpointId=stage_checkpoint_654335929a345857eab259b0 body={"error":"FORBIDDEN","message":"Simulation stage checkpoint does not belong to the selected proof run"}
[browser:warning] {"type":"airmentor-client-event","name":"proof.student_shell.load_failed","level":"warn","timestamp":"2026-03-30T20:01:57.849Z","details":{"workspace":"academic","studentId":"mnc_student_101","simulationStageCheckpointId":"stage_checkpoint_654335929a345857eab259b0","error":{"name":"Error","message":"Simulation stage checkpoint does not belong to the selected proof run","status":403}}}
[smoke] step: assert-hod-student-shell
[smoke:academic-response] 403 https://api-production-ab72.up.railway.app/api/academic/student-shell/students/mnc_student_101/timeline?simulationStageCheckpointId=stage_checkpoint_654335929a345857eab259b0 body={"error":"FORBIDDEN","message":"Simulation stage checkpoint does not belong to the selected proof run"}
[browser:warning] {"type":"airmentor-client-event","name":"proof.student_timeline.load_failed","level":"warn","timestamp":"2026-03-30T20:01:58.033Z","details":{"workspace":"academic","studentId":"mnc_student_101","simulationStageCheckpointId":"stage_checkpoint_654335929a345857eab259b0","error":{"name":"Error","message":"Simulation stage checkpoint does not belong to the selected proof run","status":403}}}
[smoke] current step: assert-hod-student-shell
[smoke] failure url: https://raed2180416.github.io/AirMentor/?proof-reload=1774900842595#/app
Failure HTML: /home/raed/projects/air-mentor-ui/output/playwright/system-admin-proof-risk-smoke-failure.html
System admin proof-risk smoke failed. Screenshot: /home/raed/projects/air-mentor-ui/output/playwright/system-admin-proof-risk-smoke-failure.png
Trace: /home/raed/projects/air-mentor-ui/output/playwright/system-admin-proof-risk-smoke-failure.zip
[browser] page closed unexpectedly
[browser] browser disconnected unexpectedly
file:///home/raed/projects/air-mentor-ui/scripts/system-admin-proof-risk-smoke.mjs:236
  throw new Error(`${description} should expose checkpoint ${checkpointId}`)
        ^

Error: HoD student shell should expose checkpoint stage_checkpoint_654335929a345857eab259b0
    at expectProofCheckpointIdentity (file:///home/raed/projects/air-mentor-ui/scripts/system-admin-proof-risk-smoke.mjs:236:9)
    at async file:///home/raed/projects/air-mentor-ui/scripts/system-admin-proof-risk-smoke.mjs:1015:7

Node.js v24.13.0
