[2026-03-30T12:48:07Z] cwd=/home/raed/projects/air-mentor-ui
[2026-03-30T12:48:07Z] command=npm test -- --run tests/proof-surface-shell.test.tsx tests/system-admin-proof-dashboard-workspace.test.tsx tests/faculty-profile-proof.test.tsx tests/hod-pages.test.ts tests/risk-explorer.test.tsx tests/student-shell.test.tsx 

> air-mentor-ui@0.0.0 test
> vitest run --run tests/proof-surface-shell.test.tsx tests/system-admin-proof-dashboard-workspace.test.tsx tests/faculty-profile-proof.test.tsx tests/hod-pages.test.ts tests/risk-explorer.test.tsx tests/student-shell.test.tsx


 RUN  v4.1.0 /home/raed/projects/air-mentor-ui

 ❯ tests/proof-surface-shell.test.tsx (2 tests | 2 failed) 5ms
     × renders the shared proof shell owner and floating launcher contract 4ms
     × renders the shared tablist and active panel contract 0ms

⎯⎯⎯⎯⎯⎯⎯ Failed Tests 2 ⎯⎯⎯⎯⎯⎯⎯

 FAIL  tests/proof-surface-shell.test.tsx > ProofSurfaceShell > renders the shared proof shell owner and floating launcher contract
ReferenceError: React is not defined
 ❯ tests/proof-surface-shell.test.tsx:55:7
     53|   it('renders the shared proof shell owner and floating launcher contr…
     54|     render(
     55|       <ProofSurfaceHero
       |       ^
     56|         surface="proof-shell-test"
     57|         eyebrow="Proof Shell"

⎯⎯⎯⎯⎯⎯⎯⎯⎯⎯⎯⎯⎯⎯⎯⎯⎯⎯⎯⎯⎯⎯⎯⎯[1/2]⎯

 FAIL  tests/proof-surface-shell.test.tsx > ProofSurfaceShell > renders the shared tablist and active panel contract
ReferenceError: React is not defined
 ❯ tests/proof-surface-shell.test.tsx:77:12
     75|
     76|   it('renders the shared tablist and active panel contract', () => {
     77|     render(<ProofTabsHarness />)
       |            ^
     78|
     79|     const tablist = screen.getByRole('tablist', { name: 'Shared proof …

⎯⎯⎯⎯⎯⎯⎯⎯⎯⎯⎯⎯⎯⎯⎯⎯⎯⎯⎯⎯⎯⎯⎯⎯[2/2]⎯


 Test Files  1 failed | 5 passed (6)
      Tests  2 failed | 13 passed (15)
   Start at  18:18:07
   Duration  1.69s (transform 1.36s, setup 0ms, import 3.09s, tests 562ms, environment 1.74s)

