[2026-04-01T12:56:37Z] cwd=/home/raed/projects/air-mentor-ui
[2026-04-01T12:56:37Z] command=env -C air-mentor-api npx vitest run --reporter=verbose --maxWorkers=1 tests/hod-proof-analytics.test.ts -t keeps\ the\ default\ HoD\ slice\ aligned\ with\ activated\ semesters\ 1\ through\ 3 

 RUN  v4.1.0 /home/raed/projects/air-mentor-ui/air-mentor-api

 ↓ tests/hod-proof-analytics.test.ts > hod proof analytics > serves live in-scope HoD analytics and reconciles with dashboard and faculty profile
 ↓ tests/hod-proof-analytics.test.ts > hod proof analytics > keeps a department-scoped HoD in scope even when the active proof batch is on a sibling branch
 ↓ tests/hod-proof-analytics.test.ts > hod proof analytics > keeps an in-scope HoD role grant authoritative when faculty appointments drift out of scope
 ↓ tests/hod-proof-analytics.test.ts > hod proof analytics > keeps HoD analytics in scope when another active HoD grant matches the proof department
 ↓ tests/hod-proof-analytics.test.ts > hod proof analytics > returns an empty view for HODs outside the active proof department scope
 ↓ tests/hod-proof-analytics.test.ts > hod proof analytics > supports deterministic filtering for section, risk band, and reassessment status
 ↓ tests/hod-proof-analytics.test.ts > hod proof analytics > projects checkpoint-scoped HoD analytics without exposing no-action comparator fields
 ↓ tests/hod-proof-analytics.test.ts > hod proof analytics > keeps explicit checkpoint playback available even if the run active flag drifts off
 ↓ tests/hod-proof-analytics.test.ts > hod proof analytics > does not expose inactive runs in the HoD summary
 ↓ tests/hod-proof-analytics.test.ts > hod proof analytics > uses the activated proof semester as the default HoD slice while keeping checkpoint playback separate
 × tests/hod-proof-analytics.test.ts > hod proof analytics > keeps the default HoD slice aligned with activated semesters 1 through 3 76420ms
   → expected undefined to be 1 // Object.is equality

⎯⎯⎯⎯⎯⎯⎯ Failed Tests 1 ⎯⎯⎯⎯⎯⎯⎯

 FAIL  tests/hod-proof-analytics.test.ts > hod proof analytics > keeps the default HoD slice aligned with activated semesters 1 through 3
AssertionError: expected undefined to be 1 // Object.is equality

- Expected:
1

+ Received:
undefined

 ❯ tests/hod-proof-analytics.test.ts:634:90
    632|       expect(summaryResponse.json().countSource).toBe('proof-run')
    633|       expect(summaryResponse.json().activeOperationalSemester).toBe(se…
    634|       expect(summaryResponse.json().activeRunContext?.checkpointContex…
       |                                                                                          ^
    635|       expect(studentsResponse.json().items.every((item: { currentSemes…
    636|       expect(checkpointSummaryResponse.json().countSource).toBe('proof…

⎯⎯⎯⎯⎯⎯⎯⎯⎯⎯⎯⎯⎯⎯⎯⎯⎯⎯⎯⎯⎯⎯⎯⎯[1/1]⎯


 Test Files  1 failed (1)
      Tests  1 failed | 10 skipped (11)
   Start at  18:26:37
   Duration  77.72s (transform 757ms, setup 0ms, import 1.20s, tests 76.42s, environment 0ms)

