[2026-04-01T17:55:59Z] cwd=/home/raed/projects/air-mentor-ui
[2026-04-01T17:55:59Z] command=env PLAYWRIGHT_OUTPUT_DIR=output/playwright/08a-local AIRMENTOR_TEACHING_PARITY_ARTIFACT_PREFIX=08a-local-teaching npm run playwright:admin-live:teaching-parity 

> air-mentor-ui@0.0.0 playwright:admin-live:teaching-parity
> bash scripts/playwright-admin-live-teaching-parity.sh

warning: Git tree '/home/raed/projects/air-mentor-ui' is dirty
AirMentor dev shell ready.
Playwright is available through the wrapped Nix runtime.
Python is available for the curriculum linkage helper.
Try: playwright --version
Smoke: bash scripts/playwright-smoke.sh http://127.0.0.1:5173

(!) Some chunks are larger than 500 kB after minification. Consider:
- Using dynamic import() to code-split the application
- Use build.rollupOptions.output.manualChunks to improve chunking: https://rollupjs.org/configuration-options/#output-manualchunks
- Adjust chunk size limit for this warning via build.chunkSizeWarningLimit.
Running sysadmin -> teaching parity smoke...
Frontend URL: http://127.0.0.1:4173
Backend URL: http://127.0.0.1:36975
Backend log: /home/raed/projects/air-mentor-ui/output/playwright/system-admin-live-backend.log
Preview log: /home/raed/projects/air-mentor-ui/output/playwright/system-admin-live-teaching-preview.log
System admin -> teaching parity smoke failed. Screenshot: /home/raed/projects/air-mentor-ui/output/playwright/system-admin-teaching-parity-smoke-failure.png
Prefixed teaching-parity failure artifact:
- screenshot: /home/raed/projects/air-mentor-ui/output/playwright/08a-local-teaching-system-admin-teaching-parity-smoke-failure.png
node:internal/modules/run_main:107
    triggerUncaughtException(
    ^

locator.waitFor: Timeout 20000ms exceeded.
Call log:
[2m  - waiting for getByText(/Teaching Workspace Live Mode/) to be visible[22m

    at expectVisible (/home/raed/projects/air-mentor-ui/scripts/system-admin-teaching-parity-smoke.mjs:53:17)
    at openAcademicPortalFromHome (/home/raed/projects/air-mentor-ui/scripts/system-admin-teaching-parity-smoke.mjs:93:9)
    at async file:///home/raed/projects/air-mentor-ui/scripts/system-admin-teaching-parity-smoke.mjs:178:3 {
  name: 'TimeoutError'
}

Node.js v24.13.0
