[2026-04-01T13:01:48Z] cwd=/home/raed/projects/air-mentor-ui
[2026-04-01T13:01:48Z] command=env -C air-mentor-api npx vitest run --reporter=verbose --maxWorkers=1 tests/hod-proof-analytics.test.ts tests/risk-explorer.test.ts tests/student-agent-shell.test.ts 

 RUN  v4.1.0 /home/raed/projects/air-mentor-ui/air-mentor-api

 ✓ tests/hod-proof-analytics.test.ts > hod proof analytics > serves live in-scope HoD analytics and reconciles with dashboard and faculty profile 4313ms
 ✓ tests/hod-proof-analytics.test.ts > hod proof analytics > keeps a department-scoped HoD in scope even when the active proof batch is on a sibling branch 3548ms
 ✓ tests/hod-proof-analytics.test.ts > hod proof analytics > keeps an in-scope HoD role grant authoritative when faculty appointments drift out of scope 3648ms
 ✓ tests/hod-proof-analytics.test.ts > hod proof analytics > keeps HoD analytics in scope when another active HoD grant matches the proof department 3582ms
 ✓ tests/hod-proof-analytics.test.ts > hod proof analytics > returns an empty view for HODs outside the active proof department scope 3513ms
 ✓ tests/hod-proof-analytics.test.ts > hod proof analytics > supports deterministic filtering for section, risk band, and reassessment status 3892ms
 ✓ tests/hod-proof-analytics.test.ts > hod proof analytics > projects checkpoint-scoped HoD analytics without exposing no-action comparator fields 155348ms
 ✓ tests/hod-proof-analytics.test.ts > hod proof analytics > keeps explicit checkpoint playback available even if the run active flag drifts off 120657ms
 ✓ tests/hod-proof-analytics.test.ts > hod proof analytics > does not expose inactive runs in the HoD summary 3506ms
 ✓ tests/hod-proof-analytics.test.ts > hod proof analytics > uses the activated proof semester as the default HoD slice while keeping checkpoint playback separate 74335ms
 ✓ tests/hod-proof-analytics.test.ts > hod proof analytics > keeps the default HoD slice aligned with activated semesters 1 through 3 113283ms
 ✓ tests/student-agent-shell.test.ts > student agent shell > returns a deterministic card and bounded replies for in-scope course leaders 57416ms
 ✓ tests/student-agent-shell.test.ts > student agent shell > enforces mentor and HoD scope and allows system admin archived-run inspection 3683ms
 ✓ tests/student-agent-shell.test.ts > student agent shell > allows HOD student shell access when the active role grant remains in scope after appointment drift 3670ms
 ✓ tests/student-agent-shell.test.ts > student agent shell > allows HOD student shell access when a second active HoD grant matches the proof department 3612ms
 ✓ tests/student-agent-shell.test.ts > student agent shell > uses the activated proof semester for the default student shell while keeping checkpoint playback separate 56943ms
 × tests/student-agent-shell.test.ts > student agent shell > keeps the default student shell aligned with activated semesters 1 through 3 56540ms
   → expected undefined to be truthy
 ✓ tests/risk-explorer.test.ts > student risk explorer > returns checkpoint-bound proof analysis for an in-scope course leader and matches shell evidence 56661ms
 ✓ tests/risk-explorer.test.ts > student risk explorer > enforces scoped access and lets sysadmin inspect an archived run explicitly 3747ms
