[2026-04-01T17:30:48Z] cwd=/home/raed/projects/air-mentor-ui
[2026-04-01T17:30:48Z] command=env PLAYWRIGHT_OUTPUT_DIR=output/playwright/08a-local AIRMENTOR_PROOF_ARTIFACT_PREFIX=08a-local npm run verify:proof-closure:proof-rc 

> air-mentor-ui@0.0.0 verify:proof-closure:proof-rc
> npm run verify:proof-closure && npm --workspace air-mentor-api run test:proof-rc


> air-mentor-ui@0.0.0 verify:proof-closure
> npm --workspace air-mentor-api run build && npm run build && npm --workspace air-mentor-api test -- --reporter=dot && npm test -- --reporter=dot && bash scripts/playwright-admin-live-proof-risk-smoke.sh


> air-mentor-api@0.1.0 build
> tsc -p tsconfig.build.json


> air-mentor-ui@0.0.0 build
> tsc -b && vite build

vite v7.3.1 building client environment for production...
transforming...
✓ 2189 modules transformed.
rendering chunks...
computing gzip size...
dist/index.html                           0.79 kB │ gzip:  0.38 kB
dist/assets/index-BFfuiCzL.css           10.12 kB │ gzip:  2.50 kB
dist/assets/icons-vendor-CepHMY_q.js      8.25 kB │ gzip:  3.20 kB
dist/assets/risk-explorer-DWIr6AEE.js    22.02 kB │ gzip:  5.53 kB
dist/assets/student-shell-Cb3lMHoX.js    25.19 kB │ gzip:  5.90 kB
dist/assets/hod-pages-BfGrCHn6.js        31.10 kB │ gzip:  6.91 kB
dist/assets/course-pages-lKJ_bL6Z.js     34.76 kB │ gzip:  7.97 kB
dist/assets/workflow-pages-B3ZTHDBA.js   35.30 kB │ gzip:  8.30 kB
dist/assets/calendar-pages-Chadpkpz.js   59.61 kB │ gzip: 13.94 kB
dist/assets/app-shared-C50_NFWi.js      108.00 kB │ gzip: 30.20 kB
dist/assets/motion-vendor-CvHdYO5Q.js   123.99 kB │ gzip: 40.77 kB
dist/assets/react-vendor-Ah1pgjPn.js    192.35 kB │ gzip: 60.21 kB
dist/assets/index-CITX0gQD.js           203.71 kB │ gzip: 51.34 kB
✓ built in 2.41s

> air-mentor-api@0.1.0 test
> node scripts/run-vitest-suite.mjs --reporter=dot

[air-mentor-api] Running fast backend suite across 28 test files.

[air-mentor-api] -> tests/academic-access.test.ts

 RUN  v4.1.0 /home/raed/projects/air-mentor-ui/air-mentor-api

·····

 Test Files  1 passed (1)
      Tests  5 passed (5)
   Start at  23:01:08
   Duration  148ms (transform 32ms, setup 0ms, import 44ms, tests 4ms, environment 0ms)

[air-mentor-api] <- tests/academic-access.test.ts in 415ms

[air-mentor-api] -> tests/academic-bootstrap-routes.test.ts

 RUN  v4.1.0 /home/raed/projects/air-mentor-ui/air-mentor-api

·

 Test Files  1 passed (1)
      Tests  1 passed (1)
   Start at  23:01:09
   Duration  600ms (transform 94ms, setup 0ms, import 429ms, tests 68ms, environment 0ms)

[air-mentor-api] <- tests/academic-bootstrap-routes.test.ts in 827ms

[air-mentor-api] -> tests/academic-parity.test.ts

 RUN  v4.1.0 /home/raed/projects/air-mentor-ui/air-mentor-api

······