[2026-03-30T17:38:34Z] cwd=/home/raed/projects/air-mentor-ui
[2026-03-30T17:38:34Z] command=zsh -lc cd\ air-mentor-api\ \&\&\ NODE_OPTIONS=--max-old-space-size=6144\ npx\ vitest\ run\ --maxWorkers=1\ --reporter=verbose\ tests/proof-control-plane-activation-service.test.ts 

 RUN  v4.1.0 /home/raed/projects/air-mentor-ui/air-mentor-api


<--- Last few GCs --->

[2382747:0x5563a1796000]   122022 ms: Scavenge (interleaved) 6118.8 (6136.3) -> 6111.9 (6138.5) MB, pooled: 0 MB, 27.12 / 0.00 ms  (average mu = 0.186, current mu = 0.133) allocation failure; 
[2382747:0x5563a1796000]   126715 ms: Mark-Compact (reduce) 6112.1 (6138.5) -> 6111.9 (6114.5) MB, pooled: 0 MB, 4215.45 / 0.00 ms  (+ 13.4 ms in 3 steps since start of marking, biggest step 5.0 ms, walltime since start of marking 4240 ms) (average mu = 0
FATAL ERROR: Ineffective mark-compacts near heap limit Allocation failed - JavaScript heap out of memory
----- Native stack trace -----

 1: 0x556386527040 node::OOMErrorHandler(char const*, v8::OOMDetails const&) [/nix/store/9cyx2v23dip6p9q98384k9v06c96qskb-nodejs-24.13.0/bin/node]
 2: 0x556386a00170  [/nix/store/9cyx2v23dip6p9q98384k9v06c96qskb-nodejs-24.13.0/bin/node]
 3: 0x556386a00276  [/nix/store/9cyx2v23dip6p9q98384k9v06c96qskb-nodejs-24.13.0/bin/node]
 4: 0x556386cf6f97  [/nix/store/9cyx2v23dip6p9q98384k9v06c96qskb-nodejs-24.13.0/bin/node]
 5: 0x556386cf6fcb  [/nix/store/9cyx2v23dip6p9q98384k9v06c96qskb-nodejs-24.13.0/bin/node]
 6: 0x556386cf738b  [/nix/store/9cyx2v23dip6p9q98384k9v06c96qskb-nodejs-24.13.0/bin/node]
 7: 0x556386d0b56c  [/nix/store/9cyx2v23dip6p9q98384k9v06c96qskb-nodejs-24.13.0/bin/node]
 8: 0x556386d0f870  [/nix/store/9cyx2v23dip6p9q98384k9v06c96qskb-nodejs-24.13.0/bin/node]
 9: 0x55638791e233  [/nix/store/9cyx2v23dip6p9q98384k9v06c96qskb-nodejs-24.13.0/bin/node]
⎯⎯⎯⎯⎯⎯ Unhandled Errors ⎯⎯⎯⎯⎯⎯

Vitest caught 1 unhandled error during the test run.
This might cause false positive tests. Resolve unhandled errors to make sure your tests are not affected.

⎯⎯⎯⎯⎯⎯ Unhandled Error ⎯⎯⎯⎯⎯⎯⎯
Error: [vitest-pool]: Worker forks emitted error.
 ❯ EventEmitter.<anonymous> ../node_modules/vitest/dist/chunks/cli-api.DuT9iuvY.js:3452:22
 ❯ EventEmitter.emit node:events:508:28
 ❯ ChildProcess.emitUnexpectedExit ../node_modules/vitest/dist/chunks/cli-api.DuT9iuvY.js:3019:22
 ❯ ChildProcess.emit node:events:508:28
 ❯ Process.ChildProcess._handle.onexit node:internal/child_process:294:12

Caused by: Error: Worker exited unexpectedly
 ❯ ChildProcess.emitUnexpectedExit ../node_modules/vitest/dist/chunks/cli-api.DuT9iuvY.js:3018:33
 ❯ ChildProcess.emit node:events:508:28
 ❯ Process.ChildProcess._handle.onexit node:internal/child_process:294:12

⎯⎯⎯⎯⎯⎯⎯⎯⎯⎯⎯⎯⎯⎯⎯⎯⎯⎯⎯⎯⎯⎯⎯⎯⎯⎯⎯⎯⎯⎯


 Test Files   (1)
      Tests   (3)
     Errors  1 error
   Start at  23:08:36
   Duration  216.90s (transform 1.19s, setup 0ms, import 2.18s, tests 0ms, environment 0ms)

[vitest-pool]: Timeout terminating forks worker for test files /home/raed/projects/air-mentor-ui/air-mentor-api/tests/proof-control-plane-activation-service.test.ts.
