[2026-03-29T23:02:19Z] cwd=/home/raed/projects/air-mentor-ui
[2026-03-29T23:02:19Z] command=bash -lc npm\ --workspace\ air-mentor-api\ run\ verify:live-session-contract 

> air-mentor-api@0.1.0 verify:live-session-contract
> node ../scripts/check-railway-deploy-readiness.mjs session-contract

file:///home/raed/projects/air-mentor-ui/scripts/check-railway-deploy-readiness.mjs:564
    throw new Error('RAILWAY_PUBLIC_API_URL is required for the live session-contract verification.')
          ^

Error: RAILWAY_PUBLIC_API_URL is required for the live session-contract verification.
    at runSessionContract (file:///home/raed/projects/air-mentor-ui/scripts/check-railway-deploy-readiness.mjs:564:11)
    at file:///home/raed/projects/air-mentor-ui/scripts/check-railway-deploy-readiness.mjs:786:7
    at ModuleJob.run (node:internal/modules/esm/module_job:413:25)
    at async onImport.tracePromise.__proto__ (node:internal/modules/esm/loader:660:26)
    at async asyncRunEntryPointWithESMLoader (node:internal/modules/run_main:101:5)

Node.js v24.13.0
npm error Lifecycle script `verify:live-session-contract` failed with error:
npm error code 1
npm error path /home/raed/projects/air-mentor-ui/air-mentor-api
npm error workspace air-mentor-api@0.1.0
npm error location /home/raed/projects/air-mentor-ui/air-mentor-api
npm error command failed
npm error command sh -c node ../scripts/check-railway-deploy-readiness.mjs session-contract
