[2026-03-30T20:17:27Z] cwd=/home/raed/projects/air-mentor-ui
[2026-03-30T20:17:27Z] command=zsh -lc export\ AIRMENTOR_LIVE_SYSTEM_ADMIN_IDENTIFIER=sysadmin\ AIRMENTOR_LIVE_SYSTEM_ADMIN_PASSWORD=admin1234\ PLAYWRIGHT_APP_URL=https://raed2180416.github.io/AirMentor/\ PLAYWRIGHT_API_URL=https://api-production-ab72.up.railway.app/\ AIRMENTOR_LIVE_STACK=1\;\ npm\ run\ playwright:admin-live:proof-risk 

> air-mentor-ui@0.0.0 playwright:admin-live:proof-risk
> bash scripts/playwright-admin-live-proof-risk-smoke.sh

AirMentor dev shell ready.
Playwright is available through the wrapped Nix runtime.
Python is available for the curriculum linkage helper.
Try: playwright --version
Smoke: bash scripts/playwright-smoke.sh http://127.0.0.1:5173
Running system admin proof-risk smoke...
Frontend URL: https://raed2180416.github.io/AirMentor/
Backend URL: https://api-production-ab72.up.railway.app/
[smoke] step: login-system-admin
[smoke:session-request] GET https://api-production-ab72.up.railway.app/api/session cookie=missing
[browser:info] {"type":"airmentor-client-event","name":"startup.diagnostic","level":"info","timestamp":"2026-03-30T20:18:08.864Z","details":{"workspace":"system-admin","level":"info","code":"FRONTEND_STARTUP_MODE","message":"Running with production-like frontend origin expectations."}}
[browser:info] {"type":"airmentor-client-event","name":"startup.ready","level":"info","timestamp":"2026-03-30T20:18:08.864Z","details":{"workspace":"system-admin","apiBaseUrl":"https://api-production-ab72.up.railway.app","telemetrySinkConfigured":false,"diagnosticCount":1,"errorCount":0}}
[smoke:session-response] 401 https://api-production-ab72.up.railway.app/api/session set-cookie=missing body={"error":"UNAUTHORIZED","message":"Authentication required"}
[smoke:session-request] POST https://api-production-ab72.up.railway.app/api/session/login cookie=missing
[smoke:session-response] 200 https://api-production-ab72.up.railway.app/api/session/login set-cookie=present
[smoke:session-request] GET https://api-production-ab72.up.railway.app/api/session cookie=present
[smoke:session-response] 200 https://api-production-ab72.up.railway.app/api/session set-cookie=present
[smoke] cookies after login: [{"name":"airmentor_session","value":"session_53dd49dc-b059-4dc9-a61b-0d134140b9f8","domain":"api-production-ab72.up.railway.app","path":"/","expires":1775506689.554,"httpOnly":true,"secure":true,"sameSite":"None"},{"name":"airmentor_csrf","value":"yyTmdhJursrS7Ekh7FKsJ9khtxEglYhZE1k8V--oNLI","domain":"api-production-ab72.up.railway.app","path":"/","expires":1775506689.554,"httpOnly":false,"secure":true,"sameSite":"None"}]
[smoke] live proof route pinned to seeded batch: batch=batch_branch_mnc_btech_2023 checkpoints=30 proofRuns=1 imports=2
[smoke] step: activate-proof-semester
[smoke] proof dashboard before prewarm: imports=2 activeRun=sim_mnc_2023_first6_v1 checkpoints=30
[smoke] activated proof operational semester 4 for run sim_mnc_2023_first6_v1 (previous=6)
[smoke] activation request artifact: /home/raed/projects/air-mentor-ui/output/playwright/system-admin-proof-semester-activation-live-request.json
[smoke] activation response artifact: /home/raed/projects/air-mentor-ui/output/playwright/system-admin-proof-semester-activation-live-response.json
[smoke] step: open-seeded-proof-route
[smoke] opening seeded proof route: https://raed2180416.github.io/AirMentor/#/admin/faculties/academic_faculty_engineering_and_technology/departments/dept_cse/branches/branch_mnc_btech/batches/batch_branch_mnc_btech_2023
[smoke] checkpoint playback missing, verifying proof controls and prewarming through admin endpoints
[browser:info] {"type":"airmentor-client-event","name":"proof.checkpoint.readiness","level":"info","timestamp":"2026-03-30T20:18:28.531Z","details":{"workspace":"system-admin","simulationRunId":"sim_mnc_2023_first6_v1","simulationStageCheckpointId":"stage_checkpoint_e22816d896f73351902c3e1e","stageLabel":"Pre TT1","playbackAccessible":true,"stageAdvanceBlocked":false,"blockingQueueItemCount":0,"canStepForward":true,"canPlayToEnd":false}}
[smoke] proof dashboard before prewarm: imports=2 activeRun=sim_mnc_2023_first6_v1 checkpoints=30
[smoke] reopening seeded proof route after server-side prewarm: https://raed2180416.github.io/AirMentor/?proof-reload=1774901910281#/admin/faculties/academic_faculty_engineering_and_technology/departments/dept_cse/branches/branch_mnc_btech/batches/batch_branch_mnc_btech_2023
[browser:info] {"type":"airmentor-client-event","name":"startup.diagnostic","level":"info","timestamp":"2026-03-30T20:18:30.634Z","details":{"workspace":"system-admin","level":"info","code":"FRONTEND_STARTUP_MODE","message":"Running with production-like frontend origin expectations."}}
[browser:info] {"type":"airmentor-client-event","name":"startup.ready","level":"info","timestamp":"2026-03-30T20:18:30.635Z","details":{"workspace":"system-admin","apiBaseUrl":"https://api-production-ab72.up.railway.app","telemetrySinkConfigured":false,"diagnosticCount":1,"errorCount":0}}
[smoke:session-request] GET https://api-production-ab72.up.railway.app/api/session cookie=present
[smoke:session-response] 200 https://api-production-ab72.up.railway.app/api/session set-cookie=present
[browser:info] {"type":"airmentor-client-event","name":"auth.session.restored","level":"info","timestamp":"2026-03-30T20:18:30.703Z","details":{"workspace":"system-admin","sessionId":"session_53dd49dc-b059-4dc9-a61b-0d134140b9f8","facultyId":"fac_sysadmin","activeRole":"SYSTEM_ADMIN"}}
[browser:info] {"type":"airmentor-client-event","name":"proof.checkpoint.readiness","level":"info","timestamp":"2026-03-30T20:18:36.851Z","details":{"workspace":"system-admin","simulationRunId":"sim_mnc_2023_first6_v1","simulationStageCheckpointId":"stage_checkpoint_e22816d896f73351902c3e1e","stageLabel":"Pre TT1","playbackAccessible":true,"stageAdvanceBlocked":false,"blockingQueueItemCount":0,"canStepForward":true,"canPlayToEnd":false}}
[smoke] step: select-target-checkpoint
[browser:warning] {"type":"airmentor-client-event","name":"proof.checkpoint.readiness","level":"warn","timestamp":"2026-03-30T20:18:40.823Z","details":{"workspace":"system-admin","simulationRunId":"sim_mnc_2023_first6_v1","simulationStageCheckpointId":"stage_checkpoint_654335929a345857eab259b0","stageLabel":"Post SEE","playbackAccessible":false,"stageAdvanceBlocked":true,"blockingQueueItemCount":10,"canStepForward":false,"canPlayToEnd":false}}
[smoke] stored playback selection: {"simulationRunId":"sim_mnc_2023_first6_v1","simulationStageCheckpointId":"stage_checkpoint_654335929a345857eab259b0","updatedAt":"2026-03-30T20:18:40.824Z"}
[smoke] selected checkpoint banner: Selected checkpoint: semester 6 · Post SEE · Checkpoint after SEE evidence is present and locked. This is the end-of-semester progression gate.. Playback progression is blocked until all queue items at this checkpoint are resolved.
[smoke] step: reload-system-admin-proof-route
[smoke] refreshing seeded proof route: https://raed2180416.github.io/AirMentor/?proof-reload=1774901920960#/admin/faculties/academic_faculty_engineering_and_technology/departments/dept_cse/branches/branch_mnc_btech/batches/batch_branch_mnc_btech_2023
[browser:info] {"type":"airmentor-client-event","name":"startup.diagnostic","level":"info","timestamp":"2026-03-30T20:18:41.109Z","details":{"workspace":"system-admin","level":"info","code":"FRONTEND_STARTUP_MODE","message":"Running with production-like frontend origin expectations."}}
[browser:info] {"type":"airmentor-client-event","name":"startup.ready","level":"info","timestamp":"2026-03-30T20:18:41.110Z","details":{"workspace":"system-admin","apiBaseUrl":"https://api-production-ab72.up.railway.app","telemetrySinkConfigured":false,"diagnosticCount":1,"errorCount":0}}
[smoke:session-request] GET https://api-production-ab72.up.railway.app/api/session cookie=present
[smoke:session-response] 200 https://api-production-ab72.up.railway.app/api/session set-cookie=present
[browser:info] {"type":"airmentor-client-event","name":"auth.session.restored","level":"info","timestamp":"2026-03-30T20:18:41.216Z","details":{"workspace":"system-admin","sessionId":"session_53dd49dc-b059-4dc9-a61b-0d134140b9f8","facultyId":"fac_sysadmin","activeRole":"SYSTEM_ADMIN"}}
[smoke] step: reopen-seeded-proof-route-after-reload
[smoke] opening seeded proof route: https://raed2180416.github.io/AirMentor/#/admin/faculties/academic_faculty_engineering_and_technology/departments/dept_cse/branches/branch_mnc_btech/batches/batch_branch_mnc_btech_2023
[browser:info] {"type":"airmentor-client-event","name":"startup.diagnostic","level":"info","timestamp":"2026-03-30T20:18:42.604Z","details":{"workspace":"system-admin","level":"info","code":"FRONTEND_STARTUP_MODE","message":"Running with production-like frontend origin expectations."}}
[browser:info] {"type":"airmentor-client-event","name":"startup.ready","level":"info","timestamp":"2026-03-30T20:18:42.604Z","details":{"workspace":"system-admin","apiBaseUrl":"https://api-production-ab72.up.railway.app","telemetrySinkConfigured":false,"diagnosticCount":1,"errorCount":0}}
[smoke:session-request] GET https://api-production-ab72.up.railway.app/api/session cookie=present
[smoke:session-response] 200 https://api-production-ab72.up.railway.app/api/session set-cookie=present
[browser:info] {"type":"airmentor-client-event","name":"auth.session.restored","level":"info","timestamp":"2026-03-30T20:18:43.918Z","details":{"workspace":"system-admin","sessionId":"session_53dd49dc-b059-4dc9-a61b-0d134140b9f8","facultyId":"fac_sysadmin","activeRole":"SYSTEM_ADMIN"}}
[smoke] opening seeded proof batch overview tab
[smoke] checkpoint playback missing, verifying proof controls and prewarming through admin endpoints
[browser:warning] {"type":"airmentor-client-event","name":"proof.checkpoint.readiness","level":"warn","timestamp":"2026-03-30T20:18:53.602Z","details":{"workspace":"system-admin","simulationRunId":"sim_mnc_2023_first6_v1","simulationStageCheckpointId":"stage_checkpoint_654335929a345857eab259b0","stageLabel":"Post SEE","playbackAccessible":false,"stageAdvanceBlocked":true,"blockingQueueItemCount":10,"canStepForward":false,"canPlayToEnd":false}}
[smoke] proof dashboard before prewarm: imports=2 activeRun=sim_mnc_2023_first6_v1 checkpoints=30
[smoke] reopening seeded proof route after server-side prewarm: https://raed2180416.github.io/AirMentor/?proof-reload=1774901936151#/admin/faculties/academic_faculty_engineering_and_technology/departments/dept_cse/branches/branch_mnc_btech/batches/batch_branch_mnc_btech_2023
[browser:info] {"type":"airmentor-client-event","name":"startup.diagnostic","level":"info","timestamp":"2026-03-30T20:18:56.233Z","details":{"workspace":"system-admin","level":"info","code":"FRONTEND_STARTUP_MODE","message":"Running with production-like frontend origin expectations."}}
[browser:info] {"type":"airmentor-client-event","name":"startup.ready","level":"info","timestamp":"2026-03-30T20:18:56.234Z","details":{"workspace":"system-admin","apiBaseUrl":"https://api-production-ab72.up.railway.app","telemetrySinkConfigured":false,"diagnosticCount":1,"errorCount":0}}
[smoke:session-request] GET https://api-production-ab72.up.railway.app/api/session cookie=present
[smoke:session-response] 200 https://api-production-ab72.up.railway.app/api/session set-cookie=present
[browser:info] {"type":"airmentor-client-event","name":"auth.session.restored","level":"info","timestamp":"2026-03-30T20:18:56.304Z","details":{"workspace":"system-admin","sessionId":"session_53dd49dc-b059-4dc9-a61b-0d134140b9f8","facultyId":"fac_sysadmin","activeRole":"SYSTEM_ADMIN"}}
[browser:warning] {"type":"airmentor-client-event","name":"proof.checkpoint.readiness","level":"warn","timestamp":"2026-03-30T20:19:02.612Z","details":{"workspace":"system-admin","simulationRunId":"sim_mnc_2023_first6_v1","simulationStageCheckpointId":"stage_checkpoint_654335929a345857eab259b0","stageLabel":"Post SEE","playbackAccessible":false,"stageAdvanceBlocked":true,"blockingQueueItemCount":10,"canStepForward":false,"canPlayToEnd":false}}
[smoke] stored playback selection: {"simulationRunId":"sim_mnc_2023_first6_v1","simulationStageCheckpointId":"stage_checkpoint_654335929a345857eab259b0","updatedAt":"2026-03-30T20:18:40.824Z"}
[smoke] selected checkpoint banner: Selected checkpoint: semester 6 · Post SEE · Checkpoint after SEE evidence is present and locked. This is the end-of-semester progression gate.. Playback progression is blocked until all queue items at this checkpoint are resolved.
[smoke] step: restore-proof-semester
[smoke] current step: restore-proof-semester
[smoke] failure url: https://raed2180416.github.io/AirMentor/?proof-reload=1774901936151#/admin/faculties/academic_faculty_engineering_and_technology/departments/dept_cse/branches/branch_mnc_btech/batches/batch_branch_mnc_btech_2023
Failure HTML: /home/raed/projects/air-mentor-ui/output/playwright/system-admin-proof-risk-smoke-failure.html
System admin proof-risk smoke failed. Screenshot: /home/raed/projects/air-mentor-ui/output/playwright/system-admin-proof-risk-smoke-failure.png
Trace: /home/raed/projects/air-mentor-ui/output/playwright/system-admin-proof-risk-smoke-failure.zip
[browser] page closed unexpectedly
[browser] browser disconnected unexpectedly
file:///home/raed/projects/air-mentor-ui/scripts/system-admin-proof-risk-smoke.mjs:325
    throw new Error(`Admin API ${apiPath} failed with ${payload.status}: ${payload.text.slice(0, 800)}`)
          ^

Error: Admin API /api/admin/proof-runs/sim_mnc_2023_first6_v1/activate-semester failed with 500: {"error":"INTERNAL_SERVER_ERROR","message":"Unexpected server error"}
    at adminApiRequest (file:///home/raed/projects/air-mentor-ui/scripts/system-admin-proof-risk-smoke.mjs:325:11)
    at process.processTicksAndRejections (node:internal/process/task_queues:103:5)
    at async restoreActivatedProofSemester (file:///home/raed/projects/air-mentor-ui/scripts/system-admin-proof-risk-smoke.mjs:592:3)
    at async file:///home/raed/projects/air-mentor-ui/scripts/system-admin-proof-risk-smoke.mjs:842:3

Node.js v24.13.0
