[2026-04-01T17:28:14Z] cwd=/home/raed/projects/air-mentor-ui
[2026-04-01T17:28:14Z] command=env PLAYWRIGHT_APP_URL=https://raed2180416.github.io/AirMentor/ PLAYWRIGHT_API_URL=https://api-production-ab72.up.railway.app AIRMENTOR_LIVE_STACK=1 AIRMENTOR_LIVE_SYSTEM_ADMIN_IDENTIFIER=sysadmin AIRMENTOR_LIVE_SYSTEM_ADMIN_PASSWORD=admin1234 AIRMENTOR_KEYBOARD_ARTIFACT_PREFIX=07c-live npm run playwright:admin-live:keyboard-regression 

> air-mentor-ui@0.0.0 playwright:admin-live:keyboard-regression
> bash scripts/playwright-admin-live-keyboard-regression.sh

warning: Git tree '/home/raed/projects/air-mentor-ui' is dirty
AirMentor dev shell ready.
Playwright is available through the wrapped Nix runtime.
Python is available for the curriculum linkage helper.
Try: playwright --version
Smoke: bash scripts/playwright-smoke.sh http://127.0.0.1:5173
Running system admin live keyboard regression...
Frontend URL: https://raed2180416.github.io/AirMentor/
Backend URL: https://api-production-ab72.up.railway.app
[keyboard] step: login-system-admin
[browser:info] {"type":"airmentor-client-event","name":"startup.diagnostic","level":"info","timestamp":"2026-04-01T17:28:29.500Z","details":{"workspace":"system-admin","level":"info","code":"FRONTEND_STARTUP_MODE","message":"Running with production-like frontend origin expectations."}}
[browser:info] {"type":"airmentor-client-event","name":"startup.ready","level":"info","timestamp":"2026-04-01T17:28:29.501Z","details":{"workspace":"system-admin","apiBaseUrl":"https://api-production-ab72.up.railway.app","telemetrySinkConfigured":false,"diagnosticCount":1,"errorCount":0}}
[response:401] https://api-production-ab72.up.railway.app/api/session
[keyboard] live proof route pinned to seeded batch: batch=2023 checkpoints=30 proofRuns=1 imports=2
[keyboard] request route discovered: id=request_001 status=Closed summary=Grant additional mentor mapping coverage
[keyboard] step: request-flow-keyboard
[keyboard] step: student-modal-focus-trap
[keyboard] step: proof-dashboard-keyboard
[browser:info] {"type":"airmentor-client-event","name":"proof.checkpoint.readiness","level":"info","timestamp":"2026-04-01T17:29:08.627Z","details":{"workspace":"system-admin","simulationRunId":"sim_mnc_2023_first6_v1","simulationStageCheckpointId":"stage_checkpoint_e22816d896f73351902c3e1e","stageLabel":"Pre TT1","playbackAccessible":true,"stageAdvanceBlocked":false,"blockingQueueItemCount":0,"canStepForward":true,"canPlayToEnd":false}}
[browser:warning] {"type":"airmentor-client-event","name":"proof.checkpoint.readiness","level":"warn","timestamp":"2026-04-01T17:29:09.023Z","details":{"workspace":"system-admin","simulationRunId":"sim_mnc_2023_first6_v1","simulationStageCheckpointId":"stage_checkpoint_654335929a345857eab259b0","stageLabel":"Post SEE","playbackAccessible":false,"stageAdvanceBlocked":true,"blockingQueueItemCount":10,"canStepForward":false,"canPlayToEnd":false}}
[browser:info] {"type":"airmentor-client-event","name":"proof.checkpoint.readiness","level":"info","timestamp":"2026-04-01T17:29:09.373Z","details":{"workspace":"system-admin","simulationRunId":"sim_mnc_2023_first6_v1","simulationStageCheckpointId":"stage_checkpoint_e22816d896f73351902c3e1e","stageLabel":"Pre TT1","playbackAccessible":true,"stageAdvanceBlocked":false,"blockingQueueItemCount":0,"canStepForward":true,"canPlayToEnd":false}}
[keyboard] step: switch-to-academic-portal
[browser:info] {"type":"airmentor-client-event","name":"startup.diagnostic","level":"info","timestamp":"2026-04-01T17:29:09.914Z","details":{"workspace":"academic","level":"info","code":"FRONTEND_STARTUP_MODE","message":"Running with production-like frontend origin expectations."}}
[browser:info] {"type":"airmentor-client-event","name":"startup.ready","level":"info","timestamp":"2026-04-01T17:29:09.914Z","details":{"workspace":"academic","apiBaseUrl":"https://api-production-ab72.up.railway.app","telemetrySinkConfigured":false,"diagnosticCount":1,"errorCount":0}}
[response:401] https://api-production-ab72.up.railway.app/api/session
[browser:info] {"type":"airmentor-client-event","name":"proof.playback.restored","level":"info","timestamp":"2026-04-01T17:29:28.583Z","details":{"workspace":"academic","simulationStageCheckpointId":"stage_checkpoint_e22816d896f73351902c3e1e","semesterLabel":"Semester 1","stageLabel":"Pre TT1"}}
[keyboard] step: teacher-risk-and-shell-keyboard
[keyboard] step: proof-playback-restore-reset
[browser:info] {"type":"airmentor-client-event","name":"startup.diagnostic","level":"info","timestamp":"2026-04-01T17:29:29.905Z","details":{"workspace":"system-admin","level":"info","code":"FRONTEND_STARTUP_MODE","message":"Running with production-like frontend origin expectations."}}
[browser:info] {"type":"airmentor-client-event","name":"startup.ready","level":"info","timestamp":"2026-04-01T17:29:29.905Z","details":{"workspace":"system-admin","apiBaseUrl":"https://api-production-ab72.up.railway.app","telemetrySinkConfigured":false,"diagnosticCount":1,"errorCount":0}}
[response:401] https://api-production-ab72.up.railway.app/api/session
[browser:info] {"type":"airmentor-client-event","name":"startup.diagnostic","level":"info","timestamp":"2026-04-01T17:29:41.664Z","details":{"workspace":"system-admin","level":"info","code":"FRONTEND_STARTUP_MODE","message":"Running with production-like frontend origin expectations."}}
[browser:info] {"type":"airmentor-client-event","name":"startup.ready","level":"info","timestamp":"2026-04-01T17:29:41.664Z","details":{"workspace":"system-admin","apiBaseUrl":"https://api-production-ab72.up.railway.app","telemetrySinkConfigured":false,"diagnosticCount":1,"errorCount":0}}
[browser:info] {"type":"airmentor-client-event","name":"auth.session.restored","level":"info","timestamp":"2026-04-01T17:29:41.809Z","details":{"workspace":"system-admin","sessionId":"session_9344db52-eb58-4774-b0eb-b1d527b5519b","facultyId":"fac_sysadmin","activeRole":"SYSTEM_ADMIN"}}
[browser:info] {"type":"airmentor-client-event","name":"proof.checkpoint.readiness","level":"info","timestamp":"2026-04-01T17:29:51.441Z","details":{"workspace":"system-admin","simulationRunId":"sim_mnc_2023_first6_v1","simulationStageCheckpointId":"stage_checkpoint_e22816d896f73351902c3e1e","stageLabel":"Pre TT1","playbackAccessible":true,"stageAdvanceBlocked":false,"blockingQueueItemCount":0,"canStepForward":true,"canPlayToEnd":false}}
System admin live keyboard regression passed. Screenshot: /home/raed/projects/air-mentor-ui/output/playwright/system-admin-live-keyboard-regression.png
Prefixed keyboard artifacts:
- screenshot: /home/raed/projects/air-mentor-ui/output/playwright/07c-live-system-admin-live-keyboard-regression.png
- report: /home/raed/projects/air-mentor-ui/output/playwright/07c-live-system-admin-live-keyboard-regression-report.json
[2026-04-01T17:29:54Z] exit=0
