[2026-03-30T08:08:57Z] cwd=/home/raed/projects/air-mentor-ui
[2026-03-30T08:08:57Z] command=npm test -- --run tests/faculty-profile-proof.test.tsx tests/academic-route-pages.test.tsx tests/portal-routing.test.ts 

> air-mentor-ui@0.0.0 test
> vitest run --run tests/faculty-profile-proof.test.tsx tests/academic-route-pages.test.tsx tests/portal-routing.test.ts


 RUN  v4.1.0 /home/raed/projects/air-mentor-ui

 ❯ tests/academic-route-pages.test.tsx (3 tests | 2 failed) 729ms
     × opens partial-profile and proof drilldowns from mentee detail 165ms
     × opens queue-history drilldowns into the same bounded student surfaces 156ms

⎯⎯⎯⎯⎯⎯⎯ Failed Tests 2 ⎯⎯⎯⎯⎯⎯⎯

 FAIL  tests/academic-route-pages.test.tsx > academic route pages > opens partial-profile and proof drilldowns from mentee detail
TestingLibraryElementError: Found multiple elements with the role "button" and name `/Risk Explorer/i`

Here are the matching elements:

Ignored nodes: comments, script, style
[36m<button[39m
  [33mstyle[39m=[32m"font-family: \"JetBrains Mono\", monospace; font-size: 10px; color: rgb(0, 109, 221); border: 1px solid rgb(36, 45, 64); background: transparent; border-radius: 6px; height: 28px; padding: 0px 10px; cursor: pointer;"[39m
[36m>[39m
  [0mRisk Explorer[0m
[36m</button>[39m

Ignored nodes: comments, script, style
[36m<button[39m
  [33maria-label[39m=[32m"Open Aarav Sharma in risk explorer"[39m
  [33mstyle[39m=[32m"background: none; border: medium; cursor: pointer; color: rgb(0, 109, 221);"[39m
  [33mtitle[39m=[32m"Risk Explorer"[39m
[36m>[39m
  [36m<svg[39m
    [33maria-hidden[39m=[32m"true"[39m
    [33mclass[39m=[32m"lucide lucide-triangle-alert"[39m
    [33mfill[39m=[32m"none"[39m
    [33mheight[39m=[32m"13"[39m
    [33mstroke[39m=[32m"currentColor"[39m
    [33mstroke-linecap[39m=[32m"round"[39m
    [33mstroke-linejoin[39m=[32m"round"[39m
    [33mstroke-width[39m=[32m"2"[39m
    [33mviewBox[39m=[32m"0 0 24 24"[39m
    [33mwidth[39m=[32m"13"[39m
    [33mxmlns[39m=[32m"http://www.w3.org/2000/svg"[39m
  [36m>[39m
    [36m<path[39m
      [33md[39m=[32m"m21.73 18-8-14a2 2 0 0 0-3.48 0l-8 14A2 2 0 0 0 4 21h16a2 2 0 0 0 1.73-3"[39m
    [36m/>[39m
    [36m<path[39m
      [33md[39m=[32m"M12 9v4"[39m
    [36m/>[39m
    [36m<path[39m
      [33md[39m=[32m"M12 17h.01"[39m
    [36m/>[39m
  [36m</svg>[39m
[36m</button>[39m

Ignored nodes: comments, script, style
[36m<button[39m
  [33mdata-pressable[39m=[32m"true"[39m
  [33mstyle[39m=[32m"border-radius: 9px; padding: 8px 12px; border: 1px solid rgb(36, 45, 64); background: linear-gradient(180deg, rgb(13, 16, 23), rgb(17, 21, 32)); color: rgb(226, 232, 244); cursor: pointer; box-shadow: 0 8px 20px rgba(15, 23, 42, 0.04); font-family: \"JetBrains Mono\", monospace; font-size: 11px; display: inline-flex; align-items: center; gap: 6px;"[39m
  [33mtabindex[39m=[32m"0"[39m
  [33mtype[39m=[32m"button"[39m
[36m>[39m
  [36m<svg[39m
    [33maria-hidden[39m=[32m"true"[39m
    [33mclass[39m=[32m"lucide lucide-triangle-alert"[39m
    [33mfill[39m=[32m"none"[39m
    [33mheight[39m=[32m"12"[39m
    [33mstroke[39m=[32m"currentColor"[39m
    [33mstroke-linecap[39m=[32m"round"[39m
    [33mstroke-linejoin[39m=[32m"round"[39m
    [33mstroke-width[39m=[32m"2"[39m
    [33mviewBox[39m=[32m"0 0 24 24"[39m
    [33mwidth[39m=[32m"12"[39m
    [33mxmlns[39m=[32m"http://www.w3.org/2000/svg"[39m
  [36m>[39m
    [36m<path[39m
      [33md[39m=[32m"m21.73 18-8-14a2 2 0 0 0-3.48 0l-8 14A2 2 0 0 0 4 21h16a2 2 0 0 0 1.73-3"[39m
    [36m/>[39m
    [36m<path[39m
      [33md[39m=[32m"M12 9v4"[39m
    [36m/>[39m
    [36m<path[39m
      [33md[39m=[32m"M12 17h.01"[39m
    [36m/>[39m
  [36m</svg>[39m
  [0m Risk Explorer[0m
[36m</button>[39m

(If this is intentional, then use the `*AllBy*` variant of the query (like `queryAllByText`, `getAllByText`, or `findAllByText`)).

Ignored nodes: comments, script, style
[36m<body>[39m
  [36m<div>[39m
    [36m<div[39m
      [33mclass[39m=[32m"page-shell page-shell--standard"[39m
      [33mstyle[39m=[32m"opacity: 0; transform: translateY(12px);"[39m
    [36m>[39m
      [36m<div[39m
        [33mstyle[39m=[32m"display: flex; align-items: flex-start; justify-content: space-between; gap: 12px; margin-bottom: 24px; flex-wrap: wrap;"[39m
      [36m>[39m
        [36m<div[39m
          [33mstyle[39m=[32m"display: flex; align-items: center; gap: 12px;"[39m
        [36m>[39m
          [36m<svg[39m
            [33maria-hidden[39m=[32m"true"[39m
            [33mclass[39m=[32m"lucide lucide-users"[39m
            [33mfill[39m=[32m"none"[39m
            [33mheight[39m=[32m"22"[39m
            [33mstroke[39m=[32m"#006DDD"[39m
            [33mstroke-linecap[39m=[32m"round"[39m
            [33mstroke-linejoin[39m=[32m"round"[39m
            [33mstroke-width[39m=[32m"2"[39m
            [33mviewBox[39m=[32m"0 0 24 24"[39m
            [33mwidth[39m=[32m"22"[39m
            [33mxmlns[39m=[32m"http://www.w3.org/2000/svg"[39m
          [36m>[39m
            [36m<path[39m
              [33md[39m=[32m"M16 21v-2a4 4 0 0 0-4-4H6a4 4 0 0 0-4 4v2"[39m
            [36m/>[39m
            [36m<path[39m
              [33md[39m=[32m"M16 3.128a4 4 0 0 1 0 7.744"[39m
            [36m/>[39m
            [36m<path[39m
              [33md[39m=[32m"M22 21v-2a4 4 0 0 0-3-3.87"[39m
            [36m/>[39m
            [36m<circle[39m
              [33mcx[39m=[32m"9"[39m
              [33mcy[39m=[32m"7"[39m
              [33mr[39m=[32m"4"[39m
            [36m/>[39m
          [36m</svg>[39m
          [36m<div>[39m
            [36m<div[39m
              [33mstyle[39m=[32m"font-family: \"Sora\", sans-serif; font-weight: 700; font-size: 20px; color: rgb(226, 232, 244);"[39m
            [36m>[39m
              [0mMy Mentees[0m
            [36m</div>[39m
            [36m<div[39m
              [33mstyle[39m=[32m"font-family: \"JetBrains Mono\", monospace; font-size: 11px; color: rgb(136, 146, 164);"[39m
            [36m>[39m
              [0mStudent-centric view · Cross-course watchlist summary from current observable evidence[0m
            [36m</div>[39m
          [36m</div>[39m
        [36m</div>[39m
        [36m<div[39m
          [33mstyle[39m=[32m"min-width: 220px; flex: 1 1 280px; max-width: 360px; position: relative;"[39m
        [36m>[39m
          [36m<svg[39m
            [33maria-hidden[39m=[32m"true"[39m
            [33mclass[39m=[32m"lucide lucide-search"[39m
            [33mfill[39m=[32m"none"[39m
            [33mheight[39m=[32m"14"[39m
            [33mstroke[39m=[32m"#3d4a60"[39m
            [33mstroke-linecap[39m=[32m"round"[39m
            [33mstroke-linejoin[39m=[32m"round"[39m
            [33mstroke-width[39m=[32m"2"[39m
            [33mstyle[39m=[32m"position: absolute; left: 10px; top: 50%; transform: translateY(-50%);"[39m
            [33mviewBox[39m=[32m"0 0 24 24"[39m
            [33mwidth[39m=[32m"14"[39m
            [33mxmlns[39m=[32m"http://www.w3.org/2000/svg"[39m
          [36m>[39m
            [36m<path[39m
              [33md[39m=[32m"m21 21-4.34-4.34"[39m
            [36m/>[39m
            [36m<circle[39m
              [33mcx[39m=[32m"11"[39m
              [33mcy[39m=[32m"11"[39m
              [33mr[39m=[32m"8"[39m
            [36m/>[39m
          [36m</svg>[39m
          [36m<input[39m
            [33mplaceholder[39m=[32m"Search mentee, USN, or course"[39m
            [33mstyle[39m=[32m"width: 100%; padding: 9px 34px 9px 30px; border-radius: 8px; border: 1px solid rgb(28, 35, 51); background: rgb(17, 21, 32); color: rgb(226, 232, 244); font-family: \"JetBrains Mono\", monospace; font-size: 10px; outline: none;"[39m
            [33mvalue[39m=[32m""[39m
          [36m/>[39m
        [36m</div>[39m
      [36m</div>[39m
      [36m<div[39m
        [33mstyle[39m=[32m"display: grid; grid-template-columns: repeat(auto-fit, minmax(160px, 1fr)); gap: 12px; margin-bottom: 22px;"[39m
      [36m>[39m
        [36m<div[39m
          [33mdata-interactive[39m=[32m"true"[39m
          [33mdata-surface[39m=[32m"selected"[39m
          [33mrole[39m=[32m"button"[39m
          [33mstyle[39m=[32m"background: linear-gradient(180deg, rgba(0, 109, 221, 0.08), rgb(13, 16, 23)); border: 1px solid rgb(0, 109, 221); box-shadow: 0 0 0 1px #006DDD25 inset; border-radius: 18px; padding: 12px 16px; cursor: pointer;"[39m
          [33mtabindex[39m=[32m"0"[39m
        [36m>[39m
          [36m<div[39m
            [33mstyle[39m=[32m"font-family: \"Sora\", sans-serif; font-weight: 800; font-size: 22px; color: rgb(0, 109, 221);"[39m
          [36m>[39m
            [0m1[0m
          [36m</div>[39m
          [36m<div[39m
            [33mstyle[39m=[32m"font-family: \"JetBrains Mono\", monospace; font-size: 9px; color: rgb(136, 146, 164);"[39m
          [36m>[39m
            [0mTotal Mentees[0m
          [36m</div>[39m
        [36m</div>[39m
        [36m<div[39m
          [33mdata-interactive[39m=[32m"true"[39m
          [33mdata-surface[39m=[32m"selected"[39m
          [33mrole[39m=[32m"button"[39m
          [33mstyle[39m=[32m"background: linear-gradient(180deg, rgba(239, 68, 68, 0.08), rgb(13, 16, 23)); border-radius: 18px; padding: 12px 16px; cursor: pointer;"[39m
          [33mtabindex[39m=[32m"0"[39m
        [36m>[39m
          [36m<div[39m
            [33mstyle[39m=[32m"font-family: \"Sora\", sans-serif; font-weight: 800; font-size: 22px; color: rgb(239, 68, 68);"[39m
          [36m>[39m
            [0m1[0m
          [36m</div>[39m
          [36m<div[39m
            [33mstyle[39m=[32m"font-family: \"JetBrains Mono\", monospace; font-size: 9px; color: rgb(136, 146, 164);"[39m
          [36m>[39m
            [0mHigh Vulnerability[0m
          [36m</div>[39m
        [36m</div>[39m
        [36m<div[39m
          [33mdata-interactive[39m=[32m"true"[39m
          [33mdata-surface[39m=[32m"selected"[39m
          [33mrole[39m=[32m"button"[39m
          [33mstyle[39m=[32m"background: linear-gradient(180deg, rgba(245, 158, 11, 0.08), rgb(13, 16, 23)); border-radius: 18px; padding: 12px 16px; cursor: pointer;"[39m
          [33mtabindex[39m=[32m"0"[39m
        [36m>[39m
          [36m<div[39m
            [33mstyle[39m=[32m"font-family: \"Sora\", sans-serif; font-weight: 800; font-size: 22px; color: rgb(245, 158, 11);"[39m
          [36m>[39m
            [0m0[0m
          [36m</div>[39m
          [36m<div[39m
            [33mstyle[39m=[32m"font-family: \"JetBrains Mono\", monospace; font-size: 9px; color: rgb(136, 146, 164);"[39m
          [36m>[39m
            [0mMedium Risk[0m
          [36m</div>...
 ❯ Object.getElementError node_modules/@testing-library/dom/dist/config.js:37:19
 ❯ getElementError node_modules/@testing-library/dom/dist/query-helpers.js:20:35
 ❯ getMultipleElementsFoundError node_modules/@testing-library/dom/dist/query-helpers.js:23:10
 ❯ node_modules/@testing-library/dom/dist/query-helpers.js:55:13
 ❯ node_modules/@testing-library/dom/dist/query-helpers.js:95:19
 ❯ tests/academic-route-pages.test.tsx:124:28
    122|
    123|     fireEvent.click(screen.getByRole('button', { name: /View Student H…
    124|     fireEvent.click(screen.getByRole('button', { name: /Risk Explorer/…
       |                            ^
    125|     fireEvent.click(screen.getByRole('button', { name: /Student Shell/…
    126|

⎯⎯⎯⎯⎯⎯⎯⎯⎯⎯⎯⎯⎯⎯⎯⎯⎯⎯⎯⎯⎯⎯⎯⎯[1/2]⎯

 FAIL  tests/academic-route-pages.test.tsx > academic route pages > opens queue-history drilldowns into the same bounded student surfaces
TestingLibraryElementError: Found multiple elements with the role "button" and name "Open Student"

Here are the matching elements:

Ignored nodes: comments, script, style
[36m<button[39m
  [33mstyle[39m=[32m"font-family: \"JetBrains Mono\", monospace; font-size: 10px; color: rgb(0, 109, 221); border: 1px solid rgb(36, 45, 64); background: transparent; border-radius: 6px; height: 28px; padding: 0px 10px; cursor: pointer;"[39m
[36m>[39m
  [0mOpen Student[0m
[36m</button>[39m

Ignored nodes: comments, script, style
[36m<button[39m
  [33mdata-pressable[39m=[32m"true"[39m
  [33mstyle[39m=[32m"border-radius: 9px; padding: 8px 12px; border: 1px solid rgb(36, 45, 64); background: linear-gradient(180deg, rgb(13, 16, 23), rgb(17, 21, 32)); color: rgb(226, 232, 244); cursor: pointer; box-shadow: 0 8px 20px rgba(15, 23, 42, 0.04); font-family: \"JetBrains Mono\", monospace; font-size: 11px; display: inline-flex; align-items: center; gap: 6px;"[39m
  [33mtabindex[39m=[32m"0"[39m
  [33mtype[39m=[32m"button"[39m
[36m>[39m
  [0mOpen Student[0m
[36m</button>[39m

(If this is intentional, then use the `*AllBy*` variant of the query (like `queryAllByText`, `getAllByText`, or `findAllByText`)).

Ignored nodes: comments, script, style
[36m<body>[39m
  [36m<div>[39m
    [36m<div[39m
      [33mclass[39m=[32m"page-shell page-shell--standard"[39m
      [33mstyle[39m=[32m"opacity: 0; transform: translateY(12px);"[39m
    [36m>[39m
      [36m<div[39m
        [33mstyle[39m=[32m"display: flex; align-items: flex-start; justify-content: space-between; gap: 12px; margin-bottom: 24px; flex-wrap: wrap;"[39m
      [36m>[39m
        [36m<div[39m
          [33mstyle[39m=[32m"display: flex; align-items: center; gap: 12px;"[39m
        [36m>[39m
          [36m<svg[39m
            [33maria-hidden[39m=[32m"true"[39m
            [33mclass[39m=[32m"lucide lucide-users"[39m
            [33mfill[39m=[32m"none"[39m
            [33mheight[39m=[32m"22"[39m
            [33mstroke[39m=[32m"#006DDD"[39m
            [33mstroke-linecap[39m=[32m"round"[39m
            [33mstroke-linejoin[39m=[32m"round"[39m
            [33mstroke-width[39m=[32m"2"[39m
            [33mviewBox[39m=[32m"0 0 24 24"[39m
            [33mwidth[39m=[32m"22"[39m
            [33mxmlns[39m=[32m"http://www.w3.org/2000/svg"[39m
          [36m>[39m
            [36m<path[39m
              [33md[39m=[32m"M16 21v-2a4 4 0 0 0-4-4H6a4 4 0 0 0-4 4v2"[39m
            [36m/>[39m
            [36m<path[39m
              [33md[39m=[32m"M16 3.128a4 4 0 0 1 0 7.744"[39m
            [36m/>[39m
            [36m<path[39m
              [33md[39m=[32m"M22 21v-2a4 4 0 0 0-3-3.87"[39m
            [36m/>[39m
            [36m<circle[39m
              [33mcx[39m=[32m"9"[39m
              [33mcy[39m=[32m"7"[39m
              [33mr[39m=[32m"4"[39m
            [36m/>[39m
          [36m</svg>[39m
          [36m<div>[39m
            [36m<div[39m
              [33mstyle[39m=[32m"font-family: \"Sora\", sans-serif; font-weight: 700; font-size: 20px; color: rgb(226, 232, 244);"[39m
            [36m>[39m
              [0mMy Mentees[0m
            [36m</div>[39m
            [36m<div[39m
              [33mstyle[39m=[32m"font-family: \"JetBrains Mono\", monospace; font-size: 11px; color: rgb(136, 146, 164);"[39m
            [36m>[39m
              [0mStudent-centric view · Cross-course watchlist summary from current observable evidence[0m
            [36m</div>[39m
          [36m</div>[39m
        [36m</div>[39m
        [36m<div[39m
          [33mstyle[39m=[32m"min-width: 220px; flex: 1 1 280px; max-width: 360px; position: relative;"[39m
        [36m>[39m
          [36m<svg[39m
            [33maria-hidden[39m=[32m"true"[39m
            [33mclass[39m=[32m"lucide lucide-search"[39m
            [33mfill[39m=[32m"none"[39m
            [33mheight[39m=[32m"14"[39m
            [33mstroke[39m=[32m"#3d4a60"[39m
            [33mstroke-linecap[39m=[32m"round"[39m
            [33mstroke-linejoin[39m=[32m"round"[39m
            [33mstroke-width[39m=[32m"2"[39m
            [33mstyle[39m=[32m"position: absolute; left: 10px; top: 50%; transform: translateY(-50%);"[39m
            [33mviewBox[39m=[32m"0 0 24 24"[39m
            [33mwidth[39m=[32m"14"[39m
            [33mxmlns[39m=[32m"http://www.w3.org/2000/svg"[39m
          [36m>[39m
            [36m<path[39m
              [33md[39m=[32m"m21 21-4.34-4.34"[39m
            [36m/>[39m
            [36m<circle[39m
              [33mcx[39m=[32m"11"[39m
              [33mcy[39m=[32m"11"[39m
              [33mr[39m=[32m"8"[39m
            [36m/>[39m
          [36m</svg>[39m
          [36m<input[39m
            [33mplaceholder[39m=[32m"Search mentee, USN, or course"[39m
            [33mstyle[39m=[32m"width: 100%; padding: 9px 34px 9px 30px; border-radius: 8px; border: 1px solid rgb(28, 35, 51); background: rgb(17, 21, 32); color: rgb(226, 232, 244); font-family: \"JetBrains Mono\", monospace; font-size: 10px; outline: none;"[39m
            [33mvalue[39m=[32m""[39m
          [36m/>[39m
        [36m</div>[39m
      [36m</div>[39m
      [36m<div[39m
        [33mstyle[39m=[32m"display: grid; grid-template-columns: repeat(auto-fit, minmax(160px, 1fr)); gap: 12px; margin-bottom: 22px;"[39m
      [36m>[39m
        [36m<div[39m
          [33mdata-interactive[39m=[32m"true"[39m
          [33mdata-surface[39m=[32m"selected"[39m
          [33mrole[39m=[32m"button"[39m
          [33mstyle[39m=[32m"background: linear-gradient(180deg, rgba(0, 109, 221, 0.08), rgb(13, 16, 23)); border: 1px solid rgb(0, 109, 221); box-shadow: 0 0 0 1px #006DDD25 inset; border-radius: 18px; padding: 12px 16px; cursor: pointer;"[39m
          [33mtabindex[39m=[32m"0"[39m
        [36m>[39m
          [36m<div[39m
            [33mstyle[39m=[32m"font-family: \"Sora\", sans-serif; font-weight: 800; font-size: 22px; color: rgb(0, 109, 221);"[39m
          [36m>[39m
            [0m1[0m
          [36m</div>[39m
          [36m<div[39m
            [33mstyle[39m=[32m"font-family: \"JetBrains Mono\", monospace; font-size: 9px; color: rgb(136, 146, 164);"[39m
          [36m>[39m
            [0mTotal Mentees[0m
          [36m</div>[39m
        [36m</div>[39m
        [36m<div[39m
          [33mdata-interactive[39m=[32m"true"[39m
          [33mdata-surface[39m=[32m"selected"[39m
          [33mrole[39m=[32m"button"[39m
          [33mstyle[39m=[32m"background: linear-gradient(180deg, rgba(239, 68, 68, 0.08), rgb(13, 16, 23)); border-radius: 18px; padding: 12px 16px; cursor: pointer;"[39m
          [33mtabindex[39m=[32m"0"[39m
        [36m>[39m
          [36m<div[39m
            [33mstyle[39m=[32m"font-family: \"Sora\", sans-serif; font-weight: 800; font-size: 22px; color: rgb(239, 68, 68);"[39m
          [36m>[39m
            [0m1[0m
          [36m</div>[39m
          [36m<div[39m
            [33mstyle[39m=[32m"font-family: \"JetBrains Mono\", monospace; font-size: 9px; color: rgb(136, 146, 164);"[39m
          [36m>[39m
            [0mHigh Vulnerability[0m
          [36m</div>[39m
        [36m</div>[39m
        [36m<div[39m
          [33mdata-interactive[39m=[32m"true"[39m
          [33mdata-surface[39m=[32m"selected"[39m
          [33mrole[39m=[32m"button"[39m
          [33mstyle[39m=[32m"background: linear-gradient(180deg, rgba(245, 158, 11, 0.08), rgb(13, 16, 23)); border-radius: 18px; padding: 12px 16px; cursor: pointer;"[39m
          [33mtabindex[39m=[32m"0"[39m
        [36m>[39m
          [36m<div[39m
            [33mstyle[39m=[32m"font-family: \"Sora\", sans-serif; font-weight: 800; font-size: 22px; color: rgb(245, 158, 11);"[39m
          [36m>[39m
            [0m0[0m
          [36m</div>[39m
          [36m<div[39m
            [33mstyle[39m=[32m"font-family: \"JetBrains Mono\", monospace; font-size: 9px; color: rgb(136, 146, 164);"[39m
          [36m>[39m
            [0mMedium Risk[0m
          [36m</div>...
 ❯ Object.getElementError node_modules/@testing-library/dom/dist/config.js:37:19
 ❯ getElementError node_modules/@testing-library/dom/dist/query-helpers.js:20:35
 ❯ getMultipleElementsFoundError node_modules/@testing-library/dom/dist/query-helpers.js:23:10
 ❯ node_modules/@testing-library/dom/dist/query-helpers.js:55:13
 ❯ node_modules/@testing-library/dom/dist/query-helpers.js:95:19
 ❯ tests/academic-route-pages.test.tsx:149:28
    147|     }))
    148|
    149|     fireEvent.click(screen.getByRole('button', { name: 'Open Student' …
       |                            ^
    150|     fireEvent.click(screen.getByRole('button', { name: 'Risk Explorer'…
    151|     fireEvent.click(screen.getByRole('button', { name: 'Student Shell'…

⎯⎯⎯⎯⎯⎯⎯⎯⎯⎯⎯⎯⎯⎯⎯⎯⎯⎯⎯⎯⎯⎯⎯⎯[2/2]⎯


 Test Files  1 failed | 2 passed (3)
      Tests  2 failed | 9 passed (11)
   Start at  13:38:57
   Duration  2.13s (transform 1.15s, setup 0ms, import 1.31s, tests 1.47s, environment 841ms)

