[2026-03-30T18:08:38Z] cwd=/home/raed/projects/air-mentor-ui
[2026-03-30T18:08:38Z] command=zsh -lc export\ AIRMENTOR_LIVE_SYSTEM_ADMIN_IDENTIFIER=sysadmin\ AIRMENTOR_LIVE_SYSTEM_ADMIN_PASSWORD=admin1234\ PLAYWRIGHT_APP_URL=https://raed2180416.github.io/AirMentor/\ PLAYWRIGHT_API_URL=https://api-production-ab72.up.railway.app/\ AIRMENTOR_LIVE_STACK=1\;\ npm\ run\ playwright:admin-live:proof-risk 

> air-mentor-ui@0.0.0 playwright:admin-live:proof-risk
> bash scripts/playwright-admin-live-proof-risk-smoke.sh

warning: Git tree '/home/raed/projects/air-mentor-ui' is dirty
AirMentor dev shell ready.
Playwright is available through the wrapped Nix runtime.
Python is available for the curriculum linkage helper.
Try: playwright --version
Smoke: bash scripts/playwright-smoke.sh http://127.0.0.1:5173
Running system admin proof-risk smoke...
Frontend URL: https://raed2180416.github.io/AirMentor/
Backend URL: https://api-production-ab72.up.railway.app/
[smoke] step: login-system-admin
[browser:info] {"type":"airmentor-client-event","name":"startup.diagnostic","level":"info","timestamp":"2026-03-30T18:09:01.859Z","details":{"workspace":"system-admin","level":"info","code":"FRONTEND_STARTUP_MODE","message":"Running with production-like frontend origin expectations."}}
[browser:info] {"type":"airmentor-client-event","name":"startup.ready","level":"info","timestamp":"2026-03-30T18:09:01.860Z","details":{"workspace":"system-admin","apiBaseUrl":"https://api-production-ab72.up.railway.app","telemetrySinkConfigured":false,"diagnosticCount":1,"errorCount":0}}
[smoke:session-request] GET https://api-production-ab72.up.railway.app/api/session cookie=missing
[smoke:session-response] 401 https://api-production-ab72.up.railway.app/api/session set-cookie=missing body={"error":"UNAUTHORIZED","message":"Authentication required"}
[smoke:session-request] POST https://api-production-ab72.up.railway.app/api/session/login cookie=missing
[smoke:session-response] 200 https://api-production-ab72.up.railway.app/api/session/login set-cookie=present
[smoke:session-request] GET https://api-production-ab72.up.railway.app/api/session cookie=present
[smoke:session-response] 200 https://api-production-ab72.up.railway.app/api/session set-cookie=present
[smoke] cookies after login: [{"name":"airmentor_session","value":"session_d01dcf72-322d-400f-a000-8494e109235a","domain":"api-production-ab72.up.railway.app","path":"/","expires":1775498942.616,"httpOnly":true,"secure":true,"sameSite":"None"},{"name":"airmentor_csrf","value":"GAz8Qw-x90NfM8JU41uB7ocTWq9aUsk2U_lVl_NrxAc","domain":"api-production-ab72.up.railway.app","path":"/","expires":1775498942.616,"httpOnly":false,"secure":true,"sameSite":"None"}]
[smoke] live proof route discovered: faculty=Engineering and Technology department=Computer Science and Engineering branch=Mathematics and Computing batch=2022 checkpoints=5
[smoke] step: activate-proof-semester
[smoke] proof dashboard before prewarm: imports=1 activeRun=simulation_run_19da4b62-d4e2-4c83-b4ea-ff8bca2e74ed checkpoints=5
[smoke] current step: activate-proof-semester
[smoke] failure url: https://raed2180416.github.io/AirMentor/#/admin
Failure HTML: /home/raed/projects/air-mentor-ui/output/playwright/system-admin-proof-risk-smoke-failure.html
System admin proof-risk smoke failed. Screenshot: /home/raed/projects/air-mentor-ui/output/playwright/system-admin-proof-risk-smoke-failure.png
Trace: /home/raed/projects/air-mentor-ui/output/playwright/system-admin-proof-risk-smoke-failure.zip
[browser] page closed unexpectedly
[browser] browser disconnected unexpectedly
file:///home/raed/projects/air-mentor-ui/scripts/system-admin-proof-risk-smoke.mjs:325
    throw new Error(`Admin API ${apiPath} failed with ${payload.status}: ${payload.text.slice(0, 800)}`)
          ^

Error: Admin API /api/admin/proof-runs/simulation_run_19da4b62-d4e2-4c83-b4ea-ff8bca2e74ed/activate-semester failed with 500: {"error":"INTERNAL_SERVER_ERROR","message":"Unexpected server error"}
    at adminApiRequest (file:///home/raed/projects/air-mentor-ui/scripts/system-admin-proof-risk-smoke.mjs:325:11)
    at process.processTicksAndRejections (node:internal/process/task_queues:103:5)
    at async activateProofSemesterForContract (file:///home/raed/projects/air-mentor-ui/scripts/system-admin-proof-risk-smoke.mjs:522:27)
    at async file:///home/raed/projects/air-mentor-ui/scripts/system-admin-proof-risk-smoke.mjs:781:3

Node.js v24.13.0
