[2026-04-01T19:19:15Z] cwd=/home/raed/projects/air-mentor-ui
[2026-04-01T19:19:15Z] command=npm run lint 

> air-mentor-ui@0.0.0 lint
> eslint .


/home/raed/projects/air-mentor-ui/air-mentor-api/src/lib/proof-control-plane-hod-service.ts
  1:10  error  'eq' is defined but never used. Allowed unused vars must match /^_/u  @typescript-eslint/no-unused-vars

/home/raed/projects/air-mentor-ui/air-mentor-api/tests/admin-foundation.test.ts
  167:46  error  Unexpected any. Specify a different type  @typescript-eslint/no-explicit-any
  175:47  error  Unexpected any. Specify a different type  @typescript-eslint/no-explicit-any

/home/raed/projects/air-mentor-ui/air-mentor-api/tests/risk-explorer.test.ts
  350:67  error  'dashboardResponse' is assigned a value but never used. Allowed unused vars must match /^_/u  @typescript-eslint/no-unused-vars

/home/raed/projects/air-mentor-ui/air-mentor-api/tests/student-agent-shell.test.ts
  496:59  error  'dashboardResponse' is assigned a value but never used. Allowed unused vars must match /^_/u  @typescript-eslint/no-unused-vars

/home/raed/projects/air-mentor-ui/src/system-admin-faculties-workspace.tsx
  227:17  error  Fast refresh only works when a file only exports components. Use a new file to share constants or functions between components  react-refresh/only-export-components
  245:17  error  Fast refresh only works when a file only exports components. Use a new file to share constants or functions between components  react-refresh/only-export-components

/home/raed/projects/air-mentor-ui/src/system-admin-live-app.tsx
   413:17  error    Fast refresh only works when a file only exports components. Use a new file to share constants or functions between components                                                                                react-refresh/only-export-components
   420:17  error    Fast refresh only works when a file only exports components. Use a new file to share constants or functions between components                                                                                react-refresh/only-export-components
   424:17  error    Fast refresh only works when a file only exports components. Use a new file to share constants or functions between components                                                                                react-refresh/only-export-components
   430:17  error    Fast refresh only works when a file only exports components. Use a new file to share constants or functions between components                                                                                react-refresh/only-export-components
   823:17  error    Fast refresh only works when a file only exports components. Use a new file to share constants or functions between components                                                                                react-refresh/only-export-components
   844:17  error    Fast refresh only works when a file only exports components. Use a new file to share constants or functions between components                                                                                react-refresh/only-export-components
  1338:17  error    Fast refresh only works when a file only exports components. Use a new file to share constants or functions between components                                                                                react-refresh/only-export-components
  5277:9   warning  The 'batchFacultyPool' conditional could make the dependencies of useEffect Hook (at line 5306) change on every render. To fix this, wrap the initialization of 'batchFacultyPool' in its own useMemo() Hook  react-hooks/exhaustive-deps

/home/raed/projects/air-mentor-ui/tests/system-admin-proof-dashboard-workspace.test.tsx
  3:38  error  'screen' is defined but never used. Allowed unused vars must match /^_/u  @typescript-eslint/no-unused-vars

✖ 16 problems (15 errors, 1 warning)

