[2026-03-30T20:33:09Z] cwd=/home/raed/projects/air-mentor-ui
[2026-03-30T20:33:09Z] command=zsh -lc cd\ air-mentor-api\ \&\&\ CI=1\ AIRMENTOR_PROOF_RC=1\ npx\ vitest\ run\ --reporter=verbose\ tests/admin-control-plane.test.ts\ -t\ \"re-activates\ proof\ semesters\ without\ duplicating\ the\ published\ operational\ projection\|activates\ a\ proof\ operational\ semester\ without\ mutating\ checkpoint\ playback\ state\" 

 RUN  v4.1.0 /home/raed/projects/air-mentor-ui/air-mentor-api

 ↓ tests/admin-control-plane.test.ts > admin control plane routes > rejects assigning a second active owner to the same offering
 ↓ tests/admin-control-plane.test.ts > admin control plane routes > limits HoD faculty profile access to supervised departments and branches
 ↓ tests/admin-control-plane.test.ts > admin control plane routes > propagates admin-created faculty records into teaching login, bootstrap, and faculty profile
 ↓ tests/admin-control-plane.test.ts > admin control plane routes > previews and bulk-applies mentor assignment changes with confirmation, audit detail, and mentor-surface parity
 ↓ tests/admin-control-plane.test.ts > admin control plane routes > runs the proof control plane end to end and exposes proof operations on the faculty profile
 ✓ tests/admin-control-plane.test.ts > admin control plane routes > activates a proof operational semester without mutating checkpoint playback state 79080ms
 × tests/admin-control-plane.test.ts > admin control plane routes > re-activates proof semesters without duplicating the published operational projection 8869ms
   → expected { transcriptTermCount: 600, …(3) } to deeply equal { transcriptTermCount: 600, …(3) }
 ↓ tests/admin-control-plane.test.ts > admin control plane routes > re-seeds proof batch routes after the canonical batch disappears
 ↓ tests/admin-control-plane.test.ts > admin control plane routes > recomputes the seeded baseline active proof run when it starts without checkpoints
 ↓ tests/admin-control-plane.test.ts > admin control plane routes > supports reminders and audit search across admin-managed entities
 ↓ tests/admin-control-plane.test.ts > admin control plane routes > soft-deleting a faculty cascades appointments, permissions, ownerships, and mentor links out of the live teaching surface
 ↓ tests/admin-control-plane.test.ts > admin control plane routes > previews and applies scoped mentor bulk assignment with confirmation and audit coverage
 ↓ tests/admin-control-plane.test.ts > admin control plane routes > enforces the faculty timetable direct-edit window while keeping markers editable and reflected in teaching profile status
 ↓ tests/admin-control-plane.test.ts > admin control plane routes > serves HoD proof analytics from the active proof run with faculty-profile parity and deterministic filters
 ↓ tests/admin-control-plane.test.ts > admin control plane routes > scopes faculty proof operations to the active teaching role so proof links stay reachable
 ↓ tests/admin-control-plane.test.ts > admin control plane routes > returns an empty HoD proof surface outside the supervised proof branch

⎯⎯⎯⎯⎯⎯⎯ Failed Tests 1 ⎯⎯⎯⎯⎯⎯⎯

 FAIL  tests/admin-control-plane.test.ts > admin control plane routes > re-activates proof semesters without duplicating the published operational projection
AssertionError: expected { transcriptTermCount: 600, …(3) } to deeply equal { transcriptTermCount: 600, …(3) }

- Expected
+ Received

  {
-   "assessmentCount": 2160,
-   "attendanceCount": 0,
+   "assessmentCount": 3600,
+   "attendanceCount": 720,
    "transcriptSubjectCount": 3600,
    "transcriptTermCount": 600,
  }

 ❯ tests/admin-control-plane.test.ts:1132:37
    1130|     })
    1131|
    1132|     const restoreSemesterSix = await current.app.inject({
       |                                     ^
    1133|       method: 'POST',
    1134|       url: `/api/admin/proof-runs/${activeRunId}/activate-semester`,

⎯⎯⎯⎯⎯⎯⎯⎯⎯⎯⎯⎯⎯⎯⎯⎯⎯⎯⎯⎯⎯⎯⎯⎯[1/1]⎯


 Test Files  1 failed (1)
      Tests  1 failed | 1 passed | 14 skipped (16)
   Start at  02:03:12
   Duration  89.73s (transform 993ms, setup 0ms, import 1.65s, tests 87.95s, environment 0ms)

